<?xml version="1.0" encoding="utf-8"?><testsuites name="pytest tests"><testsuite name="pytest" errors="15" failures="272" skipped="62" tests="1552" time="105.045" timestamp="2025-12-20T14:45:56.301376+00:00" hostname="wekabeka-FZ55-2"><testcase classname="" name="tests.domains.test_risk_strategy_fsm" time="0.000"><skipped message="collection skipped">('/home/wekabeka/Музыка/Phenix/tests/domains/test_risk_strategy_fsm.py', 6, 'Skipped: Risk strategy FSM test requires complex mocking')</skipped></testcase><testcase classname="" name="tests.domains.test_sizing_matrix" time="0.000"><skipped message="collection skipped">('/home/wekabeka/Музыка/Phenix/tests/domains/test_sizing_matrix.py', 10, 'Skipped: Sizing matrix tests require complex decision making setup')</skipped></testcase><testcase classname="" name="tests.idempotency" time="0.000"><skipped message="collection skipped">('/home/wekabeka/Музыка/Phenix/tests/idempotency/__init__.py', 3, 'Skipped: Idempotency tests - complex distributed setup')</skipped></testcase><testcase classname="" name="tests.test_cli_shadow" time="0.000"><skipped message="collection skipped">('/home/wekabeka/Музыка/Phenix/tests/test_cli_shadow.py', 12, 'Skipped: CLI module not implemented')</skipped></testcase><testcase classname="" name="tests.test_config_migration_validation" time="0.000"><skipped message="collection skipped">('/home/wekabeka/Музыка/Phenix/tests/test_config_migration_validation.py', 17, 'Skipped: Config migration validation - style check')</skipped></testcase><testcase classname="" name="tests.test_feature_collection" time="0.000"><skipped message="collection skipped">('/home/wekabeka/Музыка/Phenix/tests/test_feature_collection.py', 10, 'Skipped: live Binance websocket test (set RUN_LIVE_TESTS=1 to enable)')</skipped></testcase><testcase classname="" name="tests.test_feature_store" time="0.000"><skipped message="collection skipped">('/home/wekabeka/Музыка/Phenix/tests/test_feature_store.py', 12, 'Skipped: DuckDB API compatibility issues with INSERT OR REPLACE')</skipped></testcase><testcase classname="" name="tests.test_feature_store_multitimeframe" time="0.000"><skipped message="collection skipped">('/home/wekabeka/Музыка/Phenix/tests/test_feature_store_multitimeframe.py', 13, 'Skipped: Feature Store multi-timeframe - DuckDB API issues')</skipped></testcase><testcase classname="tests.adapters.test_binance_adapter.TestBinanceAdapterQuantizeQuantity" name="test_quantize_basic[asyncio]" time="0.104" /><testcase classname="tests.adapters.test_binance_adapter.TestBinanceAdapterQuantizeQuantity" name="test_quantize_rounds_down[asyncio]" time="0.018" /><testcase classname="tests.adapters.test_binance_adapter.TestBinanceAdapterQuantizeQuantity" name="test_quantize_below_min_notional[asyncio]" time="0.017" /><testcase classname="tests.adapters.test_binance_adapter.TestBinanceAdapterQuantizeQuantity" name="test_quantize_below_min_qty[asyncio]" time="0.018" /><testcase classname="tests.adapters.test_binance_adapter.TestBinanceAdapterQuantizeQuantity" name="test_quantize_zero_after_rounding[asyncio]" time="0.018" /><testcase classname="tests.adapters.test_binance_adapter.TestBinanceAdapterQuantizeQuantity" name="test_symbol_not_found[asyncio]" time="0.018" /><testcase classname="tests.adapters.test_binance_adapter.TestBinanceAdapterRequest" name="test_request_success[asyncio]" time="0.002" /><testcase classname="tests.adapters.test_binance_adapter.TestBinanceAdapterRequest" name="test_request_json_error_body[asyncio]" time="0.000"><skipped type="pytest.skip" message="Test has state conflicts in full test suite - run separately">/home/wekabeka/Музыка/Phenix/tests/adapters/test_binance_adapter.py:160: Test has state conflicts in full test suite - run separately</skipped></testcase><testcase classname="tests.adapters.test_binance_adapter.TestBinanceAdapterRequest" name="test_request_retry_on_1021[asyncio]" time="0.002" /><testcase classname="tests.adapters.test_binance_adapter.TestBinanceAdapterRequest" name="test_request_retry_on_1022[asyncio]" time="0.002" /><testcase classname="tests.adapters.test_binance_adapter.TestBinanceAdapterRequest" name="test_request_no_retry_on_other_errors[asyncio]" time="0.000"><skipped type="pytest.skip" message="Test has state conflicts in full test suite - run separately">/home/wekabeka/Музыка/Phenix/tests/adapters/test_binance_adapter.py:224: Test has state conflicts in full test suite - run separately</skipped></testcase><testcase classname="tests.api.test_api_health" name="test_production_health_endpoint_returns_healthy" time="0.005" /><testcase classname="tests.api.test_api_main.TestApiInitialization" name="test_development_mode_imports_debug_api" time="0.001" /><testcase classname="tests.api.test_api_main.TestApiInitialization" name="test_production_mode_creates_clean_api" time="0.002" /><testcase classname="tests.api.test_api_main.TestApiInitialization" name="test_default_development_mode" time="0.001" /><testcase classname="tests.api.test_api_main.TestApiInitialization" name="test_production_mode_case_insensitive" time="0.002" /><testcase classname="tests.api.test_api_security" name="test_debug_api_is_disabled_in_production" time="0.004" /><testcase classname="tests.api.test_api_security" name="test_debug_api_is_enabled_in_development" time="0.029" /><testcase classname="tests.api.test_api_security" name="test_default_env_is_development" time="0.011" /><testcase classname="tests.bugfixes.test_p1_002_adapter_precision" name="test_decimal_precision_is_preserved_on_response" time="0.005" /><testcase classname="tests.config.test_config_symbols_one_truth.TestConfigSymbolsOneTruth" name="test_get_trading_symbols_uses_only_get_config" time="0.001" /><testcase classname="tests.config.test_config_symbols_one_truth.TestConfigSymbolsOneTruth" name="test_get_trading_symbols_fails_without_config" time="0.001" /><testcase classname="tests.config.test_config_symbols_one_truth.TestConfigSymbolsOneTruth" name="test_get_trading_symbols_fails_on_empty_instruments" time="0.001" /><testcase classname="tests.config.test_config_symbols_one_truth.TestConfigSymbolsOneTruth" name="test_get_symbol_config_uses_only_get_config" time="0.001" /><testcase classname="tests.config.test_config_symbols_one_truth.TestConfigSymbolsOneTruth" name="test_get_symbol_config_returns_none_for_missing_symbol" time="0.001" /><testcase classname="tests.config.test_config_symbols_one_truth.TestConfigSymbolsOneTruth" name="test_validate_symbol_uses_get_trading_symbols" time="0.001" /><testcase classname="tests.config.test_feature_engineering_strict_extra_forbid" name="test_feature_engineering_config_extra_forbid" time="0.001" /><testcase classname="tests.config.test_features_yaml_deprecated_strict.TestFeaturesYamlDeprecated" name="test_features_yaml_exists_strict_mode_crashes" time="0.029" /><testcase classname="tests.config.test_features_yaml_deprecated_strict.TestFeaturesYamlDeprecated" name="test_features_yaml_exists_non_strict_still_fails" time="0.024" /><testcase classname="tests.config.test_features_yaml_deprecated_strict.TestFeaturesYamlDeprecated" name="test_features_yaml_missing_no_error" time="0.042" /><testcase classname="tests.config.test_loader_rejects_config_meta_keys" name="test_loader_rejects_config_prefix_keys" time="0.041" /><testcase classname="tests.config.test_mr_trading_yaml_deprecated_strict.TestMeanReversionTradingYamlDeprecated" name="test_mr_in_trading_yaml_strict_mode_crashes" time="0.037" /><testcase classname="tests.config.test_mr_trading_yaml_deprecated_strict.TestMeanReversionTradingYamlDeprecated" name="test_mr_in_trading_yaml_non_strict_still_fails" time="0.037" /><testcase classname="tests.config.test_mr_trading_yaml_deprecated_strict.TestMeanReversionTradingYamlDeprecated" name="test_no_mr_in_trading_yaml_ok" time="0.055" /><testcase classname="tests.config.test_mr_trading_yaml_deprecated_strict.TestMeanReversionTradingYamlDeprecated" name="test_mr_profile_loaded_when_assigned" time="0.108" /><testcase classname="tests.config.test_mr_trading_yaml_deprecated_strict.TestMeanReversionTradingYamlDeprecated" name="test_mr_profile_missing_when_assigned_fails" time="0.040" /><testcase classname="tests.config.test_no_defaults_in_config_models" name="test_inventory_defaults_tool_works" time="0.047"><failure message="AssertionError: assert {('AuroraConf...models'), ...} == {('AuroraConf..., 'trailing')}&#10;  &#10;  Extra items in the left set:&#10;  ('SystemMetaConfig', 'system_config_version')&#10;  ('AuroraConfig', 'strategies_registry')&#10;  ('DecisionConfig', 'symbols_to_track')&#10;  ('SystemMetaConfig', 'regime_config_version')&#10;  ('ExecutionConfig', 'order_guardian')...&#10;  &#10;  ...Full output truncated (9 lines hidden), use '-vv' to show">tests/config/test_no_defaults_in_config_models.py:57: in test_inventory_defaults_tool_works
    assert found == allowed
E   AssertionError: assert {('AuroraConf...models'), ...} == {('AuroraConf..., 'trailing')}
E     
E     Extra items in the left set:
E     ('SystemMetaConfig', 'system_config_version')
E     ('AuroraConfig', 'strategies_registry')
E     ('DecisionConfig', 'symbols_to_track')
E     ('SystemMetaConfig', 'regime_config_version')
E     ('ExecutionConfig', 'order_guardian')...
E     
E     ...Full output truncated (9 lines hidden), use '-vv' to show</failure></testcase><testcase classname="tests.config.test_optional_required_null_autofill" name="test_optional_required_null_autofill_enables_loader" time="0.782" /><testcase classname="tests.config.test_regime_yaml_strict_validation.TestRegimeYamlStrictValidation" name="test_valid_regime_yaml_loads_successfully" time="0.042" /><testcase classname="tests.config.test_regime_yaml_strict_validation.TestRegimeYamlStrictValidation" name="test_extra_key_in_regime_models_fails_validation" time="0.042" /><testcase classname="tests.config.test_regime_yaml_strict_validation.TestRegimeYamlStrictValidation" name="test_minimal_regime_yaml_loads" time="0.041" /><testcase classname="tests.config.test_root_forbid_extra_keys" name="test_root_rejects_unknown_key" time="0.042" /><testcase classname="tests.config.test_root_forbid_extra_keys" name="test_canonical_config_loads_strict" time="0.042" /><testcase classname="tests.config.test_strategies_registry_strict" name="test_strict_mode_fails_on_missing_strategies_yaml" time="0.024" /><testcase classname="tests.config.test_strategies_registry_strict" name="test_non_strict_mode_warns_on_missing_strategies_yaml" time="0.034" /><testcase classname="tests.config.test_strategies_registry_strict" name="test_strategies_yaml_extra_keys_fail_validation" time="0.034" /><testcase classname="tests.config.test_strategies_registry_strict" name="test_strategies_yaml_loads_successfully" time="0.041" /><testcase classname="tests.config.test_strategies_registry_strict" name="test_invalid_mode_fails_validation" time="0.034" /><testcase classname="tests.config.test_strategies_registry_strict" name="test_missing_priority_for_hybrid_symbol_fails" time="0.041" /><testcase classname="tests.config.test_strategy_profiles_registry_load.TestRegistryDrivenLoading" name="test_registry_driven_load_mean_reversion" time="0.041" /><testcase classname="tests.config.test_strategy_profiles_registry_load.TestRegistryDrivenLoading" name="test_assigned_strategy_missing_profile_fails" time="0.025" /><testcase classname="tests.config.test_strategy_profiles_registry_load.TestRegistryDrivenLoading" name="test_unassigned_strategy_profile_not_loaded" time="0.035" /><testcase classname="tests.config.test_strategy_profiles_registry_load.TestRegistryDrivenLoading" name="test_multiple_strategies_assigned_all_loaded" time="0.042" /><testcase classname="tests.config.test_strict_default_and_ci_gates" name="test_strict_mode_default_active" time="0.000" /><testcase classname="tests.config.test_strict_default_and_ci_gates" name="test_strict_mode_opt_out" time="0.000" /><testcase classname="tests.config.test_strict_default_and_ci_gates" name="test_strict_mode_explicit_enable" time="0.000" /><testcase classname="tests.config.test_strict_default_and_ci_gates" name="test_feature_engineering_in_trading_yaml_strict_crash" time="0.037" /><testcase classname="tests.config.test_strict_default_and_ci_gates" name="test_feature_engineering_in_trading_yaml_nonstrict_still_fails" time="0.038" /><testcase classname="tests.config.test_strict_default_and_ci_gates" name="test_clean_config_loads_in_strict_mode" time="0.042" /><testcase classname="tests.config.test_strict_default_and_ci_gates" name="test_fail_fast_missing_required_key_in_trading_yaml" time="0.056" /><testcase classname="tests.config.test_strict_default_and_ci_gates" name="test_sanity_features_yaml_deprecated_strict" time="0.024" /><testcase classname="tests.config.test_strict_default_and_ci_gates" name="test_sanity_mean_reversion_in_trading_yaml_strict" time="0.037" /><testcase classname="tests.config.test_strict_forbid_typos" name="test_trading_config_typos_fail_validation" time="0.011" /><testcase classname="tests.config.test_task28_hybrid_mode_config_contract" name="test_hybrid_mode_config_contract_mapping_and_credentials_present" time="0.041" /><testcase classname="tests.config.test_task28_schema_no_optional_required_trap" name="test_optional_fields_have_defaults_or_not_optional_for_root_blocks" time="0.000" /><testcase classname="tests.config.test_task28_schema_no_optional_required_trap" name="test_loader_does_not_inject_required_optional_keys_before_validation" time="0.073" /><testcase classname="tests.config.test_task28_schema_no_optional_required_trap" name="test_symbols_to_track_policy_is_explicit_and_deterministic" time="0.099" /><testcase classname="tests.config.test_task28_schema_no_optional_required_trap" name="test_guardian_migration_only_allowed_root_mutation" time="0.093" /><testcase classname="tests.config.test_timeframe_sec_ssot_precedence.TestTimeframeSecSSOTPrecedence" name="test_instrument_override_wins_over_profile" time="0.061" /><testcase classname="tests.config.test_timeframe_sec_ssot_precedence.TestTimeframeSecSSOTPrecedence" name="test_profile_used_when_no_instrument_override" time="0.062" /><testcase classname="tests.config.test_timeframe_sec_ssot_precedence.TestTimeframeSecSSOTPrecedence" name="test_missing_both_fails_closed" time="0.061" /><testcase classname="tests.config.test_toplevel_forbid_enforcement.TestTopLevelForbidEnforcement" name="test_decision_config_forbid_rejects_unknown_keys_strict" time="0.000" /><testcase classname="tests.config.test_toplevel_forbid_enforcement.TestTopLevelForbidEnforcement" name="test_manage_config_forbid_rejects_unknown_keys_strict" time="0.000" /><testcase classname="tests.config.test_toplevel_forbid_enforcement.TestTopLevelForbidEnforcement" name="test_execution_config_forbid_rejects_unknown_keys_strict" time="0.000" /><testcase classname="tests.config.test_toplevel_forbid_enforcement.TestTopLevelForbidEnforcement" name="test_market_data_config_forbid_rejects_unknown_keys_strict" time="0.000" /><testcase classname="tests.config.test_toplevel_forbid_enforcement.TestTopLevelForbidEnforcement" name="test_exposure_config_forbid_rejects_unknown_keys_strict" time="0.000" /><testcase classname="tests.config.test_toplevel_forbid_enforcement.TestExplicitFieldsPresent" name="test_decision_config_has_all_known_fields" time="0.000" /><testcase classname="tests.config.test_toplevel_forbid_enforcement.TestExplicitFieldsPresent" name="test_execution_config_has_all_known_fields" time="0.000" /><testcase classname="tests.config.test_toplevel_forbid_enforcement.TestExplicitFieldsPresent" name="test_exposure_config_has_all_known_fields" time="0.000" /><testcase classname="tests.config.test_toplevel_forbid_enforcement.TestExplicitFieldsPresent" name="test_market_data_config_has_all_known_fields" time="0.000" /><testcase classname="tests.config.test_toplevel_forbid_enforcement.TestDeprecatedFieldsOptional" name="test_decision_config_deprecated_fields_optional" time="0.000" /><testcase classname="tests.config.test_toplevel_forbid_enforcement.TestDeprecatedFieldsOptional" name="test_execution_config_deprecated_fields_optional" time="0.000" /><testcase classname="tests.config.test_typed_dict_any_configs.TestDecisionModeOverrides" name="test_decision_overrides_accept_consumed_keys_only" time="0.000" /><testcase classname="tests.config.test_typed_dict_any_configs.TestDecisionModeOverrides" name="test_decision_config_forbid_unknown_top_level" time="0.000" /><testcase classname="tests.config.test_typed_dict_any_configs.TestDecisionModeOverrides" name="test_decision_overrides_optional_ok" time="0.000" /><testcase classname="tests.config.test_typed_dict_any_configs.TestKlinesConfig" name="test_klines_config_accept_known_fields" time="0.000" /><testcase classname="tests.config.test_typed_dict_any_configs.TestKlinesConfig" name="test_klines_config_reject_unknown_fields" time="0.000" /><testcase classname="tests.config.test_typed_dict_any_configs.TestKlinesConfig" name="test_api_call_limits_uses_typed_klines" time="0.000" /><testcase classname="tests.config.test_typed_dict_any_configs.TestManageConfigTyped" name="test_emergency_config_strict_stub" time="0.000" /><testcase classname="tests.config.test_typed_dict_any_configs.TestManageConfigTyped" name="test_orphan_monitor_config_temporary_allow" time="0.000" /><testcase classname="tests.config.test_typed_dict_any_configs.TestManageConfigTyped" name="test_manage_config_forbid_unknown" time="0.000" /><testcase classname="tests.config.test_typed_dict_any_configs.TestExecutionConfigTyped" name="test_watchdog_config_typed" time="0.000" /><testcase classname="tests.config.test_typed_dict_any_configs.TestExecutionConfigTyped" name="test_watchdog_config_forbid_unknown" time="0.000" /><testcase classname="tests.config.test_typed_dict_any_configs.TestExecutionConfigTyped" name="test_execution_config_uses_typed_watchdog" time="0.000" /><testcase classname="tests.config.test_typed_dict_any_configs.TestExecutionConfigTyped" name="test_execution_config_forbid_unknown" time="0.000" /><testcase classname="tests.config.test_typed_dict_any_configs.TestE2ERegressionTypedConfigs" name="test_no_dict_any_in_decision_config" time="0.000" /><testcase classname="tests.config.test_typed_dict_any_configs.TestE2ERegressionTypedConfigs" name="test_no_dict_any_in_manage_config" time="0.000" /><testcase classname="tests.config.test_typed_dict_any_configs.TestE2ERegressionTypedConfigs" name="test_no_dict_any_in_execution_config" time="0.000" /><testcase classname="tests.config.test_typed_dict_any_configs.TestE2ERegressionTypedConfigs" name="test_no_dict_any_in_api_call_limits" time="0.000" /><testcase classname="tests.contracts.test_intent_deferred_schema_additive" name="test_legacy_payload_is_valid" time="0.001" /><testcase classname="tests.contracts.test_intent_deferred_schema_additive" name="test_v1_payload_is_valid" time="0.001" /><testcase classname="tests.contracts.test_intent_deferred_schema_additive" name="test_retry_key_payload_requires_v1_fields" time="0.001" /><testcase classname="tests.contracts.test_regime_detector_contract" name="test_emitted_event_conforms_to_schema[features_payload0-TREND_UP]" time="0.000"><error message="failed on setup with &quot;TypeError: RegimeDetector requires AuroraConfig, got dict&quot;">tests/contracts/test_regime_detector_contract.py:63: in regime_detector
    detector = RegimeDetector(config=config, fsm=mock_fsm)
               ^^^^^^^^^^^^^^^^^^^^^^^^^^^^^^^^^^^^^^^^^^^
apps/reference/domains/regime_detector/regime_detector.py:46: in __init__
    raise TypeError("RegimeDetector requires AuroraConfig, got dict")
E   TypeError: RegimeDetector requires AuroraConfig, got dict</error></testcase><testcase classname="tests.contracts.test_regime_detector_contract" name="test_emitted_event_conforms_to_schema[features_payload1-TREND_DOWN]" time="0.000"><error message="failed on setup with &quot;TypeError: RegimeDetector requires AuroraConfig, got dict&quot;">tests/contracts/test_regime_detector_contract.py:63: in regime_detector
    detector = RegimeDetector(config=config, fsm=mock_fsm)
               ^^^^^^^^^^^^^^^^^^^^^^^^^^^^^^^^^^^^^^^^^^^
apps/reference/domains/regime_detector/regime_detector.py:46: in __init__
    raise TypeError("RegimeDetector requires AuroraConfig, got dict")
E   TypeError: RegimeDetector requires AuroraConfig, got dict</error></testcase><testcase classname="tests.contracts.test_regime_detector_contract" name="test_emitted_event_conforms_to_schema[features_payload2-MEAN_REVERSION]" time="0.000"><error message="failed on setup with &quot;TypeError: RegimeDetector requires AuroraConfig, got dict&quot;">tests/contracts/test_regime_detector_contract.py:63: in regime_detector
    detector = RegimeDetector(config=config, fsm=mock_fsm)
               ^^^^^^^^^^^^^^^^^^^^^^^^^^^^^^^^^^^^^^^^^^^
apps/reference/domains/regime_detector/regime_detector.py:46: in __init__
    raise TypeError("RegimeDetector requires AuroraConfig, got dict")
E   TypeError: RegimeDetector requires AuroraConfig, got dict</error></testcase><testcase classname="tests.contracts.test_regime_detector_contract" name="test_emitted_event_conforms_to_schema[features_payload3-HIGH_VOLATILITY]" time="0.000"><skipped type="pytest.skip" message="Detector thresholds need tuning">/home/wekabeka/Музыка/Phenix/tests/contracts/test_regime_detector_contract.py:68: Detector thresholds need tuning</skipped></testcase><testcase classname="tests.contracts.test_regime_detector_contract" name="test_emitted_event_conforms_to_schema[features_payload4-LOW_VOLATILITY]" time="0.000"><skipped type="pytest.skip" message="Detector thresholds need tuning">/home/wekabeka/Музыка/Phenix/tests/contracts/test_regime_detector_contract.py:68: Detector thresholds need tuning</skipped></testcase><testcase classname="tests.contracts.test_regime_detector_contract" name="test_all_regime_types_covered_in_schema" time="0.000" /><testcase classname="tests.contracts.test_regime_detector_contract" name="test_schema_file_exists_and_valid" time="0.000" /><testcase classname="tests.domains.decision_making.test_btc_arbitration_deterministic" name="test_btc_aurora_signal_passes_arbitration" time="0.002"><failure message="AttributeError: Mock object has no attribute 'trading'">tests/domains/decision_making/test_btc_arbitration_deterministic.py:84: in test_btc_aurora_signal_passes_arbitration
    dm = DecisionMaking(fsm=mock_fsm, config=mock_config)
         ^^^^^^^^^^^^^^^^^^^^^^^^^^^^^^^^^^^^^^^^^^^^^^^^
apps/reference/domains/decision_making/decision_making.py:197: in __init__
    trading_config = self.config.trading
                     ^^^^^^^^^^^^^^^^^^^
/usr/lib/python3.12/unittest/mock.py:658: in __getattr__
    raise AttributeError("Mock object has no attribute %r" % name)
E   AttributeError: Mock object has no attribute 'trading'</failure></testcase><testcase classname="tests.domains.decision_making.test_btc_arbitration_deterministic" name="test_btc_mean_reversion_signal_blocked_by_arbitration" time="0.002"><failure message="AttributeError: Mock object has no attribute 'trading'">tests/domains/decision_making/test_btc_arbitration_deterministic.py:97: in test_btc_mean_reversion_signal_blocked_by_arbitration
    dm = DecisionMaking(fsm=mock_fsm, config=mock_config)
         ^^^^^^^^^^^^^^^^^^^^^^^^^^^^^^^^^^^^^^^^^^^^^^^^
apps/reference/domains/decision_making/decision_making.py:197: in __init__
    trading_config = self.config.trading
                     ^^^^^^^^^^^^^^^^^^^
/usr/lib/python3.12/unittest/mock.py:658: in __getattr__
    raise AttributeError("Mock object has no attribute %r" % name)
E   AttributeError: Mock object has no attribute 'trading'</failure></testcase><testcase classname="tests.domains.decision_making.test_btc_arbitration_deterministic" name="test_btc_arbitration_reason_format" time="0.001"><failure message="AttributeError: Mock object has no attribute 'trading'">tests/domains/decision_making/test_btc_arbitration_deterministic.py:109: in test_btc_arbitration_reason_format
    dm = DecisionMaking(fsm=mock_fsm, config=mock_config)
         ^^^^^^^^^^^^^^^^^^^^^^^^^^^^^^^^^^^^^^^^^^^^^^^^
apps/reference/domains/decision_making/decision_making.py:197: in __init__
    trading_config = self.config.trading
                     ^^^^^^^^^^^^^^^^^^^
/usr/lib/python3.12/unittest/mock.py:658: in __getattr__
    raise AttributeError("Mock object has no attribute %r" % name)
E   AttributeError: Mock object has no attribute 'trading'</failure></testcase><testcase classname="tests.domains.decision_making.test_btc_arbitration_deterministic" name="test_eth_aurora_only_always_passes" time="0.001"><failure message="AttributeError: Mock object has no attribute 'trading'">tests/domains/decision_making/test_btc_arbitration_deterministic.py:123: in test_eth_aurora_only_always_passes
    dm = DecisionMaking(fsm=mock_fsm, config=mock_config)
         ^^^^^^^^^^^^^^^^^^^^^^^^^^^^^^^^^^^^^^^^^^^^^^^^
apps/reference/domains/decision_making/decision_making.py:197: in __init__
    trading_config = self.config.trading
                     ^^^^^^^^^^^^^^^^^^^
/usr/lib/python3.12/unittest/mock.py:658: in __getattr__
    raise AttributeError("Mock object has no attribute %r" % name)
E   AttributeError: Mock object has no attribute 'trading'</failure></testcase><testcase classname="tests.domains.decision_making.test_btc_arbitration_deterministic" name="test_doge_mr_only_always_passes" time="0.001"><failure message="AttributeError: Mock object has no attribute 'trading'">tests/domains/decision_making/test_btc_arbitration_deterministic.py:133: in test_doge_mr_only_always_passes
    dm = DecisionMaking(fsm=mock_fsm, config=mock_config)
         ^^^^^^^^^^^^^^^^^^^^^^^^^^^^^^^^^^^^^^^^^^^^^^^^
apps/reference/domains/decision_making/decision_making.py:197: in __init__
    trading_config = self.config.trading
                     ^^^^^^^^^^^^^^^^^^^
/usr/lib/python3.12/unittest/mock.py:658: in __getattr__
    raise AttributeError("Mock object has no attribute %r" % name)
E   AttributeError: Mock object has no attribute 'trading'</failure></testcase><testcase classname="tests.domains.decision_making.test_btc_arbitration_deterministic" name="test_arbitration_deterministic_repeated_calls" time="0.002"><failure message="AttributeError: Mock object has no attribute 'trading'">tests/domains/decision_making/test_btc_arbitration_deterministic.py:145: in test_arbitration_deterministic_repeated_calls
    dm = DecisionMaking(fsm=mock_fsm, config=mock_config)
         ^^^^^^^^^^^^^^^^^^^^^^^^^^^^^^^^^^^^^^^^^^^^^^^^
apps/reference/domains/decision_making/decision_making.py:197: in __init__
    trading_config = self.config.trading
                     ^^^^^^^^^^^^^^^^^^^
/usr/lib/python3.12/unittest/mock.py:658: in __getattr__
    raise AttributeError("Mock object has no attribute %r" % name)
E   AttributeError: Mock object has no attribute 'trading'</failure></testcase><testcase classname="tests.domains.decision_making.test_btc_arbitration_deterministic" name="test_no_registry_no_arbitration" time="0.001"><failure message="AttributeError: Mock object has no attribute 'trading'">tests/domains/decision_making/test_btc_arbitration_deterministic.py:168: in test_no_registry_no_arbitration
    dm = DecisionMaking(fsm=mock_fsm, config=mock_config)
         ^^^^^^^^^^^^^^^^^^^^^^^^^^^^^^^^^^^^^^^^^^^^^^^^
apps/reference/domains/decision_making/decision_making.py:197: in __init__
    trading_config = self.config.trading
                     ^^^^^^^^^^^^^^^^^^^
/usr/lib/python3.12/unittest/mock.py:658: in __getattr__
    raise AttributeError("Mock object has no attribute %r" % name)
E   AttributeError: Mock object has no attribute 'trading'</failure></testcase><testcase classname="tests.domains.decision_making.test_btc_arbitration_deterministic" name="test_unassigned_strategy_blocked" time="0.002"><failure message="AttributeError: Mock object has no attribute 'trading'">tests/domains/decision_making/test_btc_arbitration_deterministic.py:182: in test_unassigned_strategy_blocked
    dm = DecisionMaking(fsm=mock_fsm, config=mock_config)
         ^^^^^^^^^^^^^^^^^^^^^^^^^^^^^^^^^^^^^^^^^^^^^^^^
apps/reference/domains/decision_making/decision_making.py:197: in __init__
    trading_config = self.config.trading
                     ^^^^^^^^^^^^^^^^^^^
/usr/lib/python3.12/unittest/mock.py:658: in __getattr__
    raise AttributeError("Mock object has no attribute %r" % name)
E   AttributeError: Mock object has no attribute 'trading'</failure></testcase><testcase classname="tests.domains.decision_making.test_btc_arbitration_deterministic" name="test_unknown_symbol_blocks_all_strategies" time="0.001"><failure message="AttributeError: Mock object has no attribute 'trading'">tests/domains/decision_making/test_btc_arbitration_deterministic.py:196: in test_unknown_symbol_blocks_all_strategies
    dm = DecisionMaking(fsm=mock_fsm, config=mock_config)
         ^^^^^^^^^^^^^^^^^^^^^^^^^^^^^^^^^^^^^^^^^^^^^^^^
apps/reference/domains/decision_making/decision_making.py:197: in __init__
    trading_config = self.config.trading
                     ^^^^^^^^^^^^^^^^^^^
/usr/lib/python3.12/unittest/mock.py:658: in __getattr__
    raise AttributeError("Mock object has no attribute %r" % name)
E   AttributeError: Mock object has no attribute 'trading'</failure></testcase><testcase classname="tests.domains.decision_making.test_btc_arbitration_deterministic" name="test_mr_gateway_integration_blocks_btc" time="0.001"><failure message="AttributeError: Mock object has no attribute 'trading'">tests/domains/decision_making/test_btc_arbitration_deterministic.py:209: in test_mr_gateway_integration_blocks_btc
    dm = DecisionMaking(fsm=mock_fsm, config=mock_config)
         ^^^^^^^^^^^^^^^^^^^^^^^^^^^^^^^^^^^^^^^^^^^^^^^^
apps/reference/domains/decision_making/decision_making.py:197: in __init__
    trading_config = self.config.trading
                     ^^^^^^^^^^^^^^^^^^^
/usr/lib/python3.12/unittest/mock.py:658: in __getattr__
    raise AttributeError("Mock object has no attribute %r" % name)
E   AttributeError: Mock object has no attribute 'trading'</failure></testcase><testcase classname="tests.domains.decision_making.test_btc_arbitration_deterministic" name="test_aurora_propose_intent_integration_allows_btc" time="0.001"><failure message="AttributeError: Mock object has no attribute 'trading'">tests/domains/decision_making/test_btc_arbitration_deterministic.py:229: in test_aurora_propose_intent_integration_allows_btc
    dm = DecisionMaking(fsm=mock_fsm, config=mock_config)
         ^^^^^^^^^^^^^^^^^^^^^^^^^^^^^^^^^^^^^^^^^^^^^^^^
apps/reference/domains/decision_making/decision_making.py:197: in __init__
    trading_config = self.config.trading
                     ^^^^^^^^^^^^^^^^^^^
/usr/lib/python3.12/unittest/mock.py:658: in __getattr__
    raise AttributeError("Mock object has no attribute %r" % name)
E   AttributeError: Mock object has no attribute 'trading'</failure></testcase><testcase classname="tests.domains.decision_making.test_btc_arbitration_deterministic" name="test_unknown_mode_blocks_all_strategies" time="0.002"><failure message="AttributeError: Mock object has no attribute 'trading'">tests/domains/decision_making/test_btc_arbitration_deterministic.py:254: in test_unknown_mode_blocks_all_strategies
    dm = DecisionMaking(fsm=mock_fsm, config=mock_config)
         ^^^^^^^^^^^^^^^^^^^^^^^^^^^^^^^^^^^^^^^^^^^^^^^^
apps/reference/domains/decision_making/decision_making.py:197: in __init__
    trading_config = self.config.trading
                     ^^^^^^^^^^^^^^^^^^^
/usr/lib/python3.12/unittest/mock.py:658: in __getattr__
    raise AttributeError("Mock object has no attribute %r" % name)
E   AttributeError: Mock object has no attribute 'trading'</failure></testcase><testcase classname="tests.domains.decision_making.test_btc_arbitration_deterministic" name="test_missing_priority_blocks_strategy_runtime" time="0.002"><failure message="AttributeError: Mock object has no attribute 'trading'">tests/domains/decision_making/test_btc_arbitration_deterministic.py:281: in test_missing_priority_blocks_strategy_runtime
    dm = DecisionMaking(fsm=mock_fsm, config=mock_config)
         ^^^^^^^^^^^^^^^^^^^^^^^^^^^^^^^^^^^^^^^^^^^^^^^^
apps/reference/domains/decision_making/decision_making.py:197: in __init__
    trading_config = self.config.trading
                     ^^^^^^^^^^^^^^^^^^^
/usr/lib/python3.12/unittest/mock.py:658: in __getattr__
    raise AttributeError("Mock object has no attribute %r" % name)
E   AttributeError: Mock object has no attribute 'trading'</failure></testcase><testcase classname="tests.domains.risk_management.test_absorption_penalty_flag.TestAbsorptionConfigLoading" name="test_default_is_disabled" time="0.001"><failure message="AttributeError: Mock object has no attribute 'use_absorption_penalty'">tests/domains/risk_management/test_absorption_penalty_flag.py:117: in test_default_is_disabled
    rm = RiskManagement(mock_fsm, config)
         ^^^^^^^^^^^^^^^^^^^^^^^^^^^^^^^^
apps/reference/domains/risk_management/risk_management.py:84: in __init__
    self._use_absorption_penalty = self.domain_config.use_absorption_penalty
                                   ^^^^^^^^^^^^^^^^^^^^^^^^^^^^^^^^^^^^^^^^^
/usr/lib/python3.12/unittest/mock.py:658: in __getattr__
    raise AttributeError("Mock object has no attribute %r" % name)
E   AttributeError: Mock object has no attribute 'use_absorption_penalty'</failure></testcase><testcase classname="tests.domains.risk_management.test_absorption_penalty_flag.TestAbsorptionConfigLoading" name="test_config_true_is_enabled" time="0.001" /><testcase classname="tests.domains.risk_management.test_absorption_penalty_flag.TestAbsorptionConfigLoading" name="test_config_false_is_disabled" time="0.002" /><testcase classname="tests.domains.risk_management.test_absorption_penalty_flag.TestAbsorptionImpactOnRiskScore" name="test_absorption_enabled_affects_score" time="0.002" /><testcase classname="tests.domains.risk_management.test_absorption_penalty_flag.TestAbsorptionImpactOnRiskScore" name="test_absorption_disabled_no_penalty" time="0.002" /><testcase classname="tests.domains.risk_management.test_absorption_penalty_flag.TestAbsorptionImpactOnRiskScore" name="test_default_config_placeholder_absorption_does_not_change_score" time="0.001"><failure message="AttributeError: Mock object has no attribute 'use_absorption_penalty'">tests/domains/risk_management/test_absorption_penalty_flag.py:193: in test_default_config_placeholder_absorption_does_not_change_score
    rm = RiskManagement(mock_fsm, config)
         ^^^^^^^^^^^^^^^^^^^^^^^^^^^^^^^^
apps/reference/domains/risk_management/risk_management.py:84: in __init__
    self._use_absorption_penalty = self.domain_config.use_absorption_penalty
                                   ^^^^^^^^^^^^^^^^^^^^^^^^^^^^^^^^^^^^^^^^^
/usr/lib/python3.12/unittest/mock.py:658: in __getattr__
    raise AttributeError("Mock object has no attribute %r" % name)
E   AttributeError: Mock object has no attribute 'use_absorption_penalty'</failure></testcase><testcase classname="tests.domains.risk_management.test_absorption_penalty_flag.TestNoRescaleOnAbsorptionDisable" name="test_other_weights_unchanged" time="0.003" /><testcase classname="tests.domains.risk_management.test_absorption_penalty_flag.TestNoRescaleOnAbsorptionDisable" name="test_difference_only_in_absorption_term" time="0.004" /><testcase classname="tests.domains.risk_management.test_absorption_penalty_flag.TestAbsorptionDeprecationRegression" name="test_enabled_flag_is_backward_compatible" time="0.001" /><testcase classname="tests.domains.risk_management.test_absorption_penalty_flag.TestAbsorptionDeprecationRegression" name="test_disabled_does_not_break_trading_allowed" time="0.002" /><testcase classname="tests.domains.test_account_connector_coverage_gaps" name="test_fetch_handles_non_list_balance_response" time="0.001"><failure message="TypeError: AccountConnector requires AuroraConfig, got dict">tests/domains/test_account_connector_coverage_gaps.py:45: in test_fetch_handles_non_list_balance_response
    connector = AccountConnector(fsm=mock_fsm, config=mock_config)
                ^^^^^^^^^^^^^^^^^^^^^^^^^^^^^^^^^^^^^^^^^^^^^^^^^^
apps/reference/domains/account_balance/account_connector.py:45: in __init__
    raise TypeError("AccountConnector requires AuroraConfig, got dict")
E   TypeError: AccountConnector requires AuroraConfig, got dict</failure></testcase><testcase classname="tests.domains.test_account_connector_coverage_gaps" name="test_fetch_handles_non_list_positions_response" time="0.001"><failure message="TypeError: AccountConnector requires AuroraConfig, got dict">tests/domains/test_account_connector_coverage_gaps.py:74: in test_fetch_handles_non_list_positions_response
    connector = AccountConnector(fsm=mock_fsm, config=mock_config)
                ^^^^^^^^^^^^^^^^^^^^^^^^^^^^^^^^^^^^^^^^^^^^^^^^^^
apps/reference/domains/account_balance/account_connector.py:45: in __init__
    raise TypeError("AccountConnector requires AuroraConfig, got dict")
E   TypeError: AccountConnector requires AuroraConfig, got dict</failure></testcase><testcase classname="tests.domains.test_account_connector_empty_positions" name="test_fetch_handles_empty_positions_response" time="0.001"><failure message="TypeError: AccountConnector requires AuroraConfig, got dict">tests/domains/test_account_connector_empty_positions.py:43: in test_fetch_handles_empty_positions_response
    connector = AccountConnector(fsm=mock_fsm, config=mock_config)
                ^^^^^^^^^^^^^^^^^^^^^^^^^^^^^^^^^^^^^^^^^^^^^^^^^^
apps/reference/domains/account_balance/account_connector.py:45: in __init__
    raise TypeError("AccountConnector requires AuroraConfig, got dict")
E   TypeError: AccountConnector requires AuroraConfig, got dict</failure></testcase><testcase classname="tests.domains.test_account_observer.TestAccountObserver" name="test_init_success" time="0.001"><failure message="TypeError: AccountObserver requires AuroraConfig, got dict">tests/domains/test_account_observer.py:32: in test_init_success
    observer = AccountObserver(mock_fsm, mock_config)
               ^^^^^^^^^^^^^^^^^^^^^^^^^^^^^^^^^^^^^^
apps/reference/domains/account_observer/account_observer.py:50: in __init__
    raise TypeError("AccountObserver requires AuroraConfig, got dict")
E   TypeError: AccountObserver requires AuroraConfig, got dict</failure></testcase><testcase classname="tests.domains.test_account_observer.TestAccountObserver" name="test_init_missing_api_key" time="0.000"><failure message="TypeError: AccountObserver requires AuroraConfig, got dict">tests/domains/test_account_observer.py:49: in test_init_missing_api_key
    AccountObserver(mock_fsm, config)
apps/reference/domains/account_observer/account_observer.py:50: in __init__
    raise TypeError("AccountObserver requires AuroraConfig, got dict")
E   TypeError: AccountObserver requires AuroraConfig, got dict</failure></testcase><testcase classname="tests.domains.test_aurora_log_adapter" name="test_aurora_log_adapter_writes" time="0.102" /><testcase classname="tests.domains.test_bar_resampler.TestBar" name="test_bar_creation" time="0.001" /><testcase classname="tests.domains.test_bar_resampler.TestBar" name="test_bar_mid_property" time="0.001" /><testcase classname="tests.domains.test_bar_resampler.TestBar" name="test_bar_range_pct" time="0.001" /><testcase classname="tests.domains.test_bar_resampler.TestBar" name="test_bar_bullish_bearish" time="0.001" /><testcase classname="tests.domains.test_bar_resampler.TestBarResampler" name="test_init_default" time="0.001" /><testcase classname="tests.domains.test_bar_resampler.TestBarResampler" name="test_init_custom_timeframe" time="0.001" /><testcase classname="tests.domains.test_bar_resampler.TestBarResampler" name="test_init_invalid_timeframe" time="0.001" /><testcase classname="tests.domains.test_bar_resampler.TestBarResampler" name="test_first_tick_creates_bar" time="0.000" /><testcase classname="tests.domains.test_bar_resampler.TestBarResampler" name="test_ticks_within_same_bar_update_ohlcv" time="0.000" /><testcase classname="tests.domains.test_bar_resampler.TestBarResampler" name="test_bar_closes_on_new_period" time="0.000" /><testcase classname="tests.domains.test_bar_resampler.TestBarResampler" name="test_multiple_bars_close" time="0.000" /><testcase classname="tests.domains.test_bar_resampler.TestBarResampler" name="test_get_completed_bars" time="0.000" /><testcase classname="tests.domains.test_bar_resampler.TestBarResampler" name="test_get_closes" time="0.000" /><testcase classname="tests.domains.test_bar_resampler.TestBarResampler" name="test_force_close" time="0.000" /><testcase classname="tests.domains.test_bar_resampler.TestBarResampler" name="test_reset" time="0.000" /><testcase classname="tests.domains.test_bar_resampler.TestBarResampler" name="test_metrics" time="0.000" /><testcase classname="tests.domains.test_bar_resampler.TestBarResampler" name="test_bar_boundary_alignment" time="0.000" /><testcase classname="tests.domains.test_bar_resampler.TestBarResampler" name="test_max_bars_limit" time="0.000" /><testcase classname="tests.domains.test_bar_resampler.TestMultiSymbolBarResampler" name="test_multi_symbol_init" time="0.000" /><testcase classname="tests.domains.test_bar_resampler.TestMultiSymbolBarResampler" name="test_multi_symbol_separate_bars" time="0.000" /><testcase classname="tests.domains.test_bar_resampler.TestMultiSymbolBarResampler" name="test_multi_symbol_independent_close" time="0.000" /><testcase classname="tests.domains.test_bar_resampler.TestMultiSymbolBarResampler" name="test_multi_symbol_get_closes" time="0.000" /><testcase classname="tests.domains.test_bar_resampler.TestMultiSymbolBarResampler" name="test_multi_symbol_reset_all" time="0.000" /><testcase classname="tests.domains.test_bar_resampler.TestMultiSymbolBarResampler" name="test_multi_symbol_reset_single" time="0.000" /><testcase classname="tests.domains.test_bar_resampler.TestMultiSymbolBarResampler" name="test_multi_symbol_metrics" time="0.000" /><testcase classname="tests.domains.test_config_loader.TestConfigLoader" name="test_init_default_config_dir" time="0.002" /><testcase classname="tests.domains.test_config_loader.TestConfigLoader" name="test_init_custom_config_dir" time="0.003" /><testcase classname="tests.domains.test_config_loader.TestConfigLoader" name="test_load_yaml_success" time="0.003" /><testcase classname="tests.domains.test_config_loader.TestConfigLoader" name="test_load_yaml_file_not_found" time="0.003" /><testcase classname="tests.domains.test_config_loader.TestConfigLoader" name="test_load_yaml_no_yaml_support" time="0.003" /><testcase classname="tests.domains.test_config_loader.TestConfigLoader" name="test_get_env_var_with_default" time="0.003" /><testcase classname="tests.domains.test_config_loader.TestConfigLoader" name="test_get_env_var_required_missing" time="0.003" /><testcase classname="tests.domains.test_config_loader.TestConfigLoader" name="test_get_env_var_required_present" time="0.003" /><testcase classname="tests.domains.test_config_loader.TestConfigLoader" name="test_load_config_testnet_success" time="0.005" /><testcase classname="tests.domains.test_config_loader.TestConfigLoader" name="test_load_config_mainnet_success" time="0.004" /><testcase classname="tests.domains.test_config_loader.TestConfigLoader" name="test_load_config_mainnet_fallback_to_testnet" time="0.004" /><testcase classname="tests.domains.test_config_loader.TestConfigLoader" name="test_load_config_missing_required_keys" time="0.000"><skipped type="pytest.skip" message="Cannot test missing keys when real API keys are present in environment">/home/wekabeka/Музыка/Phenix/tests/domains/test_config_loader.py:200: Cannot test missing keys when real API keys are present in environment</skipped></testcase><testcase classname="tests.domains.test_config_loader.TestConfigLoader" name="test_get_trading_config" time="0.003" /><testcase classname="tests.domains.test_config_loader.TestConfigLoader" name="test_get_system_config" time="0.003" /><testcase classname="tests.domains.test_config_loader.TestAuroraConfig" name="test_aurora_config_creation" time="0.000" /><testcase classname="tests.domains.test_config_loader.TestAuroraConfig" name="test_aurora_config_to_dict" time="0.000" /><testcase classname="tests.domains.test_config_loader.TestGlobalConfigFunctions" name="test_get_config_returns_config_object" time="0.017" /><testcase classname="tests.domains.test_config_loader.TestGlobalConfigFunctions" name="test_reload_config_returns_new_config" time="0.032" /><testcase classname="tests.domains.test_contracts" name="test_validate_order_command_good_and_bad" time="0.016" /><testcase classname="tests.domains.test_decision_making_trade_intent_validation" name="test_validate_trade_intent_valid" time="0.001" /><testcase classname="tests.domains.test_decision_making_trade_intent_validation" name="test_validate_trade_intent_missing_instrument" time="0.000" /><testcase classname="tests.domains.test_decision_making_trade_intent_validation" name="test_validate_trade_intent_missing_side" time="0.000" /><testcase classname="tests.domains.test_drift_monitor" name="test_compute_drift_tp_and_fn_and_fp" time="0.000" /><testcase classname="tests.domains.test_drift_monitor" name="test_aggregate_drift_metrics" time="0.000" /><testcase classname="tests.domains.test_emergency_wait_mode" name="test_emergency_trips_and_wait_mode_blocks" time="0.000"><failure message="TypeError: ManageFlowFSM requires typed AuroraConfig, got dict">tests/domains/test_emergency_wait_mode.py:31: in test_emergency_trips_and_wait_mode_blocks
    fsm = ManageFlowFSM(config=cfg)
          ^^^^^^^^^^^^^^^^^^^^^^^^^
apps/reference/domains/execution_position/fsm_manage.py:99: in __init__
    raise TypeError("ManageFlowFSM requires typed AuroraConfig, got dict")
E   TypeError: ManageFlowFSM requires typed AuroraConfig, got dict</failure></testcase><testcase classname="tests.domains.test_execution_position_contracts.TestEnums" name="test_side_enum" time="0.000" /><testcase classname="tests.domains.test_execution_position_contracts.TestEnums" name="test_order_type_enum" time="0.000" /><testcase classname="tests.domains.test_execution_position_contracts.TestEnums" name="test_time_in_force_enum" time="0.000" /><testcase classname="tests.domains.test_execution_position_contracts.TestEnums" name="test_order_status_enum" time="0.000" /><testcase classname="tests.domains.test_execution_position_contracts.TestOrderPayloadValidation" name="test_valid_limit_order" time="0.000" /><testcase classname="tests.domains.test_execution_position_contracts.TestOrderPayloadValidation" name="test_valid_market_order" time="0.000" /><testcase classname="tests.domains.test_execution_position_contracts.TestOrderPayloadValidation" name="test_qty_validation_min" time="0.000" /><testcase classname="tests.domains.test_execution_position_contracts.TestOrderPayloadValidation" name="test_qty_validation_max" time="0.000" /><testcase classname="tests.domains.test_execution_position_contracts.TestOrderPayloadValidation" name="test_price_validation_min" time="0.000" /><testcase classname="tests.domains.test_execution_position_contracts.TestOrderPayloadValidation" name="test_price_validation_max" time="0.000" /><testcase classname="tests.domains.test_execution_position_contracts.TestOrderPayloadValidation" name="test_limit_order_requires_price" time="0.000" /><testcase classname="tests.domains.test_execution_position_contracts.TestOrderPayloadValidation" name="test_minimum_notional_validation" time="0.000" /><testcase classname="tests.domains.test_execution_position_contracts.TestOrderPayloadValidation" name="test_qty_quantization" time="0.000" /><testcase classname="tests.domains.test_execution_position_contracts.TestOrderPayloadValidation" name="test_price_quantization" time="0.000" /><testcase classname="tests.domains.test_execution_position_contracts.TestOrderPayloadValidation" name="test_qty_parsing_from_string" time="0.000" /><testcase classname="tests.domains.test_execution_position_contracts.TestOrderPayloadValidation" name="test_price_parsing_from_string" time="0.000" /><testcase classname="tests.domains.test_execution_position_contracts.TestOrderPayloadValidation" name="test_invalid_qty_string" time="0.000" /><testcase classname="tests.domains.test_execution_position_contracts.TestOrderPayloadValidation" name="test_invalid_price_string" time="0.000" /><testcase classname="tests.domains.test_execution_position_contracts.TestPositionPayloadValidation" name="test_valid_position_payload" time="0.000" /><testcase classname="tests.domains.test_execution_position_contracts.TestValidateOrderCommand" name="test_valid_command" time="0.000" /><testcase classname="tests.domains.test_execution_position_contracts.TestValidateOrderCommand" name="test_invalid_command_missing_symbol" time="0.000" /><testcase classname="tests.domains.test_execution_position_contracts.TestValidateOrderCommand" name="test_invalid_command_invalid_qty" time="0.000" /><testcase classname="tests.domains.test_execution_position_contracts.TestValidateOrderCommand" name="test_invalid_command_below_min_notional" time="0.000" /><testcase classname="tests.domains.test_execution_position_utils" name="test_rounding_quantize_stop_price_buy_sell" time="0.000" /><testcase classname="tests.domains.test_execution_position_utils" name="test_validate_anti_2021_adjusts_and_quantizes" time="0.000" /><testcase classname="tests.domains.test_execution_position_utils" name="test_generate_client_order_id_and_allowed_chars" time="0.000" /><testcase classname="tests.domains.test_execution_position_utils" name="test_to_float_and_calc_tp_sl_and_validate_not_immediate" time="0.000" /><testcase classname="tests.domains.test_execution_position_utils" name="test_to_float_errors" time="0.000" /><testcase classname="tests.domains.test_execution_position_utils" name="test_opposite_side" time="0.000" /><testcase classname="tests.domains.test_execution_position_utils.TestToFloat" name="test_float" time="0.000" /><testcase classname="tests.domains.test_execution_position_utils.TestToFloat" name="test_int" time="0.000" /><testcase classname="tests.domains.test_execution_position_utils.TestToFloat" name="test_decimal" time="0.000" /><testcase classname="tests.domains.test_execution_position_utils.TestToFloat" name="test_str" time="0.000" /><testcase classname="tests.domains.test_execution_position_utils.TestToFloat" name="test_dict_mark_price" time="0.000" /><testcase classname="tests.domains.test_execution_position_utils.TestToFloat" name="test_dict_price" time="0.000" /><testcase classname="tests.domains.test_execution_position_utils.TestToFloat" name="test_dict_last" time="0.000" /><testcase classname="tests.domains.test_execution_position_utils.TestToFloat" name="test_dict_last_price" time="0.000" /><testcase classname="tests.domains.test_execution_position_utils.TestToFloat" name="test_dict_index_price" time="0.000" /><testcase classname="tests.domains.test_execution_position_utils.TestToFloat" name="test_none_raises" time="0.000" /><testcase classname="tests.domains.test_execution_position_utils.TestToFloat" name="test_invalid_type_raises" time="0.000" /><testcase classname="tests.domains.test_execution_position_utils.TestCalcTpSlFromMark" name="test_long_basic" time="0.000" /><testcase classname="tests.domains.test_execution_position_utils.TestCalcTpSlFromMark" name="test_short_basic" time="0.000" /><testcase classname="tests.domains.test_execution_position_utils.TestCalcTpSlFromMark" name="test_long_with_tick_quantization" time="0.000" /><testcase classname="tests.domains.test_execution_position_utils.TestCalcTpSlFromMark" name="test_short_with_tick_quantization" time="0.000" /><testcase classname="tests.domains.test_execution_position_utils.TestCalcTpSlFromMark" name="test_long_anti_2021_passes" time="0.000" /><testcase classname="tests.domains.test_execution_position_utils.TestCalcTpSlFromMark" name="test_short_anti_2021_passes" time="0.000" /><testcase classname="tests.domains.test_execution_position_utils.TestCalcTpSlFromMark" name="test_long_anti_2021_fails" time="0.000" /><testcase classname="tests.domains.test_execution_position_utils.TestCalcTpSlFromMark" name="test_short_anti_2021_fails" time="0.000" /><testcase classname="tests.domains.test_execution_position_utils.TestCalcTpSlFromMark" name="test_mark_as_dict" time="0.000" /><testcase classname="tests.domains.test_execution_position_utils.TestCalcTpSlFromMark" name="test_bps_as_str" time="0.000" /><testcase classname="tests.domains.test_execution_position_utils.TestCalcTpSlFromMark" name="test_invalid_side" time="0.000" /><testcase classname="tests.domains.test_execution_position_utils.TestValidateNotImmediate" name="test_long_valid" time="0.000" /><testcase classname="tests.domains.test_execution_position_utils.TestValidateNotImmediate" name="test_short_valid" time="0.000" /><testcase classname="tests.domains.test_execution_position_utils.TestValidateNotImmediate" name="test_long_sl_too_high" time="0.000" /><testcase classname="tests.domains.test_execution_position_utils.TestValidateNotImmediate" name="test_long_tp_too_low" time="0.000" /><testcase classname="tests.domains.test_execution_position_utils.TestValidateNotImmediate" name="test_short_sl_too_low" time="0.000" /><testcase classname="tests.domains.test_execution_position_utils.TestValidateNotImmediate" name="test_short_tp_too_high" time="0.000" /><testcase classname="tests.domains.test_execution_position_utils.TestValidateNotImmediate" name="test_mark_as_dict" time="0.000" /><testcase classname="tests.domains.test_execution_position_utils.TestValidateNotImmediate" name="test_tp_sl_as_str" time="0.000" /><testcase classname="tests.domains.test_execution_position_utils.TestValidateNotImmediate" name="test_invalid_side" time="0.000" /><testcase classname="tests.domains.test_feature_engineering" name="test_no_symbol_no_emit" time="0.000"><failure message="TypeError: FeatureEngineeringConfig requires AuroraConfig or DomainConfigResolver, got dict">tests/domains/test_feature_engineering.py:67: in test_no_symbol_no_emit
    fe = FeatureEngineering(fsm=fsm, config=config)
         ^^^^^^^^^^^^^^^^^^^^^^^^^^^^^^^^^^^^^^^^^^
apps/reference/domains/feature_engineering/feature_engineering.py:86: in __init__
    self.cfg = FeatureEngineeringConfig(config)
               ^^^^^^^^^^^^^^^^^^^^^^^^^^^^^^^^
apps/reference/domains/feature_engineering/types.py:137: in __init__
    self._cfg = self._resolve_config(config)
                ^^^^^^^^^^^^^^^^^^^^^^^^^^^^
apps/reference/domains/feature_engineering/types.py:159: in _resolve_config
    raise TypeError("FeatureEngineeringConfig requires AuroraConfig or DomainConfigResolver, got dict")
E   TypeError: FeatureEngineeringConfig requires AuroraConfig or DomainConfigResolver, got dict</failure></testcase><testcase classname="tests.domains.test_feature_engineering" name="test_first_tick_only_stored" time="0.000"><failure message="TypeError: FeatureEngineeringConfig requires AuroraConfig or DomainConfigResolver, got dict">tests/domains/test_feature_engineering.py:82: in test_first_tick_only_stored
    fe = FeatureEngineering(fsm=fsm, config=config)
         ^^^^^^^^^^^^^^^^^^^^^^^^^^^^^^^^^^^^^^^^^^
apps/reference/domains/feature_engineering/feature_engineering.py:86: in __init__
    self.cfg = FeatureEngineeringConfig(config)
               ^^^^^^^^^^^^^^^^^^^^^^^^^^^^^^^^
apps/reference/domains/feature_engineering/types.py:137: in __init__
    self._cfg = self._resolve_config(config)
                ^^^^^^^^^^^^^^^^^^^^^^^^^^^^
apps/reference/domains/feature_engineering/types.py:159: in _resolve_config
    raise TypeError("FeatureEngineeringConfig requires AuroraConfig or DomainConfigResolver, got dict")
E   TypeError: FeatureEngineeringConfig requires AuroraConfig or DomainConfigResolver, got dict</failure></testcase><testcase classname="tests.domains.test_feature_engineering" name="test_calculate_and_emit_features_basic" time="0.000"><failure message="TypeError: FeatureEngineeringConfig requires AuroraConfig or DomainConfigResolver, got dict">tests/domains/test_feature_engineering.py:98: in test_calculate_and_emit_features_basic
    fe = FeatureEngineering(fsm=fsm, config=config)
         ^^^^^^^^^^^^^^^^^^^^^^^^^^^^^^^^^^^^^^^^^^
apps/reference/domains/feature_engineering/feature_engineering.py:86: in __init__
    self.cfg = FeatureEngineeringConfig(config)
               ^^^^^^^^^^^^^^^^^^^^^^^^^^^^^^^^
apps/reference/domains/feature_engineering/types.py:137: in __init__
    self._cfg = self._resolve_config(config)
                ^^^^^^^^^^^^^^^^^^^^^^^^^^^^
apps/reference/domains/feature_engineering/types.py:159: in _resolve_config
    raise TypeError("FeatureEngineeringConfig requires AuroraConfig or DomainConfigResolver, got dict")
E   TypeError: FeatureEngineeringConfig requires AuroraConfig or DomainConfigResolver, got dict</failure></testcase><testcase classname="tests.domains.test_feature_engineering" name="test_delta_price_suppressed_when_time_diff_large" time="0.000"><failure message="TypeError: FeatureEngineeringConfig requires AuroraConfig or DomainConfigResolver, got dict">tests/domains/test_feature_engineering.py:144: in test_delta_price_suppressed_when_time_diff_large
    fe = FeatureEngineering(fsm=fsm, config=config)
         ^^^^^^^^^^^^^^^^^^^^^^^^^^^^^^^^^^^^^^^^^^
apps/reference/domains/feature_engineering/feature_engineering.py:86: in __init__
    self.cfg = FeatureEngineeringConfig(config)
               ^^^^^^^^^^^^^^^^^^^^^^^^^^^^^^^^
apps/reference/domains/feature_engineering/types.py:137: in __init__
    self._cfg = self._resolve_config(config)
                ^^^^^^^^^^^^^^^^^^^^^^^^^^^^
apps/reference/domains/feature_engineering/types.py:159: in _resolve_config
    raise TypeError("FeatureEngineeringConfig requires AuroraConfig or DomainConfigResolver, got dict")
E   TypeError: FeatureEngineeringConfig requires AuroraConfig or DomainConfigResolver, got dict</failure></testcase><testcase classname="tests.domains.test_feature_engineering" name="test_feature_engineering_consumes_tick_and_emits_features" time="0.000"><failure message="TypeError: FeatureEngineeringConfig requires AuroraConfig or DomainConfigResolver, got dict">tests/domains/test_feature_engineering.py:205: in test_feature_engineering_consumes_tick_and_emits_features
    feature_component = FeatureEngineering(fsm=fsm, config=mock_config)
                        ^^^^^^^^^^^^^^^^^^^^^^^^^^^^^^^^^^^^^^^^^^^^^^^
apps/reference/domains/feature_engineering/feature_engineering.py:86: in __init__
    self.cfg = FeatureEngineeringConfig(config)
               ^^^^^^^^^^^^^^^^^^^^^^^^^^^^^^^^
apps/reference/domains/feature_engineering/types.py:137: in __init__
    self._cfg = self._resolve_config(config)
                ^^^^^^^^^^^^^^^^^^^^^^^^^^^^
apps/reference/domains/feature_engineering/types.py:159: in _resolve_config
    raise TypeError("FeatureEngineeringConfig requires AuroraConfig or DomainConfigResolver, got dict")
E   TypeError: FeatureEngineeringConfig requires AuroraConfig or DomainConfigResolver, got dict</failure></testcase><testcase classname="tests.domains.test_indicators.TestSMA" name="test_sma_basic" time="0.000" /><testcase classname="tests.domains.test_indicators.TestSMA" name="test_sma_uses_last_n_values" time="0.000" /><testcase classname="tests.domains.test_indicators.TestSMA" name="test_sma_insufficient_data" time="0.000" /><testcase classname="tests.domains.test_indicators.TestStd" name="test_std_basic" time="0.000" /><testcase classname="tests.domains.test_indicators.TestStd" name="test_std_all_same" time="0.000" /><testcase classname="tests.domains.test_indicators.TestStd" name="test_std_insufficient_data" time="0.000" /><testcase classname="tests.domains.test_indicators.TestBollingerBands" name="test_bollinger_basic" time="0.000" /><testcase classname="tests.domains.test_indicators.TestBollingerBands" name="test_bollinger_pct_b_at_lower" time="0.000" /><testcase classname="tests.domains.test_indicators.TestBollingerBands" name="test_bollinger_pct_b_at_upper" time="0.000" /><testcase classname="tests.domains.test_indicators.TestBollingerBands" name="test_bollinger_width_calculation" time="0.000" /><testcase classname="tests.domains.test_indicators.TestBollingerBands" name="test_bollinger_insufficient_data" time="0.000" /><testcase classname="tests.domains.test_indicators.TestBollingerBands" name="test_bollinger_zero_std" time="0.000" /><testcase classname="tests.domains.test_indicators.TestBollingerBandsDataclass" name="test_is_price_above_upper" time="0.000" /><testcase classname="tests.domains.test_indicators.TestBollingerBandsDataclass" name="test_is_price_below_lower" time="0.000" /><testcase classname="tests.domains.test_indicators.TestATR" name="test_atr_basic" time="0.000" /><testcase classname="tests.domains.test_indicators.TestATR" name="test_atr_with_gaps" time="0.000" /><testcase classname="tests.domains.test_indicators.TestATR" name="test_atr_insufficient_data" time="0.000" /><testcase classname="tests.domains.test_indicators.TestRSI" name="test_rsi_all_gains" time="0.000" /><testcase classname="tests.domains.test_indicators.TestRSI" name="test_rsi_all_losses" time="0.000" /><testcase classname="tests.domains.test_indicators.TestRSI" name="test_rsi_mixed" time="0.000" /><testcase classname="tests.domains.test_indicators.TestRSI" name="test_rsi_insufficient_data" time="0.000" /><testcase classname="tests.domains.test_indicators.TestIndicatorState" name="test_indicator_state_init" time="0.000" /><testcase classname="tests.domains.test_indicators.TestIndicatorState" name="test_indicator_state_update_bollinger" time="0.000" /><testcase classname="tests.domains.test_indicators.TestIndicatorState" name="test_indicator_state_update_atr" time="0.000" /><testcase classname="tests.domains.test_indicators.TestIndicatorState" name="test_indicator_state_bb_width_pct" time="0.000" /><testcase classname="tests.domains.test_indicators.TestIndicatorState" name="test_indicator_state_band_position" time="0.000" /><testcase classname="tests.domains.test_manage_flow_fsm" name="test_hydrate_success_and_brackets_state" time="0.000"><failure message="TypeError: ManageFlowFSM requires typed AuroraConfig, got dict">tests/domains/test_manage_flow_fsm.py:22: in test_hydrate_success_and_brackets_state
    fsm = ManageFlowFSM(config={"brackets": {}})
          ^^^^^^^^^^^^^^^^^^^^^^^^^^^^^^^^^^^^^^
apps/reference/domains/execution_position/fsm_manage.py:99: in __init__
    raise TypeError("ManageFlowFSM requires typed AuroraConfig, got dict")
E   TypeError: ManageFlowFSM requires typed AuroraConfig, got dict</failure></testcase><testcase classname="tests.domains.test_manage_flow_fsm" name="test_hydrate_missing_key_sets_error" time="0.000"><failure message="pydantic_core._pydantic_core.ValidationError: 14 validation errors for AuroraConfig&#10;trading_mode&#10;  Field required [type=missing, input_value={}, input_type=dict]&#10;    For further information visit https://errors.pydantic.dev/2.12/v/missing&#10;trading&#10;  Field required [type=missing, input_value={}, input_type=dict]&#10;    For further information visit https://errors.pydantic.dev/2.12/v/missing&#10;binance_api&#10;  Field required [type=missing, input_value={}, input_type=dict]&#10;    For further information visit https://errors.pydantic.dev/2.12/v/missing&#10;account_observer&#10;  Field required [type=missing, input_value={}, input_type=dict]&#10;    For further information visit https://errors.pydantic.dev/2.12/v/missing&#10;system&#10;  Field required [type=missing, input_value={}, input_type=dict]&#10;    For further information visit https://errors.pydantic.dev/2.12/v/missing&#10;system_meta&#10;  Field required [type=missing, input_value={}, input_type=dict]&#10;    For further information visit https://errors.pydantic.dev/2.12/v/missing&#10;ops&#10;  Field required [type=missing, input_value={}, input_type=dict]&#10;    For further information visit https://errors.pydantic.dev/2.12/v/missing&#10;bridge&#10;  Field required [type=missing, input_value={}, input_type=dict]&#10;    For further information visit https://errors.pydantic.dev/2.12/v/missing&#10;domains&#10;  Field required [type=missing, input_value={}, input_type=dict]&#10;    For further information visit https://errors.pydantic.dev/2.12/v/missing&#10;instruments&#10;  Field required [type=missing, input_value={}, input_type=dict]&#10;    For further information visit https://errors.pydantic.dev/2.12/v/missing&#10;aurora_instruments&#10;  Field required [type=missing, input_value={}, input_type=dict]&#10;    For further information visit https://errors.pydantic.dev/2.12/v/missing&#10;hmm&#10;  Field required [type=missing, input_value={}, input_type=dict]&#10;    For further information visit https://errors.pydantic.dev/2.12/v/missing&#10;features&#10;  Field required [type=missing, input_value={}, input_type=dict]&#10;    For further information visit https://errors.pydantic.dev/2.12/v/missing&#10;hotreload_whitelist&#10;  Field required [type=missing, input_value={}, input_type=dict]&#10;    For further information visit https://errors.pydantic.dev/2.12/v/missing">tests/domains/test_manage_flow_fsm.py:40: in test_hydrate_missing_key_sets_error
    fsm = ManageFlowFSM()
          ^^^^^^^^^^^^^^^
apps/reference/domains/execution_position/fsm_manage.py:100: in __init__
    self.config = AuroraConfig() if config is None else config
                  ^^^^^^^^^^^^^^
E   pydantic_core._pydantic_core.ValidationError: 14 validation errors for AuroraConfig
E   trading_mode
E     Field required [type=missing, input_value={}, input_type=dict]
E       For further information visit https://errors.pydantic.dev/2.12/v/missing
E   trading
E     Field required [type=missing, input_value={}, input_type=dict]
E       For further information visit https://errors.pydantic.dev/2.12/v/missing
E   binance_api
E     Field required [type=missing, input_value={}, input_type=dict]
E       For further information visit https://errors.pydantic.dev/2.12/v/missing
E   account_observer
E     Field required [type=missing, input_value={}, input_type=dict]
E       For further information visit https://errors.pydantic.dev/2.12/v/missing
E   system
E     Field required [type=missing, input_value={}, input_type=dict]
E       For further information visit https://errors.pydantic.dev/2.12/v/missing
E   system_meta
E     Field required [type=missing, input_value={}, input_type=dict]
E       For further information visit https://errors.pydantic.dev/2.12/v/missing
E   ops
E     Field required [type=missing, input_value={}, input_type=dict]
E       For further information visit https://errors.pydantic.dev/2.12/v/missing
E   bridge
E     Field required [type=missing, input_value={}, input_type=dict]
E       For further information visit https://errors.pydantic.dev/2.12/v/missing
E   domains
E     Field required [type=missing, input_value={}, input_type=dict]
E       For further information visit https://errors.pydantic.dev/2.12/v/missing
E   instruments
E     Field required [type=missing, input_value={}, input_type=dict]
E       For further information visit https://errors.pydantic.dev/2.12/v/missing
E   aurora_instruments
E     Field required [type=missing, input_value={}, input_type=dict]
E       For further information visit https://errors.pydantic.dev/2.12/v/missing
E   hmm
E     Field required [type=missing, input_value={}, input_type=dict]
E       For further information visit https://errors.pydantic.dev/2.12/v/missing
E   features
E     Field required [type=missing, input_value={}, input_type=dict]
E       For further information visit https://errors.pydantic.dev/2.12/v/missing
E   hotreload_whitelist
E     Field required [type=missing, input_value={}, input_type=dict]
E       For further information visit https://errors.pydantic.dev/2.12/v/missing</failure></testcase><testcase classname="tests.domains.test_manage_flow_fsm" name="test_should_place_brackets_and_place_flow" time="0.000"><failure message="TypeError: ManageFlowFSM requires typed AuroraConfig, got dict">tests/domains/test_manage_flow_fsm.py:56: in test_should_place_brackets_and_place_flow
    fsm = ManageFlowFSM(config=cfg)
          ^^^^^^^^^^^^^^^^^^^^^^^^^
apps/reference/domains/execution_position/fsm_manage.py:99: in __init__
    raise TypeError("ManageFlowFSM requires typed AuroraConfig, got dict")
E   TypeError: ManageFlowFSM requires typed AuroraConfig, got dict</failure></testcase><testcase classname="tests.domains.test_manage_flow_fsm" name="test_calculate_bracket_prices_and_get_opposite" time="0.000"><failure message="TypeError: ManageFlowFSM requires typed AuroraConfig, got dict">tests/domains/test_manage_flow_fsm.py:85: in test_calculate_bracket_prices_and_get_opposite
    fsm = ManageFlowFSM(config=cfg)
          ^^^^^^^^^^^^^^^^^^^^^^^^^
apps/reference/domains/execution_position/fsm_manage.py:99: in __init__
    raise TypeError("ManageFlowFSM requires typed AuroraConfig, got dict")
E   TypeError: ManageFlowFSM requires typed AuroraConfig, got dict</failure></testcase><testcase classname="tests.domains.test_mean_reversion_strategy.TestMRSignalType" name="test_enum_values" time="0.000" /><testcase classname="tests.domains.test_mean_reversion_strategy.TestMRSignalType" name="test_enum_unique" time="0.000" /><testcase classname="tests.domains.test_mean_reversion_strategy.TestMRSignal" name="test_neutral_signal_properties" time="0.000" /><testcase classname="tests.domains.test_mean_reversion_strategy.TestMRSignal" name="test_long_signal_properties" time="0.000" /><testcase classname="tests.domains.test_mean_reversion_strategy.TestMRSignal" name="test_short_signal_properties" time="0.000" /><testcase classname="tests.domains.test_mean_reversion_strategy.TestMRSignal" name="test_signal_with_all_fields" time="0.000" /><testcase classname="tests.domains.test_mean_reversion_strategy.TestMRStrategyConfig" name="test_default_values" time="0.000" /><testcase classname="tests.domains.test_mean_reversion_strategy.TestMRStrategyConfig" name="test_custom_values" time="0.000" /><testcase classname="tests.domains.test_mean_reversion_strategy.TestMRSymbolState" name="test_add_bar" time="0.000" /><testcase classname="tests.domains.test_mean_reversion_strategy.TestMRSymbolState" name="test_add_bar_respects_max_bars_limit" time="0.000" /><testcase classname="tests.domains.test_mean_reversion_strategy.TestMRSymbolState" name="test_get_closes" time="0.000" /><testcase classname="tests.domains.test_mean_reversion_strategy.TestMRSymbolState" name="test_reset" time="0.000" /><testcase classname="tests.domains.test_mean_reversion_strategy.TestMeanReversion1mStrategy" name="test_init_default" time="0.000" /><testcase classname="tests.domains.test_mean_reversion_strategy.TestMeanReversion1mStrategy" name="test_init_custom_config" time="0.000" /><testcase classname="tests.domains.test_mean_reversion_strategy.TestMeanReversion1mStrategy" name="test_get_state_creates_new" time="0.000" /><testcase classname="tests.domains.test_mean_reversion_strategy.TestMeanReversion1mStrategy" name="test_get_state_returns_existing" time="0.000" /><testcase classname="tests.domains.test_mean_reversion_strategy.TestMeanReversion1mStrategy" name="test_set_and_get_regime" time="0.000" /><testcase classname="tests.domains.test_mean_reversion_strategy.TestMeanReversion1mStrategy" name="test_on_tick_no_bar_complete" time="0.000" /><testcase classname="tests.domains.test_mean_reversion_strategy.TestMeanReversion1mStrategy" name="test_on_tick_insufficient_bars" time="0.000" /><testcase classname="tests.domains.test_mean_reversion_strategy.TestMeanReversion1mStrategy" name="test_reset_symbol" time="0.000" /><testcase classname="tests.domains.test_mean_reversion_strategy.TestMeanReversion1mStrategy" name="test_reset_all" time="0.000" /><testcase classname="tests.domains.test_mean_reversion_strategy.TestMRStrategyRegimeFiltering" name="test_trending_regime_blocked" time="0.002" /><testcase classname="tests.domains.test_mean_reversion_strategy.TestMRStrategyRegimeFiltering" name="test_mean_reversion_regime_allowed" time="0.002" /><testcase classname="tests.domains.test_mean_reversion_strategy.TestMRStrategyCooldown" name="test_cooldown_blocks_rapid_signals" time="0.000" /><testcase classname="tests.domains.test_mean_reversion_strategy.TestMRStrategyCooldown" name="test_no_cooldown_initially" time="0.000" /><testcase classname="tests.domains.test_mean_reversion_strategy.TestMRStrategyForceClose" name="test_force_close_all" time="0.000" /><testcase classname="tests.domains.test_metrics_collector" name="test_metrics_basic_flow" time="0.000" /><testcase classname="tests.domains.test_portfolio_state_schema.TestSchemaStructure" name="test_schema_uses_draft_2020_12" time="0.001" /><testcase classname="tests.domains.test_portfolio_state_schema.TestSchemaStructure" name="test_schema_has_required_id" time="0.000" /><testcase classname="tests.domains.test_portfolio_state_schema.TestSchemaStructure" name="test_schema_required_fields" time="0.000" /><testcase classname="tests.domains.test_portfolio_state_schema.TestSchemaStructure" name="test_schema_has_new_fields" time="0.000" /><testcase classname="tests.domains.test_portfolio_state_schema.TestSchemaStructure" name="test_schema_positions_by_side_structure" time="0.000" /><testcase classname="tests.domains.test_portfolio_state_schema.TestSchemaStructure" name="test_schema_allows_additional_properties" time="0.000" /><testcase classname="tests.domains.test_portfolio_state_schema.TestSchemaStructure" name="test_schema_position_item_structure" time="0.000" /><testcase classname="tests.domains.test_portfolio_state_schema.TestSchemaValidation" name="test_valid_payload_matches_schema" time="0.000" /><testcase classname="tests.domains.test_portfolio_state_schema.TestSchemaValidation" name="test_decimal_string_pattern" time="0.000" /><testcase classname="tests.domains.test_portfolio_state_schema.TestSchemaValidation" name="test_positions_array_validation" time="0.000" /><testcase classname="tests.domains.test_portfolio_state_schema.TestSchemaWithRealPositionTracking" name="test_start_emits_schema_compliant_payload" time="0.000"><failure message="TypeError: PositionTracking requires AuroraConfig, got dict">tests/domains/test_portfolio_state_schema.py:173: in test_start_emits_schema_compliant_payload
    pt = PositionTracking(fsm=fsm, config=config)
         ^^^^^^^^^^^^^^^^^^^^^^^^^^^^^^^^^^^^^^^^
apps/reference/domains/position_tracking/position_tracking.py:60: in __init__
    raise TypeError("PositionTracking requires AuroraConfig, got dict")
E   TypeError: PositionTracking requires AuroraConfig, got dict</failure></testcase><testcase classname="tests.domains.test_portfolio_state_schema.TestSchemaWithRealPositionTracking" name="test_trade_emits_schema_compliant_payload" time="0.001"><failure message="TypeError: PositionTracking requires AuroraConfig, got dict">tests/domains/test_portfolio_state_schema.py:206: in test_trade_emits_schema_compliant_payload
    pt = PositionTracking(fsm=fsm, config=config)
         ^^^^^^^^^^^^^^^^^^^^^^^^^^^^^^^^^^^^^^^^
apps/reference/domains/position_tracking/position_tracking.py:60: in __init__
    raise TypeError("PositionTracking requires AuroraConfig, got dict")
E   TypeError: PositionTracking requires AuroraConfig, got dict</failure></testcase><testcase classname="tests.domains.test_portfolio_state_schema.TestUnrealizedPnLInSchema" name="test_unrealized_pnl_description_updated" time="0.000" /><testcase classname="tests.domains.test_portfolio_state_schema.TestUnrealizedPnLInSchema" name="test_unrealized_pnl_allows_negative" time="0.000" /><testcase classname="tests.domains.test_position_tracking" name="test_position_tracking_consumes_trade_and_updates_portfolio" time="0.000"><failure message="TypeError: PositionTracking requires AuroraConfig, got dict">tests/domains/test_position_tracking.py:74: in test_position_tracking_consumes_trade_and_updates_portfolio
    position_tracker = PositionTracking(fsm=fsm, config=mock_config)
                       ^^^^^^^^^^^^^^^^^^^^^^^^^^^^^^^^^^^^^^^^^^^^^
apps/reference/domains/position_tracking/position_tracking.py:60: in __init__
    raise TypeError("PositionTracking requires AuroraConfig, got dict")
E   TypeError: PositionTracking requires AuroraConfig, got dict</failure></testcase><testcase classname="tests.domains.test_position_tracking" name="test_position_tracking_multiple_trades" time="0.000"><failure message="TypeError: PositionTracking requires AuroraConfig, got dict">tests/domains/test_position_tracking.py:162: in test_position_tracking_multiple_trades
    position_tracker = PositionTracking(fsm=fsm, config=mock_config)
                       ^^^^^^^^^^^^^^^^^^^^^^^^^^^^^^^^^^^^^^^^^^^^^
apps/reference/domains/position_tracking/position_tracking.py:60: in __init__
    raise TypeError("PositionTracking requires AuroraConfig, got dict")
E   TypeError: PositionTracking requires AuroraConfig, got dict</failure></testcase><testcase classname="tests.domains.test_position_tracking" name="test_position_tracking_complete_position_close" time="0.000"><failure message="TypeError: PositionTracking requires AuroraConfig, got dict">tests/domains/test_position_tracking.py:266: in test_position_tracking_complete_position_close
    position_tracker = PositionTracking(fsm=fsm, config=mock_config)
                       ^^^^^^^^^^^^^^^^^^^^^^^^^^^^^^^^^^^^^^^^^^^^^
apps/reference/domains/position_tracking/position_tracking.py:60: in __init__
    raise TypeError("PositionTracking requires AuroraConfig, got dict")
E   TypeError: PositionTracking requires AuroraConfig, got dict</failure></testcase><testcase classname="tests.domains.test_position_tracking" name="test_position_tracking_short_position" time="0.001"><failure message="TypeError: PositionTracking requires AuroraConfig, got dict">tests/domains/test_position_tracking.py:338: in test_position_tracking_short_position
    position_tracker = PositionTracking(fsm=fsm, config=mock_config)
                       ^^^^^^^^^^^^^^^^^^^^^^^^^^^^^^^^^^^^^^^^^^^^^
apps/reference/domains/position_tracking/position_tracking.py:60: in __init__
    raise TypeError("PositionTracking requires AuroraConfig, got dict")
E   TypeError: PositionTracking requires AuroraConfig, got dict</failure></testcase><testcase classname="tests.domains.test_position_tracking" name="test_position_tracking_multiple_venues" time="0.000"><failure message="TypeError: PositionTracking requires AuroraConfig, got dict">tests/domains/test_position_tracking.py:393: in test_position_tracking_multiple_venues
    position_tracker = PositionTracking(fsm=fsm, config=mock_config)
                       ^^^^^^^^^^^^^^^^^^^^^^^^^^^^^^^^^^^^^^^^^^^^^
apps/reference/domains/position_tracking/position_tracking.py:60: in __init__
    raise TypeError("PositionTracking requires AuroraConfig, got dict")
E   TypeError: PositionTracking requires AuroraConfig, got dict</failure></testcase><testcase classname="tests.domains.test_position_tracking" name="test_position_tracking_invalid_side" time="0.000"><failure message="TypeError: PositionTracking requires AuroraConfig, got dict">tests/domains/test_position_tracking.py:472: in test_position_tracking_invalid_side
    position_tracker = PositionTracking(fsm=fsm, config=mock_config)
                       ^^^^^^^^^^^^^^^^^^^^^^^^^^^^^^^^^^^^^^^^^^^^^
apps/reference/domains/position_tracking/position_tracking.py:60: in __init__
    raise TypeError("PositionTracking requires AuroraConfig, got dict")
[...]
    f = fsm_mod.ExecPosFSM(config=cfg, fsm=DummyFSM(), shadow_mode=True)
        ^^^^^^^^^^^^^^^^^^^^^^^^^^^^^^^^^^^^^^^^^^^^^^^^^^^^^^^^^^^^^^^^
apps/reference/domains/execution_position/fsm.py:111: in __init__
    raise TypeError("ExecPosFSM requires typed AuroraConfig, got dict")
E   TypeError: ExecPosFSM requires typed AuroraConfig, got dict</failure></testcase><testcase classname="tests.units.test_exposure_guard_fallback" name="test_fallback_mode_enter_exit" time="0.000"><failure message="TypeError: ExposureGuard.__init__() missing 1 required positional argument: 'config'">tests/units/test_exposure_guard_fallback.py:24: in test_fallback_mode_enter_exit
    guard = ExposureGuard({
E   TypeError: ExposureGuard.__init__() missing 1 required positional argument: 'config'</failure></testcase><testcase classname="tests.units.test_exposure_guard_fallback" name="test_fallback_mode_fail_closed_policy" time="0.000"><failure message="TypeError: ExposureGuard.__init__() missing 1 required positional argument: 'config'">tests/units/test_exposure_guard_fallback.py:58: in test_fallback_mode_fail_closed_policy
    guard = ExposureGuard({
E   TypeError: ExposureGuard.__init__() missing 1 required positional argument: 'config'</failure></testcase><testcase classname="tests.units.test_exposure_guard_fallback" name="test_fallback_mode_risk_reduction_policy" time="0.000"><failure message="TypeError: ExposureGuard.__init__() missing 1 required positional argument: 'config'">tests/units/test_exposure_guard_fallback.py:88: in test_fallback_mode_risk_reduction_policy
    guard = ExposureGuard({
E   TypeError: ExposureGuard.__init__() missing 1 required positional argument: 'config'</failure></testcase><testcase classname="tests.units.test_exposure_guard_fallback" name="test_fallback_mode_metrics" time="0.000"><failure message="TypeError: ExposureGuard.__init__() missing 1 required positional argument: 'config'">tests/units/test_exposure_guard_fallback.py:120: in test_fallback_mode_metrics
    guard = ExposureGuard({
E   TypeError: ExposureGuard.__init__() missing 1 required positional argument: 'config'</failure></testcase><testcase classname="tests.units.test_exposure_guard_fallback" name="test_fallback_config_loading" time="0.000"><failure message="TypeError: ExposureGuard.__init__() missing 1 required positional argument: 'config'">tests/units/test_exposure_guard_fallback.py:161: in test_fallback_config_loading
    guard = ExposureGuard(config)
            ^^^^^^^^^^^^^^^^^^^^^
E   TypeError: ExposureGuard.__init__() missing 1 required positional argument: 'config'</failure></testcase><testcase classname="tests.units.test_exposure_guard_fallback" name="test_fallback_state_dataclass" time="0.000" /><testcase classname="tests.units.test_exposure_guard_ttl" name="test_expire_stale_releases_pending" time="0.000"><skipped type="pytest.skip" message="ExposureState does not have pending_open_usd attribute">/home/wekabeka/Музыка/Phenix/tests/units/test_exposure_guard_ttl.py:21: ExposureState does not have pending_open_usd attribute</skipped></testcase><testcase classname="tests.units.test_exposure_guard_ttl" name="test_expire_stale_partial_expiration" time="0.000"><skipped type="pytest.skip" message="ExposureState does not have pending_open_usd attribute">/home/wekabeka/Музыка/Phenix/tests/units/test_exposure_guard_ttl.py:50: ExposureState does not have pending_open_usd attribute</skipped></testcase><testcase classname="tests.units.test_exposure_guard_ttl" name="test_expire_stale_disabled_ttl" time="0.000"><skipped type="pytest.skip" message="ExposureState does not have pending_open_usd attribute">/home/wekabeka/Музыка/Phenix/tests/units/test_exposure_guard_ttl.py:80: ExposureState does not have pending_open_usd attribute</skipped></testcase><testcase classname="tests.units.test_exposure_guard_ttl" name="test_expire_stale_empty_reservations" time="0.000"><failure message="TypeError: ExposureGuard.__init__() missing 1 required positional argument: 'config'">tests/units/test_exposure_guard_ttl.py:98: in test_expire_stale_empty_reservations
    guard = ExposureGuard({"exposure": {"pending_reservation_ttl_sec": 1}})
            ^^^^^^^^^^^^^^^^^^^^^^^^^^^^^^^^^^^^^^^^^^^^^^^^^^^^^^^^^^^^^^^
E   TypeError: ExposureGuard.__init__() missing 1 required positional argument: 'config'</failure></testcase><testcase classname="tests.units.test_exposure_guard_ttl" name="test_reserve_stores_timestamp" time="0.000"><failure message="TypeError: ExposureGuard.__init__() missing 1 required positional argument: 'config'">tests/units/test_exposure_guard_ttl.py:107: in test_reserve_stores_timestamp
    guard = ExposureGuard({"exposure": {"pending_reservation_ttl_sec": 300}})
            ^^^^^^^^^^^^^^^^^^^^^^^^^^^^^^^^^^^^^^^^^^^^^^^^^^^^^^^^^^^^^^^^^
E   TypeError: ExposureGuard.__init__() missing 1 required positional argument: 'config'</failure></testcase><testcase classname="tests.units.test_exposure_guard_unit.TestExposureGuard" name="test_initialization" time="0.000"><failure message="TypeError: ExposureGuard.__init__() missing 1 required positional argument: 'config'">tests/units/test_exposure_guard_unit.py:30: in test_initialization
    guard = ExposureGuard(config)
            ^^^^^^^^^^^^^^^^^^^^^
E   TypeError: ExposureGuard.__init__() missing 1 required positional argument: 'config'</failure></testcase><testcase classname="tests.units.test_exposure_guard_unit.TestExposureGuard" name="test_default_config" time="0.000"><failure message="TypeError: ExposureGuard.__init__() missing 1 required positional argument: 'config'">tests/units/test_exposure_guard_unit.py:39: in test_default_config
    guard = ExposureGuard(config)
            ^^^^^^^^^^^^^^^^^^^^^
E   TypeError: ExposureGuard.__init__() missing 1 required positional argument: 'config'</failure></testcase><testcase classname="tests.units.test_exposure_guard_unit.TestExposureGuard" name="test_portfolio_update" time="0.000"><failure message="TypeError: ExposureGuard.__init__() missing 1 required positional argument: 'config'">tests/units/test_exposure_guard_unit.py:48: in test_portfolio_update
    guard = ExposureGuard(config)
            ^^^^^^^^^^^^^^^^^^^^^
E   TypeError: ExposureGuard.__init__() missing 1 required positional argument: 'config'</failure></testcase><testcase classname="tests.units.test_exposure_guard_unit.TestExposureGuard" name="test_can_open_within_limit" time="0.000"><failure message="TypeError: ExposureGuard.__init__() missing 1 required positional argument: 'config'">tests/units/test_exposure_guard_unit.py:67: in test_can_open_within_limit
    guard = ExposureGuard(config)
            ^^^^^^^^^^^^^^^^^^^^^
E   TypeError: ExposureGuard.__init__() missing 1 required positional argument: 'config'</failure></testcase><testcase classname="tests.units.test_exposure_guard_unit.TestExposureGuard" name="test_can_open_exceeds_limit" time="0.000"><failure message="TypeError: ExposureGuard.__init__() missing 1 required positional argument: 'config'">tests/units/test_exposure_guard_unit.py:86: in test_can_open_exceeds_limit
    guard = ExposureGuard(config)
            ^^^^^^^^^^^^^^^^^^^^^
E   TypeError: ExposureGuard.__init__() missing 1 required positional argument: 'config'</failure></testcase><testcase classname="tests.units.test_exposure_guard_unit.TestExposureGuard" name="test_pending_orders_counting" time="0.000"><failure message="TypeError: ExposureGuard.__init__() missing 1 required positional argument: 'config'">tests/units/test_exposure_guard_unit.py:112: in test_pending_orders_counting
    guard = ExposureGuard(config)
            ^^^^^^^^^^^^^^^^^^^^^
E   TypeError: ExposureGuard.__init__() missing 1 required positional argument: 'config'</failure></testcase><testcase classname="tests.units.test_exposure_guard_unit.TestExposureGuard" name="test_pending_orders_not_counting" time="0.000"><failure message="TypeError: ExposureGuard.__init__() missing 1 required positional argument: 'config'">tests/units/test_exposure_guard_unit.py:125: in test_pending_orders_not_counting
    guard = ExposureGuard(config)
            ^^^^^^^^^^^^^^^^^^^^^
E   TypeError: ExposureGuard.__init__() missing 1 required positional argument: 'config'</failure></testcase><testcase classname="tests.units.test_exposure_guard_unit.TestExposureGuard" name="test_reduce_only_exclusion" time="0.000"><failure message="TypeError: ExposureGuard.__init__() missing 1 required positional argument: 'config'">tests/units/test_exposure_guard_unit.py:141: in test_reduce_only_exclusion
    guard = ExposureGuard(config)
            ^^^^^^^^^^^^^^^^^^^^^
E   TypeError: ExposureGuard.__init__() missing 1 required positional argument: 'config'</failure></testcase><testcase classname="tests.units.test_exposure_guard_unit.TestExposureGuard" name="test_reserve_release" time="0.000"><failure message="TypeError: ExposureGuard.__init__() missing 1 required positional argument: 'config'">tests/units/test_exposure_guard_unit.py:153: in test_reserve_release
    guard = ExposureGuard(config)
            ^^^^^^^^^^^^^^^^^^^^^
E   TypeError: ExposureGuard.__init__() missing 1 required positional argument: 'config'</failure></testcase><testcase classname="tests.units.test_exposure_guard_unit.TestExposureGuard" name="test_exposure_summary" time="0.000"><failure message="TypeError: ExposureGuard.__init__() missing 1 required positional argument: 'config'">tests/units/test_exposure_guard_unit.py:170: in test_exposure_summary
    guard = ExposureGuard(config)
            ^^^^^^^^^^^^^^^^^^^^^
E   TypeError: ExposureGuard.__init__() missing 1 required positional argument: 'config'</failure></testcase><testcase classname="tests.units.test_feature_math_basic" name="test_obi_tfi_basic" time="0.000" /><testcase classname="tests.units.test_features_payload_validation" name="test_symbol_upper_and_required_fields" time="0.000" /><testcase classname="tests.units.test_fsm_emit_compat" name="test_emit_compat_prefers_message_api" time="0.001" /><testcase classname="tests.units.test_fsm_emit_compat" name="test_emit_compat_supports_4args" time="0.001" /><testcase classname="tests.units.test_fsm_emit_compat" name="test_emit_compat_supports_3args_and_injects_meta" time="0.001" /><testcase classname="tests.units.test_fsm_emit_compat_missing_fields" name="test_emit_compat_handles_missing_intent" time="0.001" /><testcase classname="tests.units.test_manage_flow_fsm_sl_side" name="test_sl_side_is_opposite_for_long" time="0.000"><failure message="TypeError: ManageFlowFSM requires typed AuroraConfig, got dict">tests/units/test_manage_flow_fsm_sl_side.py:26: in test_sl_side_is_opposite_for_long
    fsm = ManageFlowFSM(config=cfg)
          ^^^^^^^^^^^^^^^^^^^^^^^^^
apps/reference/domains/execution_position/fsm_manage.py:99: in __init__
    raise TypeError("ManageFlowFSM requires typed AuroraConfig, got dict")
E   TypeError: ManageFlowFSM requires typed AuroraConfig, got dict</failure></testcase><testcase classname="tests.units.test_manage_flow_fsm_sl_side" name="test_sl_side_is_opposite_for_short" time="0.000"><failure message="TypeError: ManageFlowFSM requires typed AuroraConfig, got dict">tests/units/test_manage_flow_fsm_sl_side.py:67: in test_sl_side_is_opposite_for_short
    fsm = ManageFlowFSM(config=cfg)
          ^^^^^^^^^^^^^^^^^^^^^^^^^
apps/reference/domains/execution_position/fsm_manage.py:99: in __init__
    raise TypeError("ManageFlowFSM requires typed AuroraConfig, got dict")
E   TypeError: ManageFlowFSM requires typed AuroraConfig, got dict</failure></testcase><testcase classname="tests.units.test_metrics_summary_parse" name="test_mget_simple_gauge" time="0.000" /><testcase classname="tests.units.test_metrics_summary_parse" name="test_mget_counter_with_label" time="0.000" /><testcase classname="tests.units.test_metrics_update" name="test_update_exposure_exports_values" time="0.001" /><testcase classname="tests.units.test_order_index.TestOrderIndex" name="test_upsert_from_open_new_order" time="0.001" /><testcase classname="tests.units.test_order_index.TestOrderIndex" name="test_upsert_from_open_existing_order" time="0.000" /><testcase classname="tests.units.test_order_index.TestOrderIndex" name="test_attach_exchange_id" time="0.000" /><testcase classname="tests.units.test_order_index.TestOrderIndex" name="test_attach_exchange_id_not_found" time="0.000" /><testcase classname="tests.units.test_order_index.TestOrderIndex" name="test_get_by_rid" time="0.000" /><testcase classname="tests.units.test_order_index.TestOrderIndex" name="test_get_by_client_order_id" time="0.000" /><testcase classname="tests.units.test_order_index.TestOrderIndex" name="test_get_by_exchange_order_id" time="0.000" /><testcase classname="tests.units.test_order_index.TestOrderIndex" name="test_get_not_found" time="0.000" /><testcase classname="tests.units.test_order_index.TestOrderIndex" name="test_mark_terminal" time="0.000" /><testcase classname="tests.units.test_order_index.TestOrderIndex" name="test_expire_terminal_orders" time="0.000" /><testcase classname="tests.units.test_order_index.TestOrderIndex" name="test_expire_by_ttl" time="1.101" /><testcase classname="tests.units.test_order_index.TestOrderIndex" name="test_expire_preserves_active_orders" time="0.001" /><testcase classname="tests.units.test_order_index.TestOrderIndex" name="test_multiple_lookups_consistency" time="0.001" /><testcase classname="tests.units.test_order_index.TestOrderIndex" name="test_thread_safety" time="0.009" /><testcase classname="tests.units.test_preflight_wait_until" name="test_preflight_wait_until_success_on_third_try" time="0.001"><failure message="TypeError: ExecPosFSM requires typed AuroraConfig, got dict">tests/units/test_preflight_wait_until.py:21: in test_preflight_wait_until_success_on_third_try
    fsm = ExecPosFSM(config={}, fsm=mock_fsm_core)
          ^^^^^^^^^^^^^^^^^^^^^^^^^^^^^^^^^^^^^^^^
apps/reference/domains/execution_position/fsm.py:111: in __init__
    raise TypeError("ExecPosFSM requires typed AuroraConfig, got dict")
E   TypeError: ExecPosFSM requires typed AuroraConfig, got dict</failure></testcase><testcase classname="tests.units.test_preflight_wait_until" name="test_preflight_wait_until_exhausted_returns_false" time="0.001"><failure message="TypeError: ExecPosFSM requires typed AuroraConfig, got dict">tests/units/test_preflight_wait_until.py:55: in test_preflight_wait_until_exhausted_returns_false
    fsm = ExecPosFSM(config={}, fsm=mock_fsm_core)
          ^^^^^^^^^^^^^^^^^^^^^^^^^^^^^^^^^^^^^^^^
apps/reference/domains/execution_position/fsm.py:111: in __init__
    raise TypeError("ExecPosFSM requires typed AuroraConfig, got dict")
E   TypeError: ExecPosFSM requires typed AuroraConfig, got dict</failure></testcase><testcase classname="tests.units.test_preflight_wait_until" name="test_preflight_wait_until_immediate_success" time="0.002"><failure message="TypeError: ExecPosFSM requires typed AuroraConfig, got dict">tests/units/test_preflight_wait_until.py:82: in test_preflight_wait_until_immediate_success
    fsm = ExecPosFSM(config={}, fsm=mock_fsm_core)
          ^^^^^^^^^^^^^^^^^^^^^^^^^^^^^^^^^^^^^^^^
apps/reference/domains/execution_position/fsm.py:111: in __init__
    raise TypeError("ExecPosFSM requires typed AuroraConfig, got dict")
E   TypeError: ExecPosFSM requires typed AuroraConfig, got dict</failure></testcase><testcase classname="tests.units.test_quiet_hours" name="test_in_quiet_simple" time="0.001" /><testcase classname="tests.units.test_quiet_hours" name="test_in_quiet_normal_range" time="0.001" /><testcase classname="tests.units.test_quiet_hours" name="test_in_quiet_midnight_wrap" time="0.001" /><testcase classname="tests.units.test_quiet_hours" name="test_in_quiet_multiple_ranges" time="0.001" /><testcase classname="tests.units.test_quiet_hours" name="test_in_quiet_edge_cases" time="0.001" /><testcase classname="tests.units.test_risk_score_not_null" name="test_risk_score_always_number" time="0.002"><failure message="TypeError: RiskManagement requires AuroraConfig, got dict">tests/units/test_risk_score_not_null.py:37: in test_risk_score_always_number
    risk_mgmt = RiskManagement(fsm, config)
                ^^^^^^^^^^^^^^^^^^^^^^^^^^^
apps/reference/domains/risk_management/risk_management.py:56: in __init__
    raise TypeError("RiskManagement requires AuroraConfig, got dict")
E   TypeError: RiskManagement requires AuroraConfig, got dict</failure></testcase><testcase classname="tests.units.test_risk_score_not_null" name="test_risk_score_with_invalid_features" time="0.001"><failure message="TypeError: RiskManagement requires AuroraConfig, got dict">tests/units/test_risk_score_not_null.py:93: in test_risk_score_with_invalid_features
    risk_mgmt = RiskManagement(fsm, config)
                ^^^^^^^^^^^^^^^^^^^^^^^^^^^
apps/reference/domains/risk_management/risk_management.py:56: in __init__
    raise TypeError("RiskManagement requires AuroraConfig, got dict")
E   TypeError: RiskManagement requires AuroraConfig, got dict</failure></testcase><testcase classname="tests.units.test_roi_exit_strategy.TestROIExitStrategy" name="test_initialization" time="0.000" /><testcase classname="tests.units.test_roi_exit_strategy.TestROIExitStrategy" name="test_ignores_irrelevant_events" time="0.000" /><testcase classname="tests.units.test_roi_exit_strategy.TestROIExitStrategy" name="test_no_positions" time="0.000" /><testcase classname="tests.units.test_roi_exit_strategy.TestROIExitStrategy" name="test_roi_below_target" time="0.000" /><testcase classname="tests.units.test_roi_exit_strategy.TestROIExitStrategy" name="test_roi_meets_target" time="0.001" /><testcase classname="tests.units.test_roi_exit_strategy.TestROIExitStrategy" name="test_roi_exceeds_target" time="0.001" /><testcase classname="tests.units.test_roi_exit_strategy.TestROIExitStrategy" name="test_handles_zero_amount" time="0.000" /><testcase classname="tests.units.test_roi_exit_strategy.TestROIExitStrategy" name="test_handles_bad_data" time="0.001" /><testcase classname="tests.units.test_vfoundation_binance_adapter_json_coerce" name="test__coerce_json_variants[asyncio]" time="0.001" /><testcase classname="tests.units.test_vfoundation_binance_adapter_unit" name="test_norm_params_converts_and_filters" time="0.020" /><testcase classname="tests.units.test_vfoundation_binance_adapter_unit" name="test_to_decimal_and_rounding_and_errors" time="0.018" /><testcase classname="tests.units.test_vfoundation_binance_adapter_unit" name="test_sign_build_is_deterministic" time="0.018" /><testcase classname="tests.units.test_vfoundation_binance_adapter_unit" name="test_is_code_1021_and_make_error" time="0.000"><skipped type="pytest.skip" message="Methods _is_code_1021 and _make_binance_error not found in module">/home/wekabeka/Музыка/Phenix/tests/units/test_vfoundation_binance_adapter_unit.py:79: Methods _is_code_1021 and _make_binance_error not found in module</skipped></testcase><testcase classname="tests.vfoundation.core.test_fsm_core_error_handling" name="test_fsm_core_logs_exceptions" time="0.001" /><testcase classname="tests.vfoundation.obs.test_entropy_monitor" name="test_normal_operation_no_spike" time="0.001" /><testcase classname="tests.vfoundation.obs.test_entropy_monitor" name="test_volume_spike_detection" time="0.001" /><testcase classname="tests.vfoundation.obs.test_entropy_monitor" name="test_error_rate_spike_detection" time="0.000" /><testcase classname="tests.vfoundation.obs.test_entropy_monitor" name="test_loop_detection" time="0.000" /><testcase classname="tests.vfoundation.obs.test_entropy_monitor" name="test_window_sliding" time="1.101" /><testcase classname="tests.vfoundation.obs.test_entropy_monitor" name="test_metrics_reporting" time="0.002" /><testcase classname="tests.vfoundation.obs.test_entropy_monitor" name="test_reset" time="0.008" /></testsuite></testsuites>