============================= test session starts =============================
platform win32 -- Python 3.14.3, pytest-9.0.2, pluggy-1.6.0 -- C:\Users\user\Music\Phenix\.venv\Scripts\python.exe
cachedir: .pytest_cache
rootdir: C:\Users\user\Music\Phenix
configfile: pytest.ini
testpaths: tests
plugins: anyio-4.12.1, aiohttp-1.1.0, asyncio-1.3.0, cov-7.0.0
asyncio: mode=Mode.STRICT, debug=False, asyncio_default_fixture_loop_scope=None, asyncio_default_test_loop_scope=function
collecting ... collected 5792 items / 8 errors / 7 deselected / 11 skipped / 5785 selected

=================================== ERRORS ====================================
_ ERROR collecting tests/apps/reference/domains/neocortex/PPO/ppo_library_v2/tests/test_buffer.py _
ImportError while importing test module 'C:\Users\user\Music\Phenix\tests\apps\reference\domains\neocortex\PPO\ppo_library_v2\tests\test_buffer.py'.
Hint: make sure your test modules/packages have valid Python names.
Traceback:
C:\Python314\Lib\importlib\__init__.py:88: in import_module
    return _bootstrap._gcd_import(name[level:], package, level)
           ^^^^^^^^^^^^^^^^^^^^^^^^^^^^^^^^^^^^^^^^^^^^^^^^^^^^
tests\apps\reference\domains\neocortex\PPO\ppo_library_v2\tests\test_buffer.py:5: in <module>
    import torch
E   ModuleNotFoundError: No module named 'torch'
_________ ERROR collecting tests/integration/test_metrics_summary.py __________
ImportError while importing test module 'C:\Users\user\Music\Phenix\tests\integration\test_metrics_summary.py'.
Hint: make sure your test modules/packages have valid Python names.
Traceback:
C:\Python314\Lib\importlib\__init__.py:88: in import_module
    return _bootstrap._gcd_import(name[level:], package, level)
           ^^^^^^^^^^^^^^^^^^^^^^^^^^^^^^^^^^^^^^^^^^^^^^^^^^^^
tests\integration\test_metrics_summary.py:10: in <module>
    from tools.metrics_summary import MetricsSummary
E   ModuleNotFoundError: No module named 'tools.metrics_summary'
________________ ERROR collecting tests/test_data_contract.py _________________
ImportError while importing test module 'C:\Users\user\Music\Phenix\tests\test_data_contract.py'.
Hint: make sure your test modules/packages have valid Python names.
Traceback:
C:\Python314\Lib\importlib\__init__.py:88: in import_module
    return _bootstrap._gcd_import(name[level:], package, level)
           ^^^^^^^^^^^^^^^^^^^^^^^^^^^^^^^^^^^^^^^^^^^^^^^^^^^^
tests\test_data_contract.py:10: in <module>
    from tools.parquet_contract.data_contract import (
E   ModuleNotFoundError: No module named 'tools.parquet_contract'
_______________ ERROR collecting tests/test_parquet_pipeline.py _______________
ImportError while importing test module 'C:\Users\user\Music\Phenix\tests\test_parquet_pipeline.py'.
Hint: make sure your test modules/packages have valid Python names.
Traceback:
C:\Python314\Lib\importlib\__init__.py:88: in import_module
    return _bootstrap._gcd_import(name[level:], package, level)
           ^^^^^^^^^^^^^^^^^^^^^^^^^^^^^^^^^^^^^^^^^^^^^^^^^^^^
tests\test_parquet_pipeline.py:22: in <module>
    from tools.parquet_pipeline.audit import audit
E   ModuleNotFoundError: No module named 'tools.parquet_pipeline'
_______________ ERROR collecting tests/test_stress_actuator.py ________________
ImportError while importing test module 'C:\Users\user\Music\Phenix\tests\test_stress_actuator.py'.
Hint: make sure your test modules/packages have valid Python names.
Traceback:
C:\Python314\Lib\importlib\__init__.py:88: in import_module
    return _bootstrap._gcd_import(name[level:], package, level)
           ^^^^^^^^^^^^^^^^^^^^^^^^^^^^^^^^^^^^^^^^^^^^^^^^^^^^
tests\test_stress_actuator.py:21: in <module>
    from tools.parquet_pipeline.actuator_rules import (
E   ModuleNotFoundError: No module named 'tools.parquet_pipeline'
___________ ERROR collecting tests/tools/test_log_audit_gates_v1.py ___________
ImportError while importing test module 'C:\Users\user\Music\Phenix\tests\tools\test_log_audit_gates_v1.py'.
Hint: make sure your test modules/packages have valid Python names.
Traceback:
C:\Python314\Lib\importlib\__init__.py:88: in import_module
    return _bootstrap._gcd_import(name[level:], package, level)
           ^^^^^^^^^^^^^^^^^^^^^^^^^^^^^^^^^^^^^^^^^^^^^^^^^^^^
tests\tools\test_log_audit_gates_v1.py:21: in <module>
    from tools.log_audit import (
E   ModuleNotFoundError: No module named 'tools.log_audit'
_________ ERROR collecting tests/tools/test_objective_calibration.py __________
ImportError while importing test module 'C:\Users\user\Music\Phenix\tests\tools\test_objective_calibration.py'.
Hint: make sure your test modules/packages have valid Python names.
Traceback:
C:\Python314\Lib\importlib\__init__.py:88: in import_module
    return _bootstrap._gcd_import(name[level:], package, level)
           ^^^^^^^^^^^^^^^^^^^^^^^^^^^^^^^^^^^^^^^^^^^^^^^^^^^^
tests\tools\test_objective_calibration.py:11: in <module>
    from tools.objective_calibration.dataset import build_objective_dataset, load_objective_dataset
E   ModuleNotFoundError: No module named 'tools.objective_calibration'
_________ ERROR collecting tests/units/test_metrics_summary_parse.py __________
ImportError while importing test module 'C:\Users\user\Music\Phenix\tests\units\test_metrics_summary_parse.py'.
Hint: make sure your test modules/packages have valid Python names.
Traceback:
C:\Python314\Lib\importlib\__init__.py:88: in import_module
    return _bootstrap._gcd_import(name[level:], package, level)
           ^^^^^^^^^^^^^^^^^^^^^^^^^^^^^^^^^^^^^^^^^^^^^^^^^^^^
tests\units\test_metrics_summary_parse.py:1: in <module>
    from tools.metrics_summary import _mget
E   ModuleNotFoundError: No module named 'tools.metrics_summary'
=========================== short test summary info ===========================
ERROR tests/apps/reference/domains/neocortex/PPO/ppo_library_v2/tests/test_buffer.py
ERROR tests/integration/test_metrics_summary.py
ERROR tests/test_data_contract.py
ERROR tests/test_parquet_pipeline.py
ERROR tests/test_stress_actuator.py
ERROR tests/tools/test_log_audit_gates_v1.py
ERROR tests/tools/test_objective_calibration.py
ERROR tests/units/test_metrics_summary_parse.py
!!!!!!!!!!!!!!!!!!! Interrupted: 8 errors during collection !!!!!!!!!!!!!!!!!!!
================= 11 skipped, 7 deselected, 8 errors in 6.68s =================
