<?xml version="1.0" encoding="utf-8"?><testsuites name="pytest tests"><testsuite name="pytest" errors="44" failures="129" skipped="71" tests="2271" time="67.877" timestamp="2026-01-12T15:59:05.823608+00:00" hostname="wekabeka-FZ55-2"><testcase classname="" name="tests.domains.test_drift_monitor" time="0.000"><skipped message="collection skipped">('/home/wekabeka/Музыка/Phenix/tests/domains/test_drift_monitor.py', 2, 'Skipped: LEGACY: drift_monitor module removed; replaced by monitoring in runtime domains.')</skipped></testcase><testcase classname="" name="tests.domains.test_risk_strategy_fsm" time="0.000"><skipped message="collection skipped">('/home/wekabeka/Музыка/Phenix/tests/domains/test_risk_strategy_fsm.py', 6, 'Skipped: Risk strategy FSM test requires complex mocking')</skipped></testcase><testcase classname="" name="tests.domains.test_sizing_matrix" time="0.000"><skipped message="collection skipped">('/home/wekabeka/Музыка/Phenix/tests/domains/test_sizing_matrix.py', 10, 'Skipped: Sizing matrix tests require complex decision making setup')</skipped></testcase><testcase classname="" name="tests.idempotency" time="0.000"><skipped message="collection skipped">('/home/wekabeka/Музыка/Phenix/tests/idempotency/__init__.py', 3, 'Skipped: Idempotency tests - complex distributed setup')</skipped></testcase><testcase classname="" name="tests.test_backtest_engine" time="0.000"><skipped message="collection skipped">('/home/wekabeka/Музыка/Phenix/tests/test_backtest_engine.py', 6, 'Skipped: LEGACY: alpha_discovery module removed; replaced by feature engineering and backtesting in runtime.')</skipped></testcase><testcase classname="" name="tests.test_cli_shadow" time="0.000"><skipped message="collection skipped">('/home/wekabeka/Музыка/Phenix/tests/test_cli_shadow.py', 7, 'Skipped: CLI module not implemented')</skipped></testcase><testcase classname="" name="tests.test_config_migration_validation" time="0.000"><skipped message="collection skipped">('/home/wekabeka/Музыка/Phenix/tests/test_config_migration_validation.py', 17, 'Skipped: Config migration validation - style check')</skipped></testcase><testcase classname="" name="tests.test_debug_drift_integration" time="0.000"><skipped message="collection skipped">('/home/wekabeka/Музыка/Phenix/tests/test_debug_drift_integration.py', 6, 'Skipped: LEGACY: drift_monitor module removed; replaced by monitoring in runtime domains.')</skipped></testcase><testcase classname="" name="tests.test_drift_unit" time="0.000"><skipped message="collection skipped">('/home/wekabeka/Музыка/Phenix/tests/test_drift_unit.py', 8, 'Skipped: LEGACY: drift_monitor module removed; replaced by monitoring in runtime domains.')</skipped></testcase><testcase classname="" name="tests.test_env" time="0.000"><skipped message="collection skipped">('/home/wekabeka/Музыка/Phenix/tests/test_env.py', 3, 'Skipped: Optional dependency test (python-dotenv) is not installed in minimal env')</skipped></testcase><testcase classname="" name="tests.test_feature_collection" time="0.000"><skipped message="collection skipped">('/home/wekabeka/Музыка/Phenix/tests/test_feature_collection.py', 10, 'Skipped: live Binance websocket test (set RUN_LIVE_TESTS=1 to enable)')</skipped></testcase><testcase classname="" name="tests.test_metrics_drift_integration" time="0.000"><skipped message="collection skipped">('/home/wekabeka/Музыка/Phenix/tests/test_metrics_drift_integration.py', 6, 'Skipped: LEGACY: drift_monitor module removed; replaced by monitoring in runtime domains.')</skipped></testcase><testcase classname="" name="tests.test_resolve" time="0.000"><skipped message="collection skipped">('/home/wekabeka/Музыка/Phenix/tests/test_resolve.py', 3, 'Skipped: Dev utility script (python-dotenv not installed in minimal env)')</skipped></testcase><testcase classname="tests.adapters.test_binance_adapter.TestBinanceAdapterQuantizeQuantity" name="test_quantize_basic[asyncio]" time="0.022" /><testcase classname="tests.adapters.test_binance_adapter.TestBinanceAdapterQuantizeQuantity" name="test_quantize_rounds_down[asyncio]" time="0.019" /><testcase classname="tests.adapters.test_binance_adapter.TestBinanceAdapterQuantizeQuantity" name="test_quantize_below_min_notional[asyncio]" time="0.019" /><testcase classname="tests.adapters.test_binance_adapter.TestBinanceAdapterQuantizeQuantity" name="test_quantize_below_min_qty[asyncio]" time="0.020" /><testcase classname="tests.adapters.test_binance_adapter.TestBinanceAdapterQuantizeQuantity" name="test_quantize_zero_after_rounding[asyncio]" time="0.022" /><testcase classname="tests.adapters.test_binance_adapter.TestBinanceAdapterQuantizeQuantity" name="test_symbol_not_found[asyncio]" time="0.018" /><testcase classname="tests.adapters.test_binance_adapter.TestBinanceAdapterRequest" name="test_request_success[asyncio]" time="0.002" /><testcase classname="tests.adapters.test_binance_adapter.TestBinanceAdapterRequest" name="test_request_json_error_body[asyncio]" time="0.000"><skipped type="pytest.skip" message="Test has state conflicts in full test suite - run separately">/home/wekabeka/Музыка/Phenix/tests/adapters/test_binance_adapter.py:161: Test has state conflicts in full test suite - run separately</skipped></testcase><testcase classname="tests.adapters.test_binance_adapter.TestBinanceAdapterRequest" name="test_request_retry_on_1021[asyncio]" time="0.002" /><testcase classname="tests.adapters.test_binance_adapter.TestBinanceAdapterRequest" name="test_request_retry_on_1022[asyncio]" time="0.002" /><testcase classname="tests.adapters.test_binance_adapter.TestBinanceAdapterRequest" name="test_request_no_retry_on_other_errors[asyncio]" time="0.000"><skipped type="pytest.skip" message="Test has state conflicts in full test suite - run separately">/home/wekabeka/Музыка/Phenix/tests/adapters/test_binance_adapter.py:225: Test has state conflicts in full test suite - run separately</skipped></testcase><testcase classname="tests.adapters.test_binance_adapter.TestBinanceAdapterQuantizeQuantity" name="test_quantize_basic[trio]" time="0.022" /><testcase classname="tests.adapters.test_binance_adapter.TestBinanceAdapterQuantizeQuantity" name="test_quantize_rounds_down[trio]" time="0.018" /><testcase classname="tests.adapters.test_binance_adapter.TestBinanceAdapterQuantizeQuantity" name="test_quantize_below_min_notional[trio]" time="0.018" /><testcase classname="tests.adapters.test_binance_adapter.TestBinanceAdapterQuantizeQuantity" name="test_quantize_below_min_qty[trio]" time="0.020" /><testcase classname="tests.adapters.test_binance_adapter.TestBinanceAdapterQuantizeQuantity" name="test_quantize_zero_after_rounding[trio]" time="0.018" /><testcase classname="tests.adapters.test_binance_adapter.TestBinanceAdapterQuantizeQuantity" name="test_symbol_not_found[trio]" time="0.018" /><testcase classname="tests.adapters.test_binance_adapter.TestBinanceAdapterRequest" name="test_request_success[trio]" time="0.002" /><testcase classname="tests.adapters.test_binance_adapter.TestBinanceAdapterRequest" name="test_request_json_error_body[trio]" time="0.000"><skipped type="pytest.skip" message="Test has state conflicts in full test suite - run separately">/home/wekabeka/Музыка/Phenix/tests/adapters/test_binance_adapter.py:161: Test has state conflicts in full test suite - run separately</skipped></testcase><testcase classname="tests.adapters.test_binance_adapter.TestBinanceAdapterRequest" name="test_request_retry_on_1021[trio]" time="0.002" /><testcase classname="tests.adapters.test_binance_adapter.TestBinanceAdapterRequest" name="test_request_retry_on_1022[trio]" time="0.002" /><testcase classname="tests.adapters.test_binance_adapter.TestBinanceAdapterRequest" name="test_request_no_retry_on_other_errors[trio]" time="0.000"><skipped type="pytest.skip" message="Test has state conflicts in full test suite - run separately">/home/wekabeka/Музыка/Phenix/tests/adapters/test_binance_adapter.py:225: Test has state conflicts in full test suite - run separately</skipped></testcase><testcase classname="tests.adapters.test_binance_leverage_hedge_mode.TestAdapterHedgeModeFailClosed" name="test_get_leverage_one_way_mode_success" time="0.018" /><testcase classname="tests.adapters.test_binance_leverage_hedge_mode.TestAdapterHedgeModeFailClosed" name="test_get_leverage_hedge_mode_consistent_success" time="0.019" /><testcase classname="tests.adapters.test_binance_leverage_hedge_mode.TestAdapterHedgeModeFailClosed" name="test_get_leverage_hedge_mode_inconsistent_fails" time="0.017" /><testcase classname="tests.adapters.test_binance_leverage_hedge_mode.TestAdapterHedgeModeFailClosed" name="test_get_margin_mode_hedge_mode_inconsistent_fails" time="0.017" /><testcase classname="tests.adapters.test_binance_leverage_hedge_mode.TestAdapterMarginTypeMapping" name="test_margin_type_cross_lowercase" time="0.020" /><testcase classname="tests.adapters.test_binance_leverage_hedge_mode.TestAdapterMarginTypeMapping" name="test_margin_type_crossed_uppercase" time="0.018" /><testcase classname="tests.adapters.test_binance_leverage_hedge_mode.TestAdapterMarginTypeMapping" name="test_margin_type_isolated_uppercase" time="0.018" /><testcase classname="tests.adapters.test_binance_leverage_hedge_mode.TestAdapterMarginTypeMapping" name="test_margin_type_isolated_boolean_true" time="0.018" /><testcase classname="tests.adapters.test_binance_leverage_hedge_mode.TestAdapterMarginTypeMapping" name="test_margin_type_isolated_boolean_false" time="0.018" /><testcase classname="tests.adapters.test_binance_leverage_hedge_mode.TestAdapterMarginTypeMapping" name="test_margin_type_unknown_fails_closed" time="0.018" /><testcase classname="tests.adapters.test_binance_leverage_hedge_mode.TestAdapterLeverageAndMarginSetEndpoints" name="test_set_leverage_calls_fapi_v1_leverage" time="0.018" /><testcase classname="tests.adapters.test_binance_leverage_hedge_mode.TestAdapterLeverageAndMarginSetEndpoints" name="test_set_leverage_mismatch_fails_closed" time="0.017" /><testcase classname="tests.adapters.test_binance_leverage_hedge_mode.TestAdapterLeverageAndMarginSetEndpoints" name="test_set_margin_mode_calls_fapi_v1_marginType_cross_maps_to_crossed" time="0.018" /><testcase classname="tests.adapters.test_binance_leverage_hedge_mode.TestAdapterLeverageAndMarginSetEndpoints" name="test_set_margin_mode_handles_4046_no_need_to_change" time="0.019" /><testcase classname="tests.api.test_api_health" name="test_production_health_endpoint_returns_healthy" time="0.004" /><testcase classname="tests.api.test_api_main.TestApiInitialization" name="test_development_mode_imports_debug_api" time="0.001" /><testcase classname="tests.api.test_api_main.TestApiInitialization" name="test_production_mode_creates_clean_api" time="0.002" /><testcase classname="tests.api.test_api_main.TestApiInitialization" name="test_default_development_mode" time="0.001" /><testcase classname="tests.api.test_api_main.TestApiInitialization" name="test_production_mode_case_insensitive" time="0.003" /><testcase classname="tests.api.test_api_no_deprecated_imports" name="test_main_does_not_import_deprecated_metrics" time="0.002" /><testcase classname="tests.api.test_api_prod_metrics_smoke" name="test_prod_import_success" time="0.001" /><testcase classname="tests.api.test_api_prod_metrics_smoke" name="test_health_endpoint" time="0.002" /><testcase classname="tests.api.test_api_prod_metrics_smoke" name="test_metrics_endpoint" time="0.003" /><testcase classname="tests.api.test_api_prod_metrics_smoke" name="test_prod_routes_exist" time="0.000" /><testcase classname="tests.api.test_api_prod_metrics_smoke" name="test_no_debug_routes_in_prod" time="0.000" /><testcase classname="tests.api.test_api_security" name="test_debug_api_is_disabled_in_production" time="0.004" /><testcase classname="tests.api.test_api_security" name="test_debug_api_is_enabled_in_development" time="0.003" /><testcase classname="tests.api.test_api_security" name="test_default_env_is_development" time="0.004" /><testcase classname="tests.audit.test_critical_fixes.TestProtocolA_PingPongStress" name="test_reentry_blocked_within_cooldown" time="0.005"><failure message="AssertionError: Expected REENTRY_COOLDOWN block, got 0&#10;assert 0 == 1&#10; +  where 0 = len([])">self = &lt;test_critical_fixes.TestProtocolA_PingPongStress object at 0x791a1e7d1040&gt;

    def test_reentry_blocked_within_cooldown(self):
        from apps.reference.domains.decision_making.aurora_handler import (
            AuroraHandler,
        )
    
        # Config with BTC-specific 45s cooldown
        config = create_mock_aurora_config(
            holding_period_enabled=False,
            reentry_cooldown_sec=60,
            per_symbol_overrides={
                "BTCUSDT": {"reentry_cooldown_sec": 45}
            }
        )
    
        emit_fn = MagicMock()
        mock_clock = MagicMock(return_value=1000.0)
    
        handler = AuroraHandler(
            config=config,
            emit_fn=emit_fn,
            monotonic_fn=mock_clock,
            wall_time_fn=mock_clock
        )
        handler._is_symbol_enabled = lambda s: True
        handler.holding_period_enabled = False
    
        # Setup state: just exited 10 seconds ago
        state = handler._symbol_states["BTCUSDT"]
        state.last_exit_timestamp = 1000.0 - 10.0  # Exited 10s ago
        state.position_side = ""
    
        # Validate state setup
        assert state.last_exit_timestamp == 990.0
    
        # Setup Kernel Mock Correctly (return instance with compute method)
        mock_kernel_instance = MagicMock()
        mock_kernel_instance.compute.return_value = MockScoringResult(
            score=Decimal("0.8"),
            side="buy",
        )
        handler.scoring_kernel_cls = MagicMock(return_value=mock_kernel_instance)
    
        # Trigger feature calculation
        event = {
            "symbol": "BTCUSDT",
            "features": {"price": 50000},
            "warmup": {"full_ready": True, "ready": {}},
        }
    
        handler.on_features_calculated(event)
    
        # ASSERTION: Entry MUST be blocked
        blocked_calls = [
            c for c in emit_fn.call_args_list
            if c[0][0] == "EVT:STRATEGY_DECISION_BLOCKED"
            and c[0][1].get("reason_code") == "REENTRY_COOLDOWN"
        ]
&gt;       assert len(blocked_calls) == 1, f"Expected REENTRY_COOLDOWN block, got {len(blocked_calls)}"
E       AssertionError: Expected REENTRY_COOLDOWN block, got 0
E       assert 0 == 1
E        +  where 0 = len([])

tests/audit/test_critical_fixes.py:184: AssertionError</failure></testcase><testcase classname="tests.audit.test_critical_fixes.TestProtocolA_PingPongStress" name="test_reentry_allowed_after_cooldown" time="0.004"><failure message="AssertionError: Expected signal produced after cooldown&#10;assert 0 == 1&#10; +  where 0 = len([])">self = &lt;test_critical_fixes.TestProtocolA_PingPongStress object at 0x791a1e7d0d40&gt;

    def test_reentry_allowed_after_cooldown(self):
        from apps.reference.domains.decision_making.aurora_handler import (
            AuroraHandler,
        )
    
        config = create_mock_aurora_config(
            holding_period_enabled=False,
            per_symbol_overrides={
                "BTCUSDT": {"reentry_cooldown_sec": 45}
            }
        )
    
        emit_fn = MagicMock()
        mock_clock = MagicMock(return_value=1000.0)
    
        handler = AuroraHandler(
            config=config,
            emit_fn=emit_fn,
            monotonic_fn=mock_clock,
            wall_time_fn=mock_clock
        )
        handler._is_symbol_enabled = lambda s: True
        handler.holding_period_enabled = False
    
        # Setup: exited 50 seconds ago (50s &gt; 45s cooldown)
        state = handler._symbol_states["BTCUSDT"]
        state.last_exit_timestamp = 1000.0 - 50.0
        state.position_side = ""
    
        mock_kernel_instance = MagicMock()
        mock_kernel_instance.compute.return_value = MockScoringResult(
            score=Decimal("0.8"),
            side="buy",
        )
        handler.scoring_kernel_cls = MagicMock(return_value=mock_kernel_instance)
    
        event = {
            "symbol": "BTCUSDT",
            "features": {"price": 50000},
            "warmup": {"full_ready": True, "ready": {}},
        }
    
        handler.on_features_calculated(event)
    
        # ASSERTION: Signal MUST be produced
        produced_calls = [
            c for c in emit_fn.call_args_list
            if c[0][0] == "EVT:STRATEGY_SIGNAL_PRODUCED"
        ]
&gt;       assert len(produced_calls) == 1, "Expected signal produced after cooldown"
E       AssertionError: Expected signal produced after cooldown
E       assert 0 == 1
E        +  where 0 = len([])

tests/audit/test_critical_fixes.py:242: AssertionError</failure></testcase><testcase classname="tests.audit.test_critical_fixes.TestProtocolA_PingPongStress" name="test_per_symbol_cooldown_override" time="0.003" /><testcase classname="tests.audit.test_critical_fixes.TestProtocolB_LockedRoomTest" name="test_flip_blocked_and_forced_to_hold" time="0.003" /><testcase classname="tests.audit.test_critical_fixes.TestProtocolB_LockedRoomTest" name="test_exit_allowed_after_holding_period" time="0.004" /><testcase classname="tests.audit.test_critical_fixes.TestProtocolB_LockedRoomTest" name="test_emergency_override_allows_exit" time="0.003" /><testcase classname="tests.audit.test_critical_fixes.TestProtocolC_FullMarginFlip" name="test_flip_allowed_with_is_flip_flag" time="0.002" /><testcase classname="tests.audit.test_critical_fixes.TestProtocolC_FullMarginFlip" name="test_flip_subtracts_current_position_margin" time="0.002" /><testcase classname="tests.audit.test_critical_fixes.TestProtocolD_SymbolStatePersistence" name="test_exit_timestamp_updated_on_neutral_signal" time="0.003" /><testcase classname="tests.audit.test_critical_fixes.TestProtocolD_SymbolStatePersistence" name="test_symbol_state_dataclass_has_exit_timestamp" time="0.000" /><testcase classname="tests.audit.test_critical_fixes.TestFullChainIntegration" name="test_complete_position_lifecycle" time="0.003" /><testcase classname="tests.audit.test_execution_position_dead_modules_event_emission" name="test_dead_modules_do_not_emit_events[path0]" time="0.003" /><testcase classname="tests.audit.test_execution_position_dead_modules_event_emission" name="test_dead_modules_do_not_emit_events[path1]" time="0.005" /><testcase classname="tests.audit.test_execution_position_dead_modules_event_emission" name="test_dead_modules_do_not_emit_events[path2]" time="0.002" /><testcase classname="tests.bugfixes.test_p1_002_adapter_precision" name="test_decimal_precision_is_preserved_on_response" time="0.002" /><testcase classname="tests.config.test_brackets_fail_closed.TestBracketsFailClosed" name="test_get_brackets_strict_success" time="0.005" /><testcase classname="tests.config.test_brackets_fail_closed.TestBracketsFailClosed" name="test_get_brackets_strict_fails_when_missing" time="0.002" /><testcase classname="tests.config.test_brackets_fail_closed.TestBracketsFailClosed" name="test_get_brackets_strict_fails_when_sl_missing" time="0.003" /><testcase classname="tests.config.test_brackets_fail_closed.TestBracketsFailClosed" name="test_get_brackets_strict_fails_when_tp_missing" time="0.003" /><testcase classname="tests.config.test_brackets_fail_closed.TestBracketsFailClosed" name="test_no_hardcoded_defaults_in_resolver" time="0.003" /><testcase classname="tests.config.test_brackets_fail_closed.TestBracketsFailClosed" name="test_production_config_values" time="0.003" /><testcase classname="tests.config.test_config_forensics" name="test_no_duplicate_yaml_keys" time="0.050" /><testcase classname="tests.config.test_config_forensics" name="test_no_critical_key_overlaps_between_trading_and_domains" time="0.023" /><testcase classname="tests.config.test_config_forensics" name="test_strategy_assignment_requires_strategy_config" time="0.002" /><testcase classname="tests.config.test_config_forensics" name="test_config_loader_provenance_integration" time="0.055" /><testcase classname="tests.config.test_config_mr_risk_gate_none_fix_01" name="test_max_risk_score_override_enabled_requires_value" time="0.000" /><testcase classname="tests.config.test_config_mr_risk_gate_none_fix_01" name="test_aurora_asset_max_risk_score_null_is_forbidden" time="0.000" /><testcase classname="tests.config.test_config_mr_risk_gate_none_fix_01" name="test_domains_global_max_risk_score_cannot_be_null_in_config" time="0.057" /><testcase classname="tests.config.test_config_requires_execution_leverage_fields.TestConfigRequiresExecutionLeverageFields" name="test_config_requires_execution_leverage_fields_in_live_mode" time="0.000" /><testcase classname="tests.config.test_config_requires_execution_leverage_fields.TestConfigRequiresExecutionLeverageFields" name="test_config_fails_when_margin_mode_missing" time="0.000" /><testcase classname="tests.config.test_config_requires_execution_leverage_fields.TestConfigRequiresExecutionLeverageFields" name="test_config_fails_when_target_leverage_missing" time="0.000" /><testcase classname="tests.config.test_config_requires_execution_leverage_fields.TestConfigRequiresExecutionLeverageFields" name="test_config_fails_when_leverage_policy_missing" time="0.000" /><testcase classname="tests.config.test_config_requires_execution_leverage_fields.TestConfigRequiresExecutionLeverageFields" name="test_config_fails_when_max_notional_utilization_missing" time="0.000" /><testcase classname="tests.config.test_config_requires_execution_leverage_fields.TestConfigRejectsInvalidValues" name="test_config_rejects_invalid_margin_mode" time="0.000" /><testcase classname="tests.config.test_config_requires_execution_leverage_fields.TestConfigRejectsInvalidValues" name="test_config_rejects_invalid_leverage_policy" time="0.000" /><testcase classname="tests.config.test_config_requires_execution_leverage_fields.TestConfigRejectsInvalidValues" name="test_config_rejects_leverage_below_minimum" time="0.000" /><testcase classname="tests.config.test_config_requires_execution_leverage_fields.TestConfigRejectsInvalidValues" name="test_config_rejects_leverage_above_maximum" time="0.000" /><testcase classname="tests.config.test_config_requires_execution_leverage_fields.TestConfigRejectsInvalidValues" name="test_config_rejects_utilization_above_one" time="0.000" /><testcase classname="tests.config.test_config_requires_execution_leverage_fields.TestConfigRejectsInvalidValues" name="test_config_rejects_utilization_below_zero" time="0.000" /><testcase classname="tests.config.test_config_requires_execution_leverage_fields.TestConfigStrictNoExtraFields" name="test_config_rejects_extra_fields" time="0.000" /><testcase classname="tests.config.test_config_requires_execution_leverage_fields.TestLiveExecutionFailClosed" name="test_loader_validates_execution_fields_for_live_mode" time="0.059" /><testcase classname="tests.config.test_config_requires_execution_leverage_fields.TestLiveExecutionFailClosed" name="test_loader_validates_sizing_margin_pct_for_live_mode" time="0.058" /><testcase classname="tests.config.test_config_strategy_ssot_freeze.TestStrategySSOTFreezeFailClosed" name="test_missing_mean_reversion_profile_fails_closed" time="0.049" /><testcase classname="tests.config.test_config_strategy_ssot_freeze.TestStrategySSOTFreezeFailClosed" name="test_missing_aurora_profile_fails_closed" time="0.033" /><testcase classname="tests.config.test_config_strategy_ssot_freeze.TestStrategySSOTFreezeStrictValidation" name="test_unknown_key_in_mean_reversion_profile_fails" time="0.062" /><testcase classname="tests.config.test_config_strategy_ssot_freeze.TestStrategySSOTFreezeStrictValidation" name="test_mr_asset_top_level_duplicate_params_are_invalid" time="0.062" /><testcase classname="tests.config.test_config_strategy_ssot_freeze.TestStrategySSOTFreezeStrictValidation" name="test_unknown_key_in_aurora_profile_fails" time="0.075" /><testcase classname="tests.config.test_config_strategy_ssot_freeze.TestStrategySSOTFreezeNoPolicyInTradingDomains" name="test_no_strategy_policy_keys_in_trading_yaml_or_domains_yaml" time="0.020" /><testcase classname="tests.config.test_config_strategy_ssot_freeze.TestStrategySSOTFreezeProvenance" name="test_provenance_map_points_to_strategy_files" time="0.055" /><testcase classname="tests.config.test_config_strategy_ssot_freeze.TestStrategySSOTFreezeProvenance" name="test_auroractl_provenance_stage_is_strategy" time="0.310" /><testcase classname="tests.config.test_config_strategy_ssot_freeze.TestStrategySSOTFreezeReaderCompatibility" name="test_mean_reversion_reader_paths_exist" time="0.141" /><testcase classname="tests.config.test_config_strategy_ssot_freeze.TestStrategySSOTFreezeReaderCompatibility" name="test_aurora_reader_paths_exist" time="0.056" /><testcase classname="tests.config.test_config_strategy_ssot_freeze.TestStrategySSOTFreezeReaderCompatibility" name="test_legacy_runtime_paths_are_absent" time="0.057" /><testcase classname="tests.config.test_config_symbols_one_truth.TestConfigSymbolsOneTruth" name="test_get_trading_symbols_uses_only_get_config" time="0.001" /><testcase classname="tests.config.test_config_symbols_one_truth.TestConfigSymbolsOneTruth" name="test_get_trading_symbols_fails_without_config" time="0.001" /><testcase classname="tests.config.test_config_symbols_one_truth.TestConfigSymbolsOneTruth" name="test_get_trading_symbols_fails_on_empty_instruments" time="0.001" /><testcase classname="tests.config.test_config_symbols_one_truth.TestConfigSymbolsOneTruth" name="test_get_symbol_config_uses_only_get_config" time="0.001" /><testcase classname="tests.config.test_config_symbols_one_truth.TestConfigSymbolsOneTruth" name="test_get_symbol_config_returns_none_for_missing_symbol" time="0.001" /><testcase classname="tests.config.test_config_symbols_one_truth.TestConfigSymbolsOneTruth" name="test_validate_symbol_uses_get_trading_symbols" time="0.001" /><testcase classname="tests.config.test_decision_making_fail_closed.TestFailClosedRiskSkew" name="test_get_risk_skew_config_fails_without_config" time="0.001" /><testcase classname="tests.config.test_decision_making_fail_closed.TestFailClosedRiskSkew" name="test_get_risk_skew_config_returns_value_when_present" time="0.000" /><testcase classname="tests.config.test_decision_making_fail_closed.TestFailClosedSideBias" name="test_get_side_bias_params_fails_without_config" time="0.001" /><testcase classname="tests.config.test_decision_making_fail_closed.TestFailClosedSideBias" name="test_get_side_bias_params_returns_values_when_present" time="0.001" /><testcase classname="tests.config.test_decision_making_fail_closed.TestFailClosedProductionConfig" name="test_production_config_has_risk_skew_values" time="0.000" /><testcase classname="tests.config.test_decision_making_fail_closed.TestFailClosedProductionConfig" name="test_production_config_has_risk_gate_values" time="0.000" /><testcase classname="tests.config.test_decision_making_fail_closed.TestFailClosedProductionConfig" name="test_production_config_has_side_bias_values" time="0.000" /><testcase classname="tests.config.test_decision_making_fail_closed.TestFailClosedProductionConfig" name="test_production_config_has_positions_stale_ttl" time="0.000" /><testcase classname="tests.config.test_decision_making_fail_closed.TestNoHardcodedDefaults" name="test_no_fallback_patterns_in_decision_making" time="0.001" /><testcase classname="tests.config.test_decision_making_fail_closed.TestNoHardcodedDefaults" name="test_get_risk_skew_config_no_default_param" time="0.000" /><testcase classname="tests.config.test_directional_sanity_ssot_strict_live" name="test_live_config_fails_if_directional_sanity_missing" time="0.073" /><testcase classname="tests.config.test_execution_cooldown_after_close_from_yaml_v1" name="test_execution_cooldown_after_close_is_loaded_from_trading_yaml" time="0.007" /><testcase classname="tests.config.test_exposure_guard_config.TestExposureGuardConfigValues" name="test_max_equity_utilization_pct_is_percentage" time="0.014" /><testcase classname="tests.config.test_exposure_guard_config.TestExposureGuardConfigValues" name="test_max_portfolio_fraction_is_percentage" time="0.014" /><testcase classname="tests.config.test_exposure_guard_config.TestExposureGuardConfigValues" name="test_max_long_utilization_pct_is_percentage" time="0.014" /><testcase classname="tests.config.test_exposure_guard_config.TestExposureGuardConfigValues" name="test_max_short_utilization_pct_is_percentage" time="0.014" /><testcase classname="tests.config.test_exposure_guard_config.TestExposureGuardConfigValues" name="test_max_concentration_pct_is_percentage" time="0.014" /><testcase classname="tests.config.test_exposure_guard_config.TestExposureGuardSanity" name="test_utilization_limits_are_reasonable" time="0.014" /><testcase classname="tests.config.test_exposure_guard_config.TestExposureGuardSanity" name="test_concentration_limit_prevents_single_symbol_domination" time="0.013" /><testcase classname="tests.config.test_fail_closed_config_loading.TestFailClosedEventDedup" name="test_fsm_fails_without_event_dedup_config" time="0.006" /><testcase classname="tests.config.test_fail_closed_config_loading.TestFailClosedEventDedup" name="test_fsm_loads_event_dedup_from_config" time="0.008" /><testcase classname="tests.config.test_fail_closed_config_loading.TestFailClosedIdempotentCancel" name="test_fsm_fails_without_idempotent_cancel_config" time="0.001" /><testcase classname="tests.config.test_fail_closed_config_loading.TestFailClosedAntiRaceCloseMs" name="test_manage_fsm_fails_without_anti_race_close_ms" time="0.001" /><testcase classname="tests.config.test_fail_closed_config_loading.TestFailClosedIdempotencyWindow" name="test_open_fsm_fails_without_idempotency_window" time="0.001" /><testcase classname="tests.config.test_fail_closed_config_loading.TestFailClosedProductionConfig" name="test_production_config_has_all_required_values" time="0.000" /><testcase classname="tests.config.test_fail_closed_config_loading.TestNoHardcodedDefaults" name="test_no_fallback_patterns_in_fsm" time="0.001" /><testcase classname="tests.config.test_fail_closed_config_loading.TestNoHardcodedDefaults" name="test_no_fallback_patterns_in_fsm_manage" time="0.000" /><testcase classname="tests.config.test_fail_closed_config_loading.TestNoHardcodedDefaults" name="test_no_fallback_patterns_in_fsm_open" time="0.000" /><testcase classname="tests.config.test_feature_engineering_strict_extra_forbid" name="test_feature_engineering_config_extra_forbid" time="0.000" /><testcase classname="tests.config.test_features_yaml_deprecated_strict.TestFeaturesYamlDeprecated" name="test_features_yaml_exists_strict_mode_crashes" time="0.030" /><testcase classname="tests.config.test_features_yaml_deprecated_strict.TestFeaturesYamlDeprecated" name="test_features_yaml_exists_non_strict_still_fails" time="0.029" /><testcase classname="tests.config.test_features_yaml_deprecated_strict.TestFeaturesYamlDeprecated" name="test_features_yaml_missing_no_error" time="0.054" /><testcase classname="tests.config.test_loader_rejects_config_meta_keys" name="test_loader_rejects_config_prefix_keys" time="0.054" /><testcase classname="tests.config.test_mean_reversion_yaml_contract" name="test_mean_reversion_profile_yaml_fully_loaded" time="0.061" /><testcase classname="tests.config.test_mr_trading_yaml_deprecated_strict.TestMeanReversionTradingYamlDeprecated" name="test_mr_in_trading_yaml_strict_mode_crashes" time="0.040" /><testcase classname="tests.config.test_mr_trading_yaml_deprecated_strict.TestMeanReversionTradingYamlDeprecated" name="test_mr_in_trading_yaml_non_strict_still_fails" time="0.039" /><testcase classname="tests.config.test_mr_trading_yaml_deprecated_strict.TestMeanReversionTradingYamlDeprecated" name="test_no_mr_in_trading_yaml_ok" time="0.064" /><testcase classname="tests.config.test_mr_trading_yaml_deprecated_strict.TestMeanReversionTradingYamlDeprecated" name="test_mr_profile_loaded_when_assigned" time="0.063" /><testcase classname="tests.config.test_mr_trading_yaml_deprecated_strict.TestMeanReversionTradingYamlDeprecated" name="test_mr_profile_missing_when_assigned_fails" time="0.057" /><testcase classname="tests.config.test_no_null_max_risk_score_sentinels" name="test_no_max_risk_score_null_in_active_config_files" time="0.001" /><testcase classname="tests.config.test_optional_required_null_autofill" name="test_optional_required_null_autofill_enables_loader" time="0.831" /><testcase classname="tests.config.test_regime_yaml_strict_validation.TestRegimeYamlStrictValidation" name="test_valid_regime_yaml_loads_successfully" time="0.055"><failure message="pydantic_core._pydantic_core.ValidationError: 2 validation errors for AuroraConfig&#10;basis_tf_sec&#10;  Field required [type=missing, input_value={'trading_mode': 'hybrid_...treload_whitelist': []}}, input_type=dict]&#10;    For further information visit https://errors.pydantic.dev/2.12/v/missing&#10;uncertain_cutoff&#10;  Field required [type=missing, input_value={'trading_mode': 'hybrid_...treload_whitelist': []}}, input_type=dict]&#10;    For further information visit https://errors.pydantic.dev/2.12/v/missing">self = &lt;test_regime_yaml_strict_validation.TestRegimeYamlStrictValidation object at 0x791a1e877620&gt;
tmp_path = PosixPath('/tmp/pytest-of-wekabeka/pytest-23/test_valid_regime_yaml_loads_s0')

    def test_valid_regime_yaml_loads_successfully(self, tmp_path):
        """
        Test VALID regime.yaml loads successfully.
    
        CFG-FEATURES-REGIME-SSOT-04: regime.yaml is SSOT, valid config should load.
        """
        config_dir = _copy_canonical_config_dir(tmp_path)
    
        # Valid regime.yaml
        regime_yaml = {
            "hmm": {
                "enabled": True,
                "K": 3
            },
            "features": {},
            "hotreload_whitelist": [],
            "models": {
                "sma_trend": {
                    "sma_short_period": 10,
                    "sma_long_period": 50,
                    "confidence_multiplier": 1.0,
                    "confidence_min": 0.0,
                    "confidence_max": 1.0,
                },
                "volatility": {
                    "enabled": True,
                    "atr_period": 14,
                    "atr_sma_length": 20,
                    "allow_close_to_close_atr": True,
                    "threshold_multiplier": 2.0,
                    "low_vol_multiplier": 0.5,
                    "high_vol_confidence_multiplier": 1.0,
                    "low_vol_confidence_multiplier": 1.0,
                },
                "mean_reversion": {
                    "threshold": 0.005,
                    "confidence_multiplier": 1.0,
                }
            }
        }
    
        (config_dir / "regime.yaml").write_text(yaml.dump(regime_yaml), encoding="utf-8")
    
        # Load config - should succeed
        loader = ConfigLoader(config_dir=config_dir)
&gt;       config = loader.load_config()
                 ^^^^^^^^^^^^^^^^^^^^

tests/config/test_regime_yaml_strict_validation.py:71: 
_ _ _ _ _ _ _ _ _ _ _ _ _ _ _ _ _ _ _ _ _ 

self = &lt;apps.reference.config_loader.ConfigLoader object at 0x7919e36d52b0&gt;

    def load_config(
        self,
        *,
        strict_mode: bool | None = None,
        is_live_execution: bool = False,
    ) -&gt; AuroraConfig:
        """Load and validate configuration using Pydantic.
    
        This method:
        1. Loads YAML files
        2. Resolves environment variables
        3. Applies mode-specific overrides
        4. Validates through Pydantic (fails fast if invalid)
        5. (TASK47c) Validates execution config for LIVE mode (fail-closed)
    
        Args:
            strict_mode: Override for strict config validation mode (default: env-based)
            is_live_execution: If True, fail-closed validation for execution fields
    
        Raises:
            ValidationError: If config doesn't match Pydantic schema
            FileNotFoundError: If config files missing
            ValueError: If LIVE execution missing required execution config
        """
        try:
            system_config = self._load_yaml("system.yaml")
            trading_config = self._load_yaml("trading.yaml")
            regime_config = self._load_yaml("regime.yaml")
        except FileNotFoundError as e:
            LOG.error(f"Config file error: {e}")
            raise
    
        # Load domains.yaml (optional if trading.yaml has domains)
        domains_config: Dict[str, Any] = {}
        try:
            domains_config = self._load_yaml("domains.yaml")
        except FileNotFoundError:
            LOG.info("domains.yaml not found")
    
        # TASK47: crash-on-duplicate leaf paths across the primary YAML fragments.
        # Run BEFORE any schema/meta extraction can mask shadowed values.
        self._fail_on_duplicate_paths(
            sources={
                "system.yaml": system_config if isinstance(system_config, dict) else {},
                "trading.yaml": trading_config if isinstance(trading_config, dict) else {},
                "regime.yaml": regime_config if isinstance(regime_config, dict) else {},
                "domains.yaml": domains_config if isinstance(domains_config, dict) else {},
            }
        )
    
        system_meta = self._extract_system_meta(system_config, regime_config)
    
        # =========================================================================
        # DEPRECATED FILE DETECTION (CFG-FEATURES-REGIME-SSOT-04)
        # =========================================================================
        # features.yaml is ORPHANED (not loaded, duplicate of domains.yaml)
        # Detect its presence and fail/warn based on strict mode
        # =========================================================================
        import os
        strict_mode = self._get_strict_mode()
    
        features_yaml_path = self.config_dir / "features.yaml"
        if features_yaml_path.exists():
            msg = (
                "⚠️  DEPRECATED: features.yaml detected! "
                "This file is NOT loaded by ConfigLoader (orphaned config). "
                "Feature engineering config is read from domains.yaml (SSOT). "
                "Action required: Remove features.yaml or migrate to domains.yaml."
            )
            raise ConfigContractError(path="features.yaml", why=msg)
    
        # =========================================================================
        # DEPRECATED MR DETECTION (CFG-STRATEGIES-SSOT-05-MR-TRADING-YAML-BURN-DOWN)
        # =========================================================================
        # mean_reversion is DEPRECATED in trading.yaml (SSOT: strategy profile)
        # Detect its presence and fail/warn based on strict mode
        # =========================================================================
        if isinstance(trading_config, dict) and "mean_reversion" in trading_config:
            mr_section = trading_config.get("mean_reversion")
            if isinstance(mr_section, dict) and mr_section:
                msg = (
                    "⚠️  DEPRECATED: mean_reversion detected in trading.yaml! "
                    "This section is IGNORED (strategy profiles have priority). "
                    "SSOT for MR config: config/aurora/strategies/mean_reversion.yaml. "
                    "Action required: Remove mean_reversion from trading.yaml."
                )
                raise ConfigContractError(path="trading.mean_reversion", why=msg)
    
        # =========================================================================
        # CFG-STRATEGY-SSOT-FREEZE-02: trading.decision must NOT live in trading.yaml
        # =========================================================================
        # Aurora policy SSOT moved to strategies/aurora.yaml (aurora.decision).
        # trading.yaml must not contain strategy policy to prevent drift.
        if isinstance(trading_config, dict):
            t = trading_config.get("trading")
            if isinstance(t, dict) and "decision" in t:
                raise ConfigContractError(
                    path="trading.decision",
                    why=(
                        "⚠️  DEPRECATED: trading.decision detected in trading.yaml! "
                        "Strategy policy SSOT is strategies/aurora.yaml (aurora.decision). "
                        "Action required: Remove trading.decision from trading.yaml."
                    ),
                )
    
        # =========================================================================
        # CFG-STRATEGY-SSOT-FREEZE-02: aurora_instruments.yaml retired
        # =========================================================================
        # Per-symbol Aurora params SSOT moved to strategies/aurora.yaml (aurora.assets).
        aurora_instruments_yaml_path = self.config_dir / "aurora_instruments.yaml"
        if aurora_instruments_yaml_path.exists():
            raise ConfigContractError(
                path="aurora_instruments.yaml",
                why=(
                    "⚠️  DEPRECATED: aurora_instruments.yaml detected! "
                    "Per-symbol Aurora params SSOT moved to strategies/aurora.yaml (aurora.assets). "
                    "Action required: Remove/migrate aurora_instruments.yaml."
                ),
            )
    
        # =========================================================================
        # DEPRECATED FEATURE_ENGINEERING DETECTION (CFG-FREEZE-SSOT-06)
        # =========================================================================
        # feature_engineering is DEPRECATED in trading.yaml (SSOT: domains.yaml)
        # Detect its presence and fail/warn based on strict mode
        # =========================================================================
        # Check multiple locations where feature_engineering might appear in trading.yaml
        feature_eng_found = False
        feature_eng_locations = []
    
        if isinstance(trading_config, dict):
            # Check root level: trading.feature_engineering
            if "feature_engineering" in trading_config:
                fe_section = trading_config.get("feature_engineering")
                if isinstance(fe_section, dict) and fe_section:
                    feature_eng_found = True
                    feature_eng_locations.append("trading.feature_engineering (root level)")
    
            # Check nested in trading: trading.trading.feature_engineering
            nested_trading = trading_config.get("trading", {})
            if isinstance(nested_trading, dict) and "feature_engineering" in nested_trading:
                fe_section = nested_trading.get("feature_engineering")
                if isinstance(fe_section, dict) and fe_section:
                    feature_eng_found = True
                    feature_eng_locations.append("trading.trading.feature_engineering (nested)")
    
        if feature_eng_found:
            locations_str = ", ".join(feature_eng_locations)
            msg = (
                f"⚠️  DEPRECATED: feature_engineering detected in trading.yaml at: {locations_str}! "
                "This section is IGNORED (domains.yaml has priority). "
                "SSOT for feature_engineering: config/aurora/domains.yaml. "
                "Action required: Remove feature_engineering from trading.yaml."
            )
            raise ConfigContractError(path="trading.feature_engineering", why=msg)
    
        merged_config = self._merge_config_fragments(
            system_config=system_config,
            trading_config=trading_config,
            regime_config=regime_config,
            domains_config=domains_config,
            system_meta=system_meta,
        )
    
        # Enforce service key hygiene before validation
        for key in list(merged_config.keys()):
            if isinstance(key, str) and key.startswith("_config_"):
                raise ConfigContractError(
                    path=f"root.{key}",
                    why="Service/migration keys with prefix '_config_' are forbidden at root (CFG-ROOT-STRICT-FREEZE-NO-EXTRAS-P1-19)",
                )
    
        # Migrate legacy root.guardian block into execution.order_guardian to satisfy strict root schema
        guardian_block = merged_config.pop("guardian", None)
        if isinstance(guardian_block, dict):
            import copy
    
            root_exec = merged_config.get("execution")
            if isinstance(root_exec, dict):
                exec_block = root_exec
            else:
                trading_exec = None
                trading_block = merged_config.get("trading")
                if isinstance(trading_block, dict):
                    trading_exec = trading_block.get("execution")
    
                # Prefer cloning trading.execution as the base to keep schema-valid required fields.
                exec_block = copy.deepcopy(trading_exec) if isinstance(trading_exec, dict) else {}
                merged_config["execution"] = exec_block
    
            if "order_guardian" in exec_block and exec_block.get("order_guardian") is not None:
                raise ConfigContractError(
                    path="execution.order_guardian",
                    why=(
                        "Conflicting guardian configuration sources: found legacy root.guardian AND "
                        "execution.order_guardian. Keep only one (prefer execution.order_guardian)."
                    ),
                )
    
            exec_block["order_guardian"] = guardian_block
    
        # Resolve environment variables
        resolved_config = self._resolve_env_vars(merged_config)
    
        # Apply mode-specific decision overrides
        self._resolve_mode_overrides(resolved_config)
    
        # Ensure tracked symbols are SSOT-consistent and present for strict TradingConfig
        self._apply_trading_symbols_to_track_ssot(resolved_config)
    
        # Startup fail-fast: precision check for active symbols
        self._fail_fast_validate_instruments_precision(resolved_config)
    
        # TASK47c-A: Fail-closed execution config validation for LIVE mode
        if is_live_execution:
            self._validate_execution_config_for_live(resolved_config)
            self._validate_sizing_config_for_live(resolved_config)
            self._validate_directional_sanity_for_live(resolved_config)
            self._validate_price_motion_sanity_for_live(resolved_config)
    
        # CFG-TRADING-YAML-BURN-DOWN-01: Check for SSOT conflicts
        self._validate_ssot_conflicts(resolved_config)
    
        # P0-0: Validate essential_features ⊆ readiness_registry.declared_keys
        self._validate_essential_features_readiness_contract(resolved_config)
    
        # TASK23B: Enforce SSOT precedence for timeframe_sec
        self._apply_timeframe_sec_ssot_precedence(resolved_config)
    
        try:
&gt;           config = AuroraConfig(**resolved_config)
                     ^^^^^^^^^^^^^^^^^^^^^^^^^^^^^^^
E           pydantic_core._pydantic_core.ValidationError: 2 validation errors for AuroraConfig
E           basis_tf_sec
E             Field required [type=missing, input_value={'trading_mode': 'hybrid_...treload_whitelist': []}}, input_type=dict]
E               For further information visit https://errors.pydantic.dev/2.12/v/missing
E           uncertain_cutoff
E             Field required [type=missing, input_value={'trading_mode': 'hybrid_...treload_whitelist': []}}, input_type=dict]
E               For further information visit https://errors.pydantic.dev/2.12/v/missing

apps/reference/config_loader.py:1034: ValidationError</failure></testcase><testcase classname="tests.config.test_regime_yaml_strict_validation.TestRegimeYamlStrictValidation" name="test_extra_key_in_regime_models_fails_validation" time="0.056" /><testcase classname="tests.config.test_regime_yaml_strict_validation.TestRegimeYamlStrictValidation" name="test_minimal_regime_yaml_loads" time="0.054" /><testcase classname="tests.config.test_root_forbid_extra_keys" name="test_root_rejects_unknown_key" time="0.054" /><testcase classname="tests.config.test_root_forbid_extra_keys" name="test_canonical_config_loads_strict" time="0.054" /><testcase classname="tests.config.test_sizing_margin_first_ssot" name="test_no_legacy_notional_first_sizing_keys_in_effective_config" time="0.054" /><testcase classname="tests.config.test_sizing_margin_first_ssot" name="test_instruments_have_margin_first_ssot_fields" time="0.056" /><testcase classname="tests.config.test_strategies_registry_strict" name="test_strict_mode_fails_on_missing_strategies_yaml" time="0.031" /><testcase classname="tests.config.test_strategies_registry_strict" name="test_missing_strategies_yaml_fails_even_non_strict" time="0.031" /><testcase classname="tests.config.test_strategies_registry_strict" name="test_strategies_yaml_extra_keys_fail_validation" time="0.047" /><testcase classname="tests.config.test_strategies_registry_strict" name="test_strategies_yaml_loads_successfully" time="0.054" /><testcase classname="tests.config.test_strategies_registry_strict" name="test_invalid_mode_fails_validation" time="0.047" /><testcase classname="tests.config.test_strategies_registry_strict" name="test_missing_priority_for_hybrid_symbol_fails" time="0.053" /><testcase classname="tests.config.test_strategy_profiles_registry_load.TestRegistryDrivenLoading" name="test_registry_driven_load_mean_reversion" time="0.054" /><testcase classname="tests.config.test_strategy_profiles_registry_load.TestRegistryDrivenLoading" name="test_assigned_strategy_missing_profile_fails" time="0.047" /><testcase classname="tests.config.test_strategy_profiles_registry_load.TestRegistryDrivenLoading" name="test_unassigned_strategy_profile_not_loaded" time="0.048" /><testcase classname="tests.config.test_strategy_profiles_registry_load.TestRegistryDrivenLoading" name="test_multiple_strategies_assigned_all_loaded" time="0.053" /><testcase classname="tests.config.test_strategy_timeframe_required" name="test_mean_reversion_timeframe_required" time="0.007" /><testcase classname="tests.config.test_strategy_timeframe_required" name="test_aurora_timeframe_required" time="0.016" /><testcase classname="tests.config.test_strict_default_and_ci_gates" name="test_strict_mode_default_active" time="0.000" /><testcase classname="tests.config.test_strict_default_and_ci_gates" name="test_strict_mode_opt_out" time="0.000" /><testcase classname="tests.config.test_strict_default_and_ci_gates" name="test_strict_mode_explicit_enable" time="0.000" /><testcase classname="tests.config.test_strict_default_and_ci_gates" name="test_feature_engineering_in_trading_yaml_strict_crash" time="0.100" /><testcase classname="tests.config.test_strict_default_and_ci_gates" name="test_feature_engineering_in_trading_yaml_nonstrict_still_fails" time="0.038" /><testcase classname="tests.config.test_strict_default_and_ci_gates" name="test_clean_config_loads_in_strict_mode" time="0.053" /><testcase classname="tests.config.test_strict_default_and_ci_gates" name="test_fail_fast_missing_required_key_in_trading_yaml" time="0.074" /><testcase classname="tests.config.test_strict_default_and_ci_gates" name="test_sanity_features_yaml_deprecated_strict" time="0.029" /><testcase classname="tests.config.test_strict_default_and_ci_gates" name="test_sanity_mean_reversion_in_trading_yaml_strict" time="0.038" /><testcase classname="tests.config.test_strict_forbid_typos" name="test_trading_config_typos_fail_validation" time="0.063" /><testcase classname="tests.config.test_task28_hybrid_mode_config_contract" name="test_hybrid_mode_config_contract_mapping_and_credentials_present" time="0.069" /><testcase classname="tests.config.test_task28_schema_no_optional_required_trap" name="test_optional_fields_have_defaults_or_not_optional_for_root_blocks" time="0.000" /><testcase classname="tests.config.test_task28_schema_no_optional_required_trap" name="test_loader_does_not_inject_required_optional_keys_before_validation" time="0.109" /><testcase classname="tests.config.test_task28_schema_no_optional_required_trap" name="test_symbols_to_track_policy_is_explicit_and_deterministic" time="0.118" /><testcase classname="tests.config.test_task28_schema_no_optional_required_trap" name="test_guardian_migration_only_allowed_root_mutation" time="0.112" /><testcase classname="tests.config.test_task47_config_dedup_and_debug_flags" name="test_task47_duplicate_paths_fail_closed" time="0.005" /><testcase classname="tests.config.test_task47_config_dedup_and_debug_flags" name="test_task47_debug_disables_forbidden_in_live_mode" time="0.085" /><testcase classname="tests.config.test_task47_config_dedup_and_debug_flags" name="test_task47_debug_disables_allowed_in_testnet_mode" time="0.085" /><testcase classname="tests.config.test_task47_loader_effective_values" name="test_task47_loader_effective_values_from_ssot" time="0.069"><failure message="AssertionError: assert {'aurora'} == {'aurora', 'mean_reversion'}&#10;  &#10;  Extra items in the right set:&#10;  #x1B[0m#x1B[33m'#x1B[39;49;00m#x1B[33mmean_reversion#x1B[39;49;00m#x1B[33m'#x1B[39;49;00m#x1B[90m#x1B[39;49;00m&#10;  Use -v to get more diff">@pytest.mark.legacy
    def test_task47_loader_effective_values_from_ssot() -&gt; None:
        cfg = ConfigLoader(config_dir=Path("config/aurora")).load_config()
    
        # SSOT: position_tracking.positions_stale_ttl_sec must come from domains.yaml only.
        assert cfg.domains.position_tracking.positions_stale_ttl_sec == 15
    
        # SSOT: trading.market_data.websocket_streams must come from trading.yaml only.
        assert cfg.trading.market_data is not None
        assert cfg.trading.market_data.websocket_streams == ["bookTicker", "trade"]
    
        # BTC per-symbol regime threshold multipliers (strategy SSOT).
        assert cfg.strategies.aurora is not None
        btc = cfg.strategies.aurora.assets["BTCUSDT"]
        assert btc.regime_thresholds is not None
        assert btc.regime_thresholds["MEAN_REVERSION"] == 1.05
        assert "MEAN_REVERSION" in (btc.allowed_regimes or [])
    
        # BTC must have 2 strategies assigned (aurora + mean_reversion).
        assert cfg.strategies_registry is not None
&gt;       assert set(cfg.strategies_registry.assignments["BTCUSDT"]) == {"aurora", "mean_reversion"}
E       AssertionError: assert {'aurora'} == {'aurora', 'mean_reversion'}
E         
E         Extra items in the right set:
E         #x1B[0m#x1B[33m'#x1B[39;49;00m#x1B[33mmean_reversion#x1B[39;49;00m#x1B[33m'#x1B[39;49;00m#x1B[90m#x1B[39;49;00m
E         Use -v to get more diff

tests/config/test_task47_loader_effective_values.py:28: AssertionError</failure></testcase><testcase classname="tests.config.test_task53_config_loader_fail_closed_contracts.TestUnknownFieldCrashes" name="test_unknown_field_in_domains_yaml_crashes" time="0.070" /><testcase classname="tests.config.test_task53_config_loader_fail_closed_contracts.TestUnknownFieldCrashes" name="test_unknown_field_in_system_yaml_crashes" time="0.059" /><testcase classname="tests.config.test_task53_config_loader_fail_closed_contracts.TestUnknownFieldCrashes" name="test_unknown_field_in_strategy_profile_crashes" time="0.074" /><testcase classname="tests.config.test_task53_config_loader_fail_closed_contracts.TestDuplicateLeafPathCrashes" name="test_duplicate_leaf_path_in_system_and_trading_crashes" time="0.005" /><testcase classname="tests.config.test_task53_config_loader_fail_closed_contracts.TestMissingRequiredNumericCrashes" name="test_missing_watchdog_ack_ttl_ms_crashes" time="0.071" /><testcase classname="tests.config.test_task53_config_loader_fail_closed_contracts.TestMissingRequiredNumericCrashes" name="test_missing_qos_symbol_cooldown_sec_crashes" time="0.070" /><testcase classname="tests.config.test_task53_config_loader_fail_closed_contracts.TestWrongTypeNumericCrashes" name="test_string_instead_of_int_crashes" time="0.071" /><testcase classname="tests.config.test_task53_config_loader_fail_closed_contracts.TestWrongTypeNumericCrashes" name="test_string_instead_of_float_crashes" time="0.070" /><testcase classname="tests.config.test_task53_config_loader_fail_closed_contracts.TestConfigLoaderIntegrity" name="test_production_config_loads_without_error" time="0.053" /><testcase classname="tests.config.test_task53_config_loader_fail_closed_contracts.TestConfigLoaderIntegrity" name="test_provenance_map_populated" time="0.053" /><testcase classname="tests.config.test_task53_config_loader_fail_closed_contracts.TestConfigLoaderIntegrity" name="test_all_pydantic_models_have_extra_forbid" time="0.000" /><testcase classname="tests.config.test_task53_no_silent_fallbacks_scan.TestStaticFallbackPatternsScan" name="test_no_forbidden_config_get_patterns" time="0.040" /><testcase classname="tests.config.test_task53_no_silent_fallbacks_scan.TestStaticFallbackPatternsScan" name="test_audit_get_patterns_in_domains" time="0.009" /><testcase classname="tests.config.test_task53_no_silent_fallbacks_scan.TestMissingFieldCausesCrash" name="test_missing_domain_config_section_crashes" time="0.127" /><testcase classname="tests.config.test_task53_no_silent_fallbacks_scan.TestMissingFieldCausesCrash" name="test_missing_field_does_not_return_none_silently" time="0.055" /><testcase classname="tests.config.test_task53_no_silent_fallbacks_scan.TestNoLegacyDictAccess" name="test_decision_making_uses_typed_access" time="0.054" /><testcase classname="tests.config.test_task53_no_silent_fallbacks_scan.TestNoLegacyDictAccess" name="test_config_rejects_dict_input" time="0.000" /><testcase classname="tests.config.test_task53_numeric_params_reach_runtime.TestWatchdogAckTtlMsReachesRuntime" name="test_ack_ttl_ms_is_loaded_correctly" time="0.070" /><testcase classname="tests.config.test_task53_numeric_params_reach_runtime.TestWatchdogAckTtlMsReachesRuntime" name="test_different_ack_ttl_values_produce_different_configs" time="0.126" /><testcase classname="tests.config.test_task53_numeric_params_reach_runtime.TestPreflightBackoffMsIsFailClosed" name="test_preflight_backoff_ms_is_loaded_from_yaml" time="0.054" /><testcase classname="tests.config.test_task53_numeric_params_reach_runtime.TestPreflightBackoffMsIsFailClosed" name="test_missing_preflight_backoff_ms_crashes" time="0.063" /><testcase classname="tests.config.test_task53_numeric_params_reach_runtime.TestQosSymbolCooldownSecReachesRuntime" name="test_symbol_cooldown_sec_is_loaded_correctly" time="0.071" /><testcase classname="tests.config.test_task53_numeric_params_reach_runtime.TestQosSymbolCooldownSecReachesRuntime" name="test_cooldown_affects_decision_making_init" time="0.071" /><testcase classname="tests.config.test_task53_numeric_params_reach_runtime.TestVolatilityWindowSecReachesRuntime" name="test_volatility_window_sec_is_loaded_correctly" time="0.071" /><testcase classname="tests.config.test_task53_numeric_params_reach_runtime.TestVolatilityWindowSecReachesRuntime" name="test_window_sec_affects_feature_engineering_init" time="0.071" /><testcase classname="tests.config.test_task53_numeric_params_reach_runtime.TestPositionsStaleTtlSecReachesRuntime" name="test_positions_stale_ttl_sec_is_loaded_correctly" time="0.075" /><testcase classname="tests.config.test_task53_numeric_params_reach_runtime.TestPositionsStaleTtlSecReachesRuntime" name="test_stale_ttl_is_used_by_domain" time="0.071" /><testcase classname="tests.config.test_task53_numeric_params_reach_runtime.TestEffectiveConfigSnapshot" name="test_numeric_types_are_correct" time="0.112" /><testcase classname="tests.config.test_task53_numeric_params_reach_runtime.TestEffectiveConfigSnapshot" name="test_critical_numeric_keys_present" time="0.055" /><testcase classname="tests.config.test_task53_numeric_params_reach_runtime.TestEffectiveConfigSnapshot" name="test_config_to_dict_preserves_numerics" time="0.054" /><testcase classname="tests.config.test_task53_numeric_params_reach_runtime.TestRiskManagementThresholdsReachRuntime" name="test_max_risk_score_is_loaded_correctly" time="0.070" /><testcase classname="tests.config.test_task53_numeric_params_reach_runtime.TestMeanReversionConfigsReachRuntime" name="test_xrp_doge_mr_configs_loaded_correctly" time="0.054" /><testcase classname="tests.config.test_task53_numeric_params_reach_runtime.TestMeanReversionConfigsReachRuntime" name="test_mr_handler_uses_per_asset_overrides" time="0.055" /><testcase classname="tests.config.test_task54_weight_key_validation.TestWeightKeyValidation" name="test_canonical_keys_accepted" time="0.000" /><testcase classname="tests.config.test_task54_weight_key_validation.TestWeightKeyValidation" name="test_partial_weights_accepted" time="0.000" /><testcase classname="tests.config.test_task54_weight_key_validation.TestWeightKeyValidation" name="test_legacy_abbr_keys_rejected" time="0.000" /><testcase classname="tests.config.test_task54_weight_key_validation.TestWeightKeyValidation" name="test_single_invalid_key_rejected" time="0.000" /><testcase classname="tests.config.test_task54_weight_key_validation.TestWeightKeyValidation" name="test_all_legacy_keys_rejected" time="0.000" /><testcase classname="tests.config.test_task54_weight_key_validation.TestWeightKeyValidation" name="test_none_weights_accepted" time="0.000" /><testcase classname="tests.config.test_task54_weight_key_validation.TestWeightKeyValidation" name="test_empty_weights_accepted" time="0.000" /><testcase classname="tests.config.test_task54_weight_key_validation.TestWeightKeyValidation" name="test_canonical_keys_constant_complete" time="0.000" /><testcase classname="tests.config.test_task54_weight_key_validation.TestWeightKeyValidation" name="test_typo_key_rejected" time="0.000" /><testcase classname="tests.config.test_task54_weight_key_validation.TestConfigLoadWithNewWeights" name="test_production_aurora_yaml_loads" time="0.053" /><testcase classname="tests.config.test_task54_weight_key_validation.TestConfigLoadWithNewWeights" name="test_global_signal_weights_are_canonical" time="0.053" /><testcase classname="tests.config.test_timeframe_sec_ssot_precedence.TestTimeframeSecSSOTPrecedence" name="test_instrument_override_wins_over_profile" time="0.082" /><testcase classname="tests.config.test_timeframe_sec_ssot_precedence.TestTimeframeSecSSOTPrecedence" name="test_profile_used_when_no_instrument_override" time="0.081" /><testcase classname="tests.config.test_timeframe_sec_ssot_precedence.TestTimeframeSecSSOTPrecedence" name="test_missing_both_fails_closed" time="0.081" /><testcase classname="tests.config.test_toplevel_forbid_enforcement.TestTopLevelForbidEnforcement" name="test_decision_config_forbid_rejects_unknown_keys_strict" time="0.000" /><testcase classname="tests.config.test_toplevel_forbid_enforcement.TestTopLevelForbidEnforcement" name="test_manage_config_forbid_rejects_unknown_keys_strict" time="0.000" /><testcase classname="tests.config.test_toplevel_forbid_enforcement.TestTopLevelForbidEnforcement" name="test_execution_config_forbid_rejects_unknown_keys_strict" time="0.000" /><testcase classname="tests.config.test_toplevel_forbid_enforcement.TestTopLevelForbidEnforcement" name="test_market_data_config_forbid_rejects_unknown_keys_strict" time="0.000" /><testcase classname="tests.config.test_toplevel_forbid_enforcement.TestTopLevelForbidEnforcement" name="test_exposure_config_forbid_rejects_unknown_keys_strict" time="0.000" /><testcase classname="tests.config.test_toplevel_forbid_enforcement.TestExplicitFieldsPresent" name="test_decision_config_has_all_known_fields" time="0.000" /><testcase classname="tests.config.test_toplevel_forbid_enforcement.TestExplicitFieldsPresent" name="test_execution_config_has_all_known_fields" time="0.000" /><testcase classname="tests.config.test_toplevel_forbid_enforcement.TestExplicitFieldsPresent" name="test_exposure_config_has_all_known_fields" time="0.000" /><testcase classname="tests.config.test_toplevel_forbid_enforcement.TestExplicitFieldsPresent" name="test_market_data_config_has_all_known_fields" time="0.000" /><testcase classname="tests.config.test_toplevel_forbid_enforcement.TestDeprecatedFieldsOptional" name="test_decision_config_deprecated_fields_optional" time="0.000" /><testcase classname="tests.config.test_toplevel_forbid_enforcement.TestDeprecatedFieldsOptional" name="test_execution_config_deprecated_fields_optional" time="0.000" /><testcase classname="tests.config.test_typed_dict_any_configs.TestDecisionModeOverrides" name="test_decision_overrides_accept_consumed_keys_only" time="0.000" /><testcase classname="tests.config.test_typed_dict_any_configs.TestDecisionModeOverrides" name="test_decision_config_forbid_unknown_top_level" time="0.000" /><testcase classname="tests.config.test_typed_dict_any_configs.TestDecisionModeOverrides" name="test_decision_overrides_optional_ok" time="0.000" /><testcase classname="tests.config.test_typed_dict_any_configs.TestKlinesConfig" name="test_klines_config_accept_known_fields" time="0.000" /><testcase classname="tests.config.test_typed_dict_any_configs.TestKlinesConfig" name="test_klines_config_reject_unknown_fields" time="0.000" /><testcase classname="tests.config.test_typed_dict_any_configs.TestKlinesConfig" name="test_api_call_limits_uses_typed_klines" time="0.000" /><testcase classname="tests.config.test_typed_dict_any_configs.TestManageConfigTyped" name="test_emergency_config_strict_stub" time="0.000" /><testcase classname="tests.config.test_typed_dict_any_configs.TestManageConfigTyped" name="test_orphan_monitor_config_temporary_allow" time="0.000" /><testcase classname="tests.config.test_typed_dict_any_configs.TestManageConfigTyped" name="test_manage_config_forbid_unknown" time="0.000" /><testcase classname="tests.config.test_typed_dict_any_configs.TestExecutionConfigTyped" name="test_watchdog_config_typed" time="0.000" /><testcase classname="tests.config.test_typed_dict_any_configs.TestExecutionConfigTyped" name="test_watchdog_config_forbid_unknown" time="0.000" /><testcase classname="tests.config.test_typed_dict_any_configs.TestExecutionConfigTyped" name="test_execution_config_uses_typed_watchdog" time="0.000" /><testcase classname="tests.config.test_typed_dict_any_configs.TestExecutionConfigTyped" name="test_execution_config_forbid_unknown" time="0.001" /><testcase classname="tests.config.test_typed_dict_any_configs.TestE2ERegressionTypedConfigs" name="test_no_dict_any_in_decision_config" time="0.000" /><testcase classname="tests.config.test_typed_dict_any_configs.TestE2ERegressionTypedConfigs" name="test_no_dict_any_in_manage_config" time="0.000" /><testcase classname="tests.config.test_typed_dict_any_configs.TestE2ERegressionTypedConfigs" name="test_no_dict_any_in_execution_config" time="0.000" /><testcase classname="tests.config.test_typed_dict_any_configs.TestE2ERegressionTypedConfigs" name="test_no_dict_any_in_api_call_limits" time="0.000" /><testcase classname="tests.contracts.test_anti_zombie_guard.TestAntiZombieGuard" name="test_no_account_observer_in_runtime_imports" time="0.018" /><testcase classname="tests.contracts.test_anti_zombie_guard.TestAntiZombieGuard" name="test_no_binance_client_in_runtime" time="0.012" /><testcase classname="tests.contracts.test_decision_blocked_schema.TestDecisionBlockedSchema" name="test_valid_payload" time="0.000" /><testcase classname="tests.contracts.test_decision_blocked_schema.TestDecisionBlockedSchema" name="test_missing_required_fields" time="0.000" /><testcase classname="tests.contracts.test_exchange_filters_validation.TestExchangeFiltersContract" name="test_valid_filters" time="0.000" /><testcase classname="tests.contracts.test_exchange_filters_validation.TestExchangeFiltersContract" name="test_step_size_must_be_positive" time="0.000" /><testcase classname="tests.contracts.test_exchange_filters_validation.TestExchangeFiltersContract" name="test_min_qty_must_be_positive" time="0.000" /><testcase classname="tests.contracts.test_exchange_filters_validation.TestSSOTFiltersContract" name="test_from_yaml_dict" time="0.000" /><testcase classname="tests.contracts.test_exchange_filters_validation.TestSSOTFiltersContract" name="test_from_yaml_dict_defaults" time="0.000" /><testcase classname="tests.contracts.test_exchange_filters_validation.TestFilterMismatch" name="test_step_size_ssot_smaller_is_critical" time="0.000" /><testcase classname="tests.contracts.test_exchange_filters_validation.TestFilterMismatch" name="test_step_size_ssot_larger_is_warning" time="0.000" /><testcase classname="tests.contracts.test_exchange_filters_validation.TestFilterMismatch" name="test_min_qty_ssot_smaller_is_critical" time="0.000" /><testcase classname="tests.contracts.test_exchange_filters_validation.TestExchangeFiltersValidator" name="test_fetch_exchange_filters_parses_correctly" time="0.001" /><testcase classname="tests.contracts.test_exchange_filters_validation.TestExchangeFiltersValidator" name="test_compare_filters_no_mismatch" time="0.001" /><testcase classname="tests.contracts.test_exchange_filters_validation.TestExchangeFiltersValidator" name="test_compare_filters_step_size_mismatch" time="0.001" /><testcase classname="tests.contracts.test_exchange_filters_validation.TestExchangeFiltersValidator" name="test_fetch_exchange_filters_missing_min_notional_raises" time="0.001" /><testcase classname="tests.contracts.test_exchange_filters_validation.TestFiltersValidationCrashBehavior" name="test_filters_mismatch_crashes_in_live" time="0.001" /><testcase classname="tests.contracts.test_exchange_filters_validation.TestFiltersValidationCrashBehavior" name="test_filters_match_passes" time="0.002" /><testcase classname="tests.contracts.test_exchange_filters_validation.TestFiltersValidationCrashBehavior" name="test_sol_step_size_mismatch_detected" time="0.001" /><testcase classname="tests.contracts.test_exchange_filters_validation.TestWarmonlyMode" name="test_warn_only_logs_instead_of_crash" time="0.002" /><testcase classname="tests.contracts.test_exchange_filters_validation.TestValidateInstrumentsOnStartup" name="test_validates_instruments_yaml_format" time="0.001" /><testcase classname="tests.contracts.test_exchange_filters_validation.TestValidateInstrumentsOnStartup" name="test_empty_instruments_skips_validation" time="0.001" /><testcase classname="tests.contracts.test_exchange_filters_validation.TestIntegrationWithRealConfig" name="test_current_ssot_matches_expected_exchange_values" time="0.001" /><testcase classname="tests.contracts.test_inflight_reconcile.TestInFlightConfig" name="test_default_values" time="0.000" /><testcase classname="tests.contracts.test_inflight_reconcile.TestInFlightConfig" name="test_from_yaml_dict" time="0.000" /><testcase classname="tests.contracts.test_inflight_reconcile.TestInFlightConfig" name="test_from_ssot" time="0.000" /><testcase classname="tests.contracts.test_inflight_reconcile.TestInFlightEntry" name="test_age_calculation" time="0.011" /><testcase classname="tests.contracts.test_inflight_reconcile.TestInFlightEntry" name="test_is_terminal_pending" time="0.000" /><testcase classname="tests.contracts.test_inflight_reconcile.TestInFlightEntry" name="test_is_terminal_filled" time="0.000" /><testcase classname="tests.contracts.test_inflight_reconcile.TestInFlightEntry" name="test_is_terminal_not_found" time="0.000" /><testcase classname="tests.contracts.test_inflight_reconcile.TestInFlightReconciler" name="test_register_entry" time="0.000" /><testcase classname="tests.contracts.test_inflight_reconcile.TestInFlightReconciler" name="test_has_in_flight" time="0.000" /><testcase classname="tests.contracts.test_inflight_reconcile.TestInFlightReconciler" name="test_update_order_id" time="0.000" /><testcase classname="tests.contracts.test_inflight_reconcile.TestInFlightReconciler" name="test_mark_terminal" time="0.000" /><testcase classname="tests.contracts.test_inflight_reconcile.TestInFlightReconciler" name="test_clear_entry" time="0.000" /><testcase classname="tests.contracts.test_inflight_reconcile.TestInFlightReconciler" name="test_stats" time="0.001" /><testcase classname="tests.contracts.test_inflight_reconcile.TestInFlightExpiresAndReconciles" name="test_inflight_expires_and_reconciles" time="0.002" /><testcase classname="tests.contracts.test_inflight_reconcile.TestInFlightExpiresAndReconciles" name="test_inflight_cleared_on_terminal_status" time="0.004" /><testcase classname="tests.contracts.test_inflight_reconcile.TestInFlightExpiresAndReconciles" name="test_inflight_cleared_on_not_found" time="0.002" /><testcase classname="tests.contracts.test_inflight_reconcile.TestInFlightExpiresAndReconciles" name="test_inflight_blocks_before_ttl" time="0.000" /><testcase classname="tests.contracts.test_inflight_reconcile.TestMaxTTLForceCleanup" name="test_max_ttl_force_clears" time="0.001" /><testcase classname="tests.contracts.test_inflight_reconcile.TestReconcileAllExpired" name="test_reconcile_all_expired" time="0.002" /><testcase classname="tests.contracts.test_inflight_reconcile.TestReconcileWithPendingStatus" name="test_pending_not_cleared" time="0.002" /><testcase classname="tests.contracts.test_inflight_reconcile.TestTerminalStatuses" name="test_terminal_statuses" time="0.000" /><testcase classname="tests.contracts.test_inflight_reconcile.TestCleanupTerminal" name="test_cleanup_terminal" time="0.001" /><testcase classname="tests.contracts.test_inflight_reconcile.TestMultipleSymbols" name="test_independent_symbols" time="0.000" /><testcase classname="tests.contracts.test_inflight_reconcile.TestMultipleSymbols" name="test_multiple_per_symbol" time="0.000" /><testcase classname="tests.contracts.test_intent_deferred_schema_additive" name="test_legacy_payload_is_valid" time="0.001" /><testcase classname="tests.contracts.test_intent_deferred_schema_additive" name="test_v1_payload_is_valid" time="0.001" /><testcase classname="tests.contracts.test_intent_deferred_schema_additive" name="test_retry_key_payload_requires_v1_fields" time="0.000" /><testcase classname="tests.contracts.test_regime_allowlist.TestStrategyRegimeConfig" name="test_allows_mr_regimes_with_flat" time="0.000" /><testcase classname="tests.contracts.test_regime_allowlist.TestStrategyRegimeConfig" name="test_blocks_mr_regimes_with_trend_only" time="0.000" /><testcase classname="tests.contracts.test_regime_allowlist.TestStrategyRegimeConfig" name="test_null_allowed_regimes_allows_all" time="0.000" /><testcase classname="tests.contracts.test_regime_allowlist.TestStrategyRegimeConfig" name="test_is_mr_enabled_but_blocked" time="0.000" /><testcase classname="tests.contracts.test_regime_allowlist.TestRegimeAllowlistContract" name="test_extract_strategy_config" time="0.000" /><testcase classname="tests.contracts.test_regime_allowlist.TestRegimeAllowlistContract" name="test_validate_symbol_mr_ok" time="0.000" /><testcase classname="tests.contracts.test_regime_allowlist.TestRegimeAllowlistContract" name="test_validate_symbol_mr_blocked_is_critical" time="0.000" /><testcase classname="tests.contracts.test_regime_allowlist.TestRegimeAllowlistContract" name="test_validate_symbol_unknown_regimes_warning" time="0.000" /><testcase classname="tests.contracts.test_regime_allowlist.TestMRBlockingExplainable" name="test_mr_blocking_is_explainable_and_config_driven" time="0.000" /><testcase classname="tests.contracts.test_regime_allowlist.TestMRBlockingExplainable" name="test_mr_enabled_when_allowlisted" time="0.000" /><testcase classname="tests.contracts.test_regime_allowlist.TestConfigValidation" name="test_valid_config_passes" time="0.001" /><testcase classname="tests.contracts.test_regime_allowlist.TestConfigValidation" name="test_invalid_config_raises" time="0.000" /><testcase classname="tests.contracts.test_regime_allowlist.TestStartupHook" name="test_validates_strategies_yaml_format" time="0.000" /><testcase classname="tests.contracts.test_regime_allowlist.TestStartupHook" name="test_empty_assignments_skips_validation" time="0.000" /><testcase classname="tests.contracts.test_regime_allowlist.TestExplainBlocking" name="test_explain_allowed_regime" time="0.000" /><testcase classname="tests.contracts.test_regime_allowlist.TestExplainBlocking" name="test_explain_no_restriction" time="0.000" /><testcase classname="tests.contracts.test_regime_allowlist.TestRealConfigScenarios" name="test_eth_config_aurora_only" time="0.000" /><testcase classname="tests.contracts.test_regime_allowlist.TestRealConfigScenarios" name="test_doge_config_mr_with_flat" time="0.000" /><testcase classname="tests.contracts.test_regime_allowlist.TestRealConfigScenarios" name="test_btc_hybrid_config" time="0.001" /><testcase classname="tests.contracts.test_regime_allowlist.TestMRCompatibleRegimes" name="test_flat_regimes_are_mr_compatible" time="0.000" /><testcase classname="tests.contracts.test_regime_allowlist.TestMRCompatibleRegimes" name="test_low_volatility_is_mr_compatible" time="0.000" /><testcase classname="tests.contracts.test_regime_allowlist.TestMRCompatibleRegimes" name="test_trend_regimes_not_mr_compatible" time="0.000" /><testcase classname="tests.contracts.test_regime_allowlist.TestMRCompatibleRegimes" name="test_all_regimes_constant" time="0.000" /><testcase classname="tests.domains.alpha_search.test_models_determinism.TestModelsDeterminism" name="test_momentum_output_range" time="0.000" /><testcase classname="tests.domains.alpha_search.test_models_determinism.TestModelsDeterminism" name="test_mean_reversion_determinism" time="0.000" /><testcase classname="tests.domains.alpha_search.test_models_determinism.TestModelsDeterminism" name="test_volatility_clamping" time="0.000" /><testcase classname="tests.domains.alpha_search.test_models_determinism.TestModelsDeterminism" name="test_model_initialization" time="0.000" /><testcase classname="tests.domains.alpha_search.test_registry_fail_closed.TestRegistryFailClosed" name="test_warmup_skip_empty_features" time="0.000" /><testcase classname="tests.domains.alpha_search.test_registry_fail_closed.TestRegistryFailClosed" name="test_missing_required_feature_skip" time="0.000" /><testcase classname="tests.domains.alpha_search.test_registry_fail_closed.TestRegistryFailClosed" name="test_model_exception_isolation" time="0.002" /><testcase classname="tests.domains.decision_making.test_anti_churn_harden" name="test_risk_off_immediate_effective_update" time="0.001"><failure message="AssertionError: assert None == 'TREND_UP'&#10; +  where None = SymbolState(regime='TREND_UP', regime_confidence=0.9, regime_ts_ms=1700000000000, regime_raw=None, regime_effective=No...estamps=[], last_signal_ts_ms=0, last_signal_side='', entry_timestamp=None, position_side='', last_exit_timestamp=None).regime_effective">def test_risk_off_immediate_effective_update():
        """Risk-Off: TREND_UP(20) -&gt; FLAT_LOW(50) must update effective immediately."""
        clock = SplitClock()
        handler = _make_handler(clock, confirm_window_sec=90.0)
    
        _emit_regime(handler, clock, "TREND_UP")
&gt;       assert handler._symbol_states["BTCUSDT"].regime_effective == "TREND_UP"
E       AssertionError: assert None == 'TREND_UP'
E        +  where None = SymbolState(regime='TREND_UP', regime_confidence=0.9, regime_ts_ms=1700000000000, regime_raw=None, regime_effective=No...estamps=[], last_signal_ts_ms=0, last_signal_side='', entry_timestamp=None, position_side='', last_exit_timestamp=None).regime_effective

[...]
ancelHelper" name="test_helper_config_defaults" time="0.000" /><testcase classname="tests.unit.test_idempotent_cancel.TestIdempotentCancelHelper" name="test_helper_log_result_success" time="0.001" /><testcase classname="tests.unit.test_idempotent_cancel.TestIdempotentCancelHelper" name="test_helper_log_result_failure" time="0.001" /><testcase classname="tests.unit.test_idempotent_cancel.TestIdempotentCancelIntegration" name="test_scenario_order_already_canceled" time="0.000" /><testcase classname="tests.unit.test_idempotent_cancel.TestIdempotentCancelIntegration" name="test_scenario_order_2011_absorbed" time="0.000" /><testcase classname="tests.unit.test_idempotent_cancel.TestIdempotentCancelIntegration" name="test_scenario_cancel_success" time="0.000" /><testcase classname="tests.unit.test_idempotent_cancel.TestIdempotentCancelIntegration" name="test_scenario_cancel_filled_already" time="0.000" /><testcase classname="tests.unit.test_idempotent_cancel_logic.TestIdempotentCancelLogic" name="test_cancel_order_idempotent_success" time="0.001" /><testcase classname="tests.unit.test_idempotent_cancel_logic.TestIdempotentCancelLogic" name="test_cancel_order_idempotent_pre_check_terminal" time="0.001" /><testcase classname="tests.unit.test_idempotent_cancel_logic.TestIdempotentCancelLogic" name="test_cancel_order_idempotent_2011_absorption" time="0.001" /><testcase classname="tests.unit.test_idempotent_cancel_logic.TestIdempotentCancelLogic" name="test_double_cancel_is_idempotent_success" time="0.001" /><testcase classname="tests.unit.test_idempotent_cancel_logic.TestIdempotentCancelLogic" name="test_cancel_order_idempotent_retries" time="0.001" /><testcase classname="tests.unit.test_idempotent_cancel_logic.TestIdempotentCancelLogic" name="test_cancel_order_idempotent_max_retries_exceeded" time="0.002" /><testcase classname="tests.unit.test_metrics_aggregator.TestMetricEventTypes" name="test_clip_event_type" time="0.000" /><testcase classname="tests.unit.test_metrics_aggregator.TestMetricEventTypes" name="test_cancel_event_type" time="0.000" /><testcase classname="tests.unit.test_metrics_aggregator.TestMetricEventTypes" name="test_2011_event_type" time="0.000" /><testcase classname="tests.unit.test_metrics_aggregator.TestClipMetricEvent" name="test_create_clip_event" time="0.000" /><testcase classname="tests.unit.test_metrics_aggregator.TestClipMetricEvent" name="test_clip_event_json_line" time="0.000" /><testcase classname="tests.unit.test_metrics_aggregator.TestRejectMetricEvent" name="test_create_reject_event" time="0.000" /><testcase classname="tests.unit.test_metrics_aggregator.TestRejectMetricEvent" name="test_reject_event_json_line" time="0.000" /><testcase classname="tests.unit.test_metrics_aggregator.TestCancelMetricEvent" name="test_create_cancel_event" time="0.000" /><testcase classname="tests.unit.test_metrics_aggregator.TestCancelMetricEvent" name="test_cancel_2011_event" time="0.000" /><testcase classname="tests.unit.test_metrics_aggregator.TestCancelMetricEvent" name="test_cancel_event_json_line" time="0.000" /><testcase classname="tests.unit.test_metrics_aggregator.TestStructuredMetricsLogger" name="test_logger_init" time="0.000" /><testcase classname="tests.unit.test_metrics_aggregator.TestStructuredMetricsLogger" name="test_log_clip_event" time="0.000" /><testcase classname="tests.unit.test_metrics_aggregator.TestStructuredMetricsLogger" name="test_log_reject_event" time="0.000" /><testcase classname="tests.unit.test_metrics_aggregator.TestStructuredMetricsLogger" name="test_log_cancel_event_success" time="0.001" /><testcase classname="tests.unit.test_metrics_aggregator.TestStructuredMetricsLogger" name="test_log_cancel_event_2011" time="0.000" /><testcase classname="tests.unit.test_metrics_aggregator.TestStructuredMetricsLogger" name="test_aggregator_summary" time="0.001" /><testcase classname="tests.unit.test_metrics_aggregator.TestMetricsIntegration" name="test_full_trading_session_metrics" time="0.001" /><testcase classname="tests.unit.test_metrics_collector.TestMetricsCollector" name="test_initialization" time="0.000" /><testcase classname="tests.unit.test_metrics_collector.TestMetricsCollector" name="test_record_trade_intent" time="0.000" /><testcase classname="tests.unit.test_metrics_collector.TestMetricsCollector" name="test_record_trade_decision" time="0.000" /><testcase classname="tests.unit.test_metrics_collector.TestMetricsCollector" name="test_record_trade_execution" time="0.000" /><testcase classname="tests.unit.test_metrics_collector.TestMetricsCollector" name="test_exposure_metrics" time="0.000" /><testcase classname="tests.unit.test_metrics_collector.TestMetricsCollector" name="test_latency_and_qos_metrics" time="0.000" /><testcase classname="tests.unit.test_metrics_collector.TestMetricsCollector" name="test_rejection_patterns" time="0.000" /><testcase classname="tests.unit.test_metrics_collector.TestMetricsCollector" name="test_thread_safety" time="0.004" /><testcase classname="tests.unit.test_metrics_collector.TestMetricsCollector" name="test_reset" time="0.000" /><testcase classname="tests.unit.test_nrr_mapping_catalog.TestNRRCatalog" name="test_nrr_codes_exist" time="0.000" /><testcase classname="tests.unit.test_nrr_mapping_catalog.TestNRRCatalog" name="test_nrr_descriptions_exist" time="0.001" /><testcase classname="tests.unit.test_nrr_mapping_catalog.TestNRRCatalog" name="test_nrr_code_format" time="0.000" /><testcase classname="tests.unit.test_nrr_mapping_catalog.TestNRRCatalog" name="test_no_duplicate_nrr_codes" time="0.000" /><testcase classname="tests.unit.test_nrr_mapping_catalog.TestNRRCatalog" name="test_nrr_code_sequential" time="0.000" /><testcase classname="tests.unit.test_phase6_integration.TestPhase4Phase5Integration" name="test_cancel_with_metrics_logging" time="0.000" /><testcase classname="tests.unit.test_phase6_integration.TestPhase4Phase5Integration" name="test_2011_absorption_with_metrics" time="0.000" /><testcase classname="tests.unit.test_phase6_integration.TestPhase2Phase3Integration" name="test_clip_engine_initialized" time="0.000" /><testcase classname="tests.unit.test_phase6_integration.TestPhase2Phase3Integration" name="test_clip_config_preserved" time="0.000" /><testcase classname="tests.unit.test_phase6_integration.TestPhase1Phase2Integration" name="test_soft_clip_config_margins" time="0.000" /><testcase classname="tests.unit.test_phase6_integration.TestPhase3Phase4Integration" name="test_cancel_during_regime_shift" time="0.001" /><testcase classname="tests.unit.test_phase6_integration.TestFullPhaseInteraction" name="test_order_lifecycle_with_all_phases" time="0.000" /><testcase classname="tests.unit.test_phase6_integration.TestRegressionCases" name="test_zero_clip_amount_not_logged" time="0.000" /><testcase classname="tests.unit.test_phase6_integration.TestRegressionCases" name="test_partial_fill_cancel_idempotent" time="0.000" /><testcase classname="tests.unit.test_phase6_integration.TestRegressionCases" name="test_multiple_cancels_same_order" time="0.000" /><testcase classname="tests.unit.test_qos_nrr012" name="test_nrr_012_rate_limit_semantics" time="0.000"><skipped type="pytest.skip" message="Method _qos_allow does not exist in DecisionMaking - legacy test">/home/wekabeka/Музыка/Phenix/tests/unit/test_qos_nrr012.py:19: Method _qos_allow does not exist in DecisionMaking - legacy test</skipped></testcase><testcase classname="tests.unit.test_qos_nrr012" name="test_symbol_cooldown_semantics" time="0.000"><skipped type="pytest.skip" message="Method _symbol_cooldown_semantics does not exist in DecisionMaking - legacy test">/home/wekabeka/Музыка/Phenix/tests/unit/test_qos_nrr012.py:93: Method _symbol_cooldown_semantics does not exist in DecisionMaking - legacy test</skipped></testcase><testcase classname="tests.unit.test_qos_nrr012" name="test_defer_mode_emits_correct_event" time="0.000"><skipped type="pytest.skip" message="Method _update_intent_count does not exist in DecisionMaking - legacy test">/home/wekabeka/Музыка/Phenix/tests/unit/test_qos_nrr012.py:156: Method _update_intent_count does not exist in DecisionMaking - legacy test</skipped></testcase><testcase classname="tests.unit.test_soft_clip_engine.TestSoftClipBasic" name="test_no_clip_when_under_limit" time="0.000" /><testcase classname="tests.unit.test_soft_clip_engine.TestSoftClipBasic" name="test_clip_on_margin_limit" time="0.000" /><testcase classname="tests.unit.test_soft_clip_engine.TestSoftClipBasic" name="test_reject_below_clip_min" time="0.000" /><testcase classname="tests.unit.test_soft_clip_engine.TestSoftClipSideLimit" name="test_clip_on_side_limit" time="0.001" /><testcase classname="tests.unit.test_soft_clip_engine.TestSoftClipDirectionalRatio" name="test_clip_on_directional_ratio" time="0.000" /><testcase classname="tests.unit.test_soft_clip_engine.TestSoftClipMetrics" name="test_clip_metrics_recorded" time="0.000" /><testcase classname="tests.unit.test_soft_clip_engine.TestClipResultDataclass" name="test_clip_result_defaults" time="0.000" /><testcase classname="tests.unit.test_soft_clip_engine.TestClipResultDataclass" name="test_clip_result_with_data" time="0.000" /><testcase classname="tests.unit.test_strategy_aware_gates.TestIsStrategyAssigned" name="test_aurora_assigned_to_btc" time="0.000" /><testcase classname="tests.unit.test_strategy_aware_gates.TestIsStrategyAssigned" name="test_aurora_not_assigned_to_doge" time="0.000" /><testcase classname="tests.unit.test_strategy_aware_gates.TestIsStrategyAssigned" name="test_mr_assigned_to_doge" time="0.000" /><testcase classname="tests.unit.test_strategy_aware_gates.TestIsStrategyAssigned" name="test_symbol_not_in_registry" time="0.000" /><testcase classname="tests.unit.test_strategy_aware_gates.TestIsStrategyAssigned" name="test_no_registry_backward_compat" time="0.000" /><testcase classname="tests.unit.test_strategy_aware_gates.TestStrategyAwareGates" name="test_aurora_gates_applied_to_aurora_symbol" time="0.000" /><testcase classname="tests.unit.test_strategy_aware_gates.TestStrategyAwareGates" name="test_aurora_gates_skipped_for_mr_only_symbol" time="0.000" /><testcase classname="tests.unit.test_strategy_aware_gates.TestStrategyAwareGates" name="test_regime_gate_not_blocking_mr_only_symbol" time="0.000" /><testcase classname="tests.unit.test_strategy_aware_gates.TestStrategyAwareGates" name="test_regime_gate_blocks_aurora_symbol_wrong_regime" time="0.000" /><testcase classname="tests.unit.test_strategy_aware_gates.TestHybridSymbols" name="test_hybrid_symbol_aurora_gates_apply" time="0.000" /><testcase classname="tests.unit.test_strategy_aware_gates.TestHybridSymbols" name="test_hybrid_symbol_mr_signal_uses_gateway" time="0.000" /><testcase classname="tests.unit.test_strategy_aware_gates.TestEdgeCases" name="test_empty_assignments_list" time="0.000" /><testcase classname="tests.unit.test_strategy_aware_gates.TestEdgeCases" name="test_none_assignments" time="0.000" /><testcase classname="tests.unit.test_strategy_aware_gates.TestEdgeCases" name="test_case_sensitivity" time="0.000" /><testcase classname="tests.unit.test_strategy_aware_gates.TestEdgeCases" name="test_whitespace_in_strategy_id" time="0.000" /><testcase classname="tests.unit.test_strategy_aware_gates.TestRegressionScenarios" name="test_doge_trend_up_not_blocked" time="0.000" /><testcase classname="tests.unit.test_strategy_aware_gates.TestRegressionScenarios" name="test_btc_still_has_aurora_gates" time="0.000" /><testcase classname="tests.unit.test_utils_event_bus.TestLocalBus" name="test_listen_and_emit_no_payload" time="0.000" /><testcase classname="tests.unit.test_utils_event_bus.TestLocalBus" name="test_listen_and_emit_with_payload" time="0.000" /><testcase classname="tests.unit.test_utils_event_bus.TestLocalBus" name="test_multiple_listeners" time="0.000" /><testcase classname="tests.unit.test_utils_event_bus.TestLocalBus" name="test_error_isolation" time="0.001" /><testcase classname="tests.unit.test_utils_event_bus.TestLocalBus" name="test_unlisten" time="0.000" /><testcase classname="tests.unit.test_utils_event_bus.TestLocalBus" name="test_unlisten_not_registered" time="0.000" /><testcase classname="tests.unit.test_utils_event_bus.TestLocalBus" name="test_emit_compatibility_args" time="0.000" /><testcase classname="tests.units.test_apps_binance_adapter" name="test_init" time="0.019" /><testcase classname="tests.units.test_apps_binance_adapter" name="test_norm_params" time="0.018" /><testcase classname="tests.units.test_apps_binance_adapter" name="test_sign_build" time="0.018" /><testcase classname="tests.units.test_apps_binance_adapter" name="test_request_success" time="0.019" /><testcase classname="tests.units.test_apps_binance_adapter" name="test_request_error_handling" time="0.020" /><testcase classname="tests.units.test_apps_binance_adapter" name="test_request_error_handling_sync_json" time="0.019" /><testcase classname="tests.units.test_apps_binance_adapter" name="test_create_order" time="0.020" /><testcase classname="tests.units.test_apps_binance_adapter" name="test_cancel_order" time="0.019" /><testcase classname="tests.units.test_apps_binance_adapter" name="test_get_open_positions" time="0.021" /><testcase classname="tests.units.test_apps_binance_adapter" name="test_quantize_quantity" time="0.020" /><testcase classname="tests.units.test_apps_binance_adapter" name="test_conditional_order_algo_fallback_on_4120" time="0.021" /><testcase classname="tests.units.test_apps_binance_adapter" name="test_algo_fallback_removes_qty_and_reduce_only_on_close_position" time="0.020" /><testcase classname="tests.units.test_apps_binance_adapter" name="test_idempotency_ledger" time="0.019" /><testcase classname="tests.units.test_binance_adapter_session" name="test_adapter_exposes_session_and_uses_request" time="0.019" /><testcase classname="tests.units.test_binance_adapter_unit" name="test_norm_params_and_sign_build" time="0.018" /><testcase classname="tests.units.test_feature_math_basic" name="test_obi_tfi_basic" time="0.000" /><testcase classname="tests.units.test_features_payload_validation" name="test_symbol_upper_and_required_fields" time="0.000" /><testcase classname="tests.units.test_fsm_emit_compat" name="test_emit_compat_prefers_message_api" time="0.001" /><testcase classname="tests.units.test_fsm_emit_compat" name="test_emit_compat_supports_4args" time="0.001" /><testcase classname="tests.units.test_fsm_emit_compat" name="test_emit_compat_supports_3args_and_injects_meta" time="0.001" /><testcase classname="tests.units.test_fsm_emit_compat_missing_fields" name="test_emit_compat_handles_missing_intent" time="0.001" /><testcase classname="tests.units.test_metrics_summary_parse" name="test_mget_simple_gauge" time="0.000" /><testcase classname="tests.units.test_metrics_summary_parse" name="test_mget_counter_with_label" time="0.000" /><testcase classname="tests.units.test_metrics_update" name="test_update_exposure_exports_values" time="0.001" /><testcase classname="tests.units.test_order_index.TestOrderIndex" name="test_upsert_from_open_new_order" time="0.000" /><testcase classname="tests.units.test_order_index.TestOrderIndex" name="test_upsert_from_open_existing_order" time="0.000" /><testcase classname="tests.units.test_order_index.TestOrderIndex" name="test_attach_exchange_id" time="0.000" /><testcase classname="tests.units.test_order_index.TestOrderIndex" name="test_attach_exchange_id_not_found" time="0.000" /><testcase classname="tests.units.test_order_index.TestOrderIndex" name="test_get_by_rid" time="0.000" /><testcase classname="tests.units.test_order_index.TestOrderIndex" name="test_get_by_client_order_id" time="0.000" /><testcase classname="tests.units.test_order_index.TestOrderIndex" name="test_get_by_exchange_order_id" time="0.000" /><testcase classname="tests.units.test_order_index.TestOrderIndex" name="test_get_not_found" time="0.000" /><testcase classname="tests.units.test_order_index.TestOrderIndex" name="test_mark_terminal" time="0.000" /><testcase classname="tests.units.test_order_index.TestOrderIndex" name="test_expire_terminal_orders" time="0.000" /><testcase classname="tests.units.test_order_index.TestOrderIndex" name="test_expire_by_ttl" time="1.101" /><testcase classname="tests.units.test_order_index.TestOrderIndex" name="test_expire_preserves_active_orders" time="0.001" /><testcase classname="tests.units.test_order_index.TestOrderIndex" name="test_multiple_lookups_consistency" time="0.001" /><testcase classname="tests.units.test_order_index.TestOrderIndex" name="test_thread_safety" time="0.015" /><testcase classname="tests.units.test_quiet_hours" name="test_in_quiet_simple" time="0.001" /><testcase classname="tests.units.test_quiet_hours" name="test_in_quiet_normal_range" time="0.001" /><testcase classname="tests.units.test_quiet_hours" name="test_in_quiet_midnight_wrap" time="0.001" /><testcase classname="tests.units.test_quiet_hours" name="test_in_quiet_multiple_ranges" time="0.001" /><testcase classname="tests.units.test_quiet_hours" name="test_in_quiet_edge_cases" time="0.001" /><testcase classname="tests.units.test_vfoundation_binance_adapter_json_coerce" name="test__coerce_json_variants[asyncio]" time="0.002" /><testcase classname="tests.units.test_vfoundation_binance_adapter_json_coerce" name="test__coerce_json_variants[trio]" time="0.003" /><testcase classname="tests.units.test_vfoundation_binance_adapter_unit" name="test_norm_params_converts_and_filters" time="0.022" /><testcase classname="tests.units.test_vfoundation_binance_adapter_unit" name="test_to_decimal_and_rounding_and_errors" time="0.018" /><testcase classname="tests.units.test_vfoundation_binance_adapter_unit" name="test_sign_build_is_deterministic" time="0.017" /><testcase classname="tests.units.test_vfoundation_binance_adapter_unit" name="test_is_code_1021_and_make_error" time="0.000"><skipped type="pytest.skip" message="Methods _is_code_1021 and _make_binance_error not found in module">/home/wekabeka/Музыка/Phenix/tests/units/test_vfoundation_binance_adapter_unit.py:82: Methods _is_code_1021 and _make_binance_error not found in module</skipped></testcase><testcase classname="tests.vfoundation.core.test_fsm_core_error_handling" name="test_fsm_core_logs_exceptions" time="0.001" /><testcase classname="tests.vfoundation.obs.test_entropy_monitor" name="test_normal_operation_no_spike" time="0.001" /><testcase classname="tests.vfoundation.obs.test_entropy_monitor" name="test_volume_spike_detection" time="0.001" /><testcase classname="tests.vfoundation.obs.test_entropy_monitor" name="test_error_rate_spike_detection" time="0.000" /><testcase classname="tests.vfoundation.obs.test_entropy_monitor" name="test_loop_detection" time="0.000" /><testcase classname="tests.vfoundation.obs.test_entropy_monitor" name="test_window_sliding" time="1.102" /><testcase classname="tests.vfoundation.obs.test_entropy_monitor" name="test_metrics_reporting" time="0.002" /><testcase classname="tests.vfoundation.obs.test_entropy_monitor" name="test_reset" time="0.002" /><testcase classname="tests.vfoundation.test_dictionaries_parse_all" name="test_parse_all_dictionary_yaml_files" time="0.034" /><testcase classname="tests.vfoundation.test_dictionaries_parse_all" name="test_global_dictionary_invariants_ops_and_ttl_profiles" time="0.002" /><testcase classname="tests.vfoundation.test_dictionaries_valid" name="test_all_vfoundation_dictionary_yaml_parse" time="0.009" /><testcase classname="tests.vfoundation.test_dictionaries_valid" name="test_all_domain_dict_json_valid" time="0.003" /><testcase classname="tests.vfoundation.test_dictionaries_valid" name="test_global_dictionary_ops_matches_message_op_allowlist" time="0.004" /><testcase classname="tests.vfoundation.test_verb_owner_inference_report" name="test_owner_inference_report_no_autofix" time="0.089" /><testcase classname="tests.vfoundation.test_verb_registry_warn_only" name="test_verb_registry_covers_runtime_warn_only" time="0.069" /></testsuite></testsuites>