============================= test session starts ==============================
platform linux -- Python 3.12.3, pytest-9.0.1, pluggy-1.6.0
rootdir: /home/wekabeka/Музыка/Phenix
configfile: pytest.ini
testpaths: tests, apps/reference/domains/feature_engineering/tests, apps/reference/domains/decision_making/tests
plugins: asyncio-1.3.0, anyio-4.11.0, aiohttp-1.1.0, cov-7.0.0
asyncio: mode=Mode.STRICT, debug=False, asyncio_default_fixture_loop_scope=None, asyncio_default_test_loop_scope=function
collected 1986 items / 6 deselected / 13 skipped / 1980 selected

tests/adapters/test_binance_adapter.py .......s..s.......s..s            [  1%]
tests/adapters/test_binance_leverage_hedge_mode.py ..............        [  1%]
tests/api/test_api_health.py .                                           [  1%]
tests/api/test_api_main.py ....                                          [  2%]
tests/api/test_api_no_deprecated_imports.py .                            [  2%]
tests/api/test_api_prod_metrics_smoke.py .....                           [  2%]
tests/api/test_api_security.py ...                                       [  2%]
tests/audit/test_critical_fixes.py ...........                           [  3%]
tests/audit/test_execution_position_dead_modules_event_emission.py ...   [  3%]
tests/bugfixes/test_p1_002_adapter_precision.py .                        [  3%]
tests/config/test_brackets_fail_closed.py ......                         [  3%]
tests/config/test_config_forensics.py ....                               [  3%]
tests/config/test_config_mr_risk_gate_none_fix_01.py ...                 [  3%]
tests/config/test_config_requires_execution_leverage_fields.py ......... [  4%]
.....                                                                    [  4%]
tests/config/test_config_strategy_ssot_freeze.py ...........             [  5%]
tests/config/test_config_symbols_one_truth.py ......                     [  5%]
tests/config/test_decision_making_fail_closed.py ..........              [  6%]
tests/config/test_directional_sanity_ssot_strict_live.py .               [  6%]
tests/config/test_execution_cooldown_after_close_from_yaml_v1.py .       [  6%]
tests/config/test_exposure_guard_config.py .......                       [  6%]
tests/config/test_fail_closed_config_loading.py .........                [  6%]
tests/config/test_feature_engineering_strict_extra_forbid.py .           [  6%]
tests/config/test_features_yaml_deprecated_strict.py ...                 [  7%]
tests/config/test_loader_rejects_config_meta_keys.py .                   [  7%]
tests/config/test_mean_reversion_yaml_contract.py .                      [  7%]
tests/config/test_mr_trading_yaml_deprecated_strict.py .....             [  7%]
tests/config/test_no_null_max_risk_score_sentinels.py .                  [  7%]
tests/config/test_optional_required_null_autofill.py .                   [  7%]
tests/config/test_regime_yaml_strict_validation.py ...                   [  7%]
tests/config/test_root_forbid_extra_keys.py ..                           [  7%]
tests/config/test_sizing_margin_first_ssot.py ..                         [  7%]
tests/config/test_strategies_registry_strict.py ......                   [  8%]
tests/config/test_strategy_profiles_registry_load.py ....                [  8%]
tests/config/test_strict_default_and_ci_gates.py .........               [  8%]
tests/config/test_strict_forbid_typos.py .                               [  8%]
tests/config/test_task28_hybrid_mode_config_contract.py .                [  8%]
tests/config/test_task28_schema_no_optional_required_trap.py ....        [  9%]
tests/config/test_task47_config_dedup_and_debug_flags.py ...             [  9%]
tests/config/test_task53_config_loader_fail_closed_contracts.py ........ [  9%]
...                                                                      [  9%]
tests/config/test_task53_no_silent_fallbacks_scan.py ......              [ 10%]
tests/config/test_task53_numeric_params_reach_runtime.py ............... [ 10%]
.                                                                        [ 11%]
tests/config/test_task54_weight_key_validation.py ...........            [ 11%]
tests/config/test_timeframe_sec_ssot_precedence.py ...                   [ 11%]
tests/config/test_toplevel_forbid_enforcement.py ...........             [ 12%]
tests/config/test_typed_dict_any_configs.py .................            [ 13%]
tests/contracts/test_decision_blocked_schema.py ..                       [ 13%]
tests/contracts/test_exchange_filters_validation.py ..................   [ 14%]
tests/contracts/test_inflight_reconcile.py ........................      [ 15%]
tests/contracts/test_intent_deferred_schema_additive.py ...              [ 15%]
tests/contracts/test_regime_allowlist.py .......................         [ 16%]
tests/domains/decision_making/test_aurora_builtin_plugin.py ....         [ 16%]
tests/domains/decision_making/test_aurora_handler.py .........           [ 17%]
tests/domains/decision_making/test_aurora_holding_period.py ............ [ 17%]
...                                                                      [ 18%]
tests/domains/decision_making/test_aurora_reentry_cooldown.py .....      [ 18%]
tests/domains/decision_making/test_aurora_scoring_kernel.py .........    [ 18%]
tests/domains/decision_making/test_aurora_vol_adj_gates.py ...........   [ 19%]
tests/domains/decision_making/test_decision_context_missing_fields_v1.py . [ 19%]
.                                                                        [ 19%]
tests/domains/decision_making/test_decisionmaking_degraded_context_gate_v1.py . [ 19%]
                                                                         [ 19%]
tests/domains/decision_making/test_deferred_intent_scheduler_timebase_v1.py . [ 19%]
.                                                                        [ 19%]
tests/domains/decision_making/test_degraded_context_gate_config_wiring_strategy_gateway_v1.py . [ 19%]
                                                                         [ 19%]
tests/domains/decision_making/test_direction_strength_scoring_v1.py .... [ 19%]
                                                                         [ 19%]
tests/domains/decision_making/test_directional_sanity_gate.py ...        [ 20%]
tests/domains/decision_making/test_flip_initiate_direct_cmd_close.py ... [ 20%]
..                                                                       [ 20%]
tests/domains/decision_making/test_flip_orchestration_v1.py ..........   [ 20%]
tests/domains/decision_making/test_flip_per_symbol_config.py ........... [ 21%]
.                                                                        [ 21%]
tests/domains/decision_making/test_mean_reversion_bar_logging.py FF      [ 21%]
tests/domains/decision_making/test_mean_reversion_emit_trade_intent_mode.py . [ 21%]
...                                                                      [ 21%]
tests/domains/decision_making/test_mean_reversion_handler_config_wiring.py . [ 21%]
.                                                                        [ 21%]
tests/domains/decision_making/test_mean_reversion_handler_hardening_v1.py . [ 21%]
...............                                                          [ 22%]
tests/domains/decision_making/test_mr_risk_gate_none_fix_01.py ...       [ 22%]
tests/domains/decision_making/test_normalized_reject_reasons_sizing_mapping_v1.py . [ 22%]
.................                                                        [ 23%]
tests/domains/decision_making/test_portfolio_state_payload_schema_v1.py . [ 23%]
.                                                                        [ 23%]
tests/domains/decision_making/test_position_mode_pyramiding_v1.py ....   [ 23%]
tests/domains/decision_making/test_qos_partitioning.py ......            [ 24%]
tests/domains/decision_making/test_qos_strategy_allowlist.py .....       [ 24%]
tests/domains/decision_making/test_regime_flip_close.py ......           [ 24%]
tests/domains/decision_making/test_side_bias_window_updates_v1.py .      [ 24%]
tests/domains/decision_making/test_sizing_margin_first.py ...            [ 25%]
tests/domains/decision_making/test_sizing_margin_first_runtime.py ...    [ 25%]
tests/domains/decision_making/test_task32_dm_no_hardcoded_strategy_imports.py . [ 25%]
                                                                         [ 25%]
tests/domains/decision_making/test_task40_one_open_order_guard.py ...    [ 25%]
tests/domains/decision_making/test_task47_btc_dual_strategy_intents.py F [ 25%]
                                                                         [ 25%]
tests/domains/execution_position/test_aurora_log_adapter_contracts_v1.py . [ 25%]
....                                                                     [ 25%]
tests/domains/execution_position/test_close_flow_cmd_close_always_emits_dec_close.py . [ 25%]
                                                                         [ 25%]
tests/domains/execution_position/test_drift_monitor_contracts_v1.py .... [ 25%]
.....                                                                    [ 26%]
tests/domains/execution_position/test_execpos_contract_diagnostics_v1.py . [ 26%]
.....                                                                    [ 26%]
tests/domains/execution_position/test_execpos_cooldown_after_close_v1.py . [ 26%]
.                                                                        [ 26%]
tests/domains/execution_position/test_execpos_event_ordering_v1.py ....  [ 26%]
tests/domains/execution_position/test_execpos_exposure_fail_closed_terminal_v1.py . [ 26%]
...                                                                      [ 26%]
tests/domains/execution_position/test_execpos_fsm_recovery_ordering_v2.py . [ 27%]
.............................                                            [ 28%]
tests/domains/execution_position/test_execpos_fsm_routing_recovery_v1.py . [ 28%]
........                                                                 [ 28%]
tests/domains/execution_position/test_execpos_manage_contracts_v1.py ... [ 29%]
...                                                                      [ 29%]
tests/domains/execution_position/test_execpos_manage_scenarios_v1.py ... [ 29%]
.........                                                                [ 29%]
tests/domains/execution_position/test_execpos_max_hold_close_executes_adapter_v1.py . [ 29%]
                                                                         [ 29%]
tests/domains/execution_position/test_execpos_max_hold_close_routed_v1.py . [ 29%]
                                                                         [ 29%]
tests/domains/execution_position/test_execpos_processed_events_cap_v1.py . [ 30%]
                                                                         [ 30%]
tests/domains/execution_position/test_exposure_guard_matrix_v1.py ...... [ 30%]
........                                                                 [ 30%]
tests/domains/execution_position/test_leverage_fsm_integration.py ...    [ 30%]
tests/domains/execution_position/test_leverage_service.py ..........     [ 31%]
tests/domains/execution_position/test_leverage_wiring.py .....           [ 31%]
tests/domains/execution_position/test_metrics_collector_contracts_v1.py . [ 31%]
.........                                                                [ 32%]
tests/domains/execution_position/test_open_flow_fsm_leverage_and_guards_v1.py . [ 32%]
.......                                                                  [ 32%]
tests/domains/execution_position/test_order_guardian_contracts_v1.py ... [ 32%]
........                                                                 [ 33%]
tests/domains/execution_position/test_order_index_contracts_v1.py ...... [ 33%]
                                                                         [ 33%]
tests/domains/execution_position/test_precision_min_notional.py .....    [ 33%]
tests/domains/execution_position/test_soft_clip_engine_leverage_v1.py .. [ 33%]
                                                                         [ 33%]
tests/domains/execution_position/test_soft_clip_integration_execpos_v1.py . [ 33%]
                                                                         [ 33%]
tests/domains/execution_position/test_task49_atomic_entry_reserve.py ... [ 33%]
..............                                                           [ 34%]
tests/domains/execution_position/test_task50_qty_normalizer.py ......... [ 35%]
....................                                                     [ 36%]
tests/domains/feature_engineering/test_price_motion_math_v1.py ......... [ 36%]
.                                                                        [ 36%]
tests/domains/feature_engineering/test_task30_macro_sync_resampler_math.py . [ 36%]
....                                                                     [ 36%]
tests/domains/feature_engineering/test_task31_large_trade_imbalance_math.py . [ 36%]
....                                                                     [ 37%]
tests/domains/market_data/test_task30_anchor_ts_propagation.py ..        [ 37%]
tests/domains/market_data/test_task31_ws_aggregator_trade_qty_preserved.py . [ 37%]
.                                                                        [ 37%]
tests/domains/position_tracking/test_task47_disable_stale_gate.py ..     [ 37%]
tests/domains/risk_management/test_daily_gate_drawdown_8pct.py ......    [ 37%]
tests/domains/risk_management/test_task47_disable_daily_loss_limit.py .. [ 37%]
                                                                         [ 37%]
tests/domains/strategies/test_task32_strategy_plugin_registry.py ..      [ 37%]
tests/domains/test_aurora_log_adapter.py .                               [ 37%]
tests/domains/test_bar_resampler.py .............................        [ 39%]
tests/domains/test_calculation_engine.py .........                       [ 39%]
tests/domains/test_config_loader.py ...........s......                   [ 40%]
tests/domains/test_contracts.py .                                        [ 40%]
tests/domains/test_decision_making_trade_intent_validation.py ...        [ 41%]
tests/domains/test_execution_position_contracts.py ..................... [ 42%]
..                                                                       [ 42%]
tests/domains/test_execution_position_utils.py ......................... [ 43%]
............                                                             [ 44%]
tests/domains/test_indicators.py ..........................              [ 45%]
tests/domains/test_mean_reversion_strategy.py .......................... [ 46%]
.....                                                                    [ 46%]
tests/domains/test_metrics_collector.py .                                [ 46%]
tests/domains/test_regime_detector.py .....                              [ 47%]
tests/domains/test_regime_mapping.py ................................... [ 48%]
.............                                                            [ 49%]
tests/domains/test_tpsl_config_production.py ........................... [ 51%]
                                                                         [ 51%]
tests/domains/test_watchdog_polling_fix.py ..                            [ 51%]
tests/dr/test_dr_loader.py .........                                     [ 51%]
tests/e2e/test_e2e_bridge_intent_to_execpos_dec_open.py .                [ 51%]
tests/e2e/test_e2e_dm_directional_sanity_blocks_long_sol_downtrend.py .  [ 51%]
tests/e2e/test_s1_warmup_gate.py ...                                     [ 51%]
tests/e2e/test_s2_macro_sync_async.py ...                                [ 51%]
tests/e2e/test_s3_volume_spike_dt.py ...                                 [ 52%]
tests/e2e/test_s4_regime_uncertain_ohlc.py ...                           [ 52%]
tests/e2e/test_s5_retry_scheduler_bounded.py ...                         [ 52%]
tests/e2e/test_s6_intent_order_idempotency.py ....                       [ 52%]
tests/e2e/test_s7_large_trade_imbalance_block_trade.py .                 [ 52%]
tests/integration/test_aurora_bridge_price_ctx_extraction.py .....       [ 52%]
tests/integration/test_aurora_core_flow.py .                             [ 52%]
tests/integration/test_binance_ws_order_index_correlation.py ..          [ 53%]
tests/integration/test_block_reasons_present.py ...                      [ 53%]
tests/integration/test_bridge_capacity_gate.py ......                    [ 53%]
tests/integration/test_bridge_dispatch_close_from_reduce_only_intent.py . [ 53%]
                                                                         [ 53%]
tests/integration/test_bridge_intent_deferred_v1_retry.py .              [ 53%]
tests/integration/test_bridge_reduce_only_close_routing.py .             [ 53%]
tests/integration/test_config_startup_validation.py ssssssssssss         [ 54%]
tests/integration/test_daily_gate_block_open.py sss                      [ 54%]
tests/integration/test_decision_qos_features_burst.py .                  [ 54%]
tests/integration/test_decision_to_execution_flow.py .                   [ 54%]
tests/integration/test_decisionmaking_reason_taxonomy_contract_v1.py .   [ 54%]
tests/integration/test_depth_imbalance_config_contract.py .              [ 54%]
tests/integration/test_depth_imbalance_reachability_buy_sell.py .        [ 54%]
tests/integration/test_depth_imbalance_signal_contract.py .              [ 54%]
tests/integration/test_depth_imbalance_tick_path_smoke.py .              [ 54%]
tests/integration/test_directional_sanity_sol_downtrend_no_long_open.py . [ 54%]
                                                                         [ 54%]
tests/integration/test_dm_logger_writes.py .                             [ 54%]
tests/integration/test_end_to_end_analytics_to_execution.py .            [ 54%]
tests/integration/test_execpos_fail_closed_wal_integration_v1.py .       [ 55%]
tests/integration/test_execpos_open_flow_decision_v1.py .                [ 55%]
tests/integration/test_exposure_release_hooks.py sssssss                 [ 55%]
tests/integration/test_features_full_chain_happy.py s                    [ 55%]
tests/integration/test_flip_vertical_dm_bridge_execpos.py .              [ 55%]
tests/integration/test_graceful_shutdown.py s                            [ 55%]
tests/integration/test_happy_path_dec_open.py s                          [ 55%]
tests/integration/test_live_bridge_to_marketdata.py s                    [ 55%]
tests/integration/test_macro_resid_async.py ..                           [ 55%]
tests/integration/test_main_logging_idempotent.py .                      [ 55%]
tests/integration/test_mean_reversion_handler_event_contract_v1.py F..F  [ 56%]
tests/integration/test_mean_reversion_logging_metrics.py F               [ 56%]
tests/integration/test_mean_reversion_runtime_e2e_chain.py F             [ 56%]
tests/integration/test_mean_reversion_runtime_e2e_chain_prod_sizing.py F [ 56%]
FFFFF                                                                    [ 56%]
tests/integration/test_metrics_summary.py .....                          [ 56%]
tests/integration/test_observer_isolation.py ..                          [ 56%]
tests/integration/test_open_exposure_guard.py sss                        [ 56%]
tests/integration/test_order_lifecycle_scenarios.py .....                [ 57%]
tests/integration/test_panic_killswitch.py ssssss                        [ 57%]
tests/integration/test_price_motion_sanity_blocks_entry.py ...           [ 57%]
tests/integration/test_regime_detector_event_flow.py ...                 [ 57%]
tests/integration/test_resilience_scenarios.py ....                      [ 57%]
tests/integration/test_sizing_gateway_margin_first.py .                  [ 58%]
tests/integration/test_startup.py .                                      [ 58%]
tests/integration/test_statdump_endpoint.py s                            [ 58%]
tests/integration/test_strategy_aware_gates_integration.py ..........    [ 58%]
tests/integration/test_task32_two_strategies_arbitration.py .            [ 58%]
tests/investigation/test_anchor_emission_flow.py .........               [ 59%]
tests/investigation/test_sizing_regression.py .                          [ 59%]
tests/investigation/test_warmup_anchor_blockers.py ..................... [ 60%]
......                                                                   [ 60%]
tests/order_guardian/test_cleanup_before_close_by_parent.py ........     [ 60%]
tests/order_guardian/test_fsm_delegation.py ........                     [ 61%]
tests/order_guardian/test_no_adapter_logic_left.py ............          [ 61%]
tests/order_guardian/test_register_and_link.py ..........                [ 62%]
tests/runtime/test_config_contract_block_normalization.py EE             [ 62%]
tests/runtime/test_config_helpers_not_imported.py .                      [ 62%]
tests/runtime/test_e2e_smoke_contract_minimal.py ...                     [ 62%]
tests/runtime/test_main_no_dict_injection.py .                           [ 62%]
tests/runtime/test_no_new_domain_resolver_usage.py .                     [ 62%]
tests/runtime/test_no_runtime_config_fallbacks.py ..............         [ 63%]
tests/runtime/test_order_index_wiring_failclosed.py ..                   [ 63%]
tests/runtime/test_p1_instrument_overrides_no_fallbacks.py ....F         [ 63%]
tests/runtime/test_task24_decision_making_warmup_gate.py ..              [ 64%]
tests/runtime/test_task24_feature_engineering_correctness.py ........... [ 64%]
.                                                                        [ 64%]
tests/runtime/test_task24_policy_gates.py ......                         [ 64%]
tests/runtime/test_task24_regime_detector_correctness.py .........       [ 65%]
tests/runtime/test_task24_retry_scheduler_contracts.py .....             [ 65%]
tests/runtime/test_task25_domains_reject_dict_config.py ..               [ 65%]
tests/runtime/test_task25_market_data_proxy_no_config_to_dict.py .       [ 65%]
tests/runtime/test_task27_config_symbols_no_import_time_get_config.py .  [ 65%]
tests/runtime/test_task27_trading_risk_dict_contract.py ..               [ 65%]
tests/runtime/test_task28_no_config_singleton_in_domains.py .            [ 66%]
tests/simulation/test_mean_reversion_simulation.py ...                   [ 66%]
tests/simulation/test_strategy_aware_gates_simulation.py ............    [ 66%]
tests/test_90_percent_target.py .......                                  [ 67%]
tests/test_acl_message_contracts.py ...........                          [ 67%]
tests/test_auto_tpsl_reconciliation.py ................................. [ 69%]
...                                                                      [ 69%]
tests/test_circuit_breaker.py ........                                   [ 69%]
tests/test_cli_coverage.py ....                                          [ 70%]
tests/test_config_auto_trading.py .                                      [ 70%]
tests/test_config_env_overrides.py ....................                  [ 71%]
tests/test_config_loading_externalized.py ...                            [ 71%]
tests/test_contracts.py ...                                              [ 71%]
tests/test_coverage_boost.py .......                                     [ 71%]
tests/test_coverage_final_push.py ...                                    [ 71%]
tests/test_ensemble.py ...............                                   [ 72%]
tests/test_exact_90_percent.py ........                                  [ 73%]
tests/test_execpos_contracts_pydantic_v2.py ..........................   [ 74%]
tests/test_execution_management.py .............                         [ 75%]
tests/test_features_signals_core.py ...............                      [ 75%]
tests/test_final_90_percent.py ....                                      [ 76%]
tests/test_final_90_push.py ..........                                   [ 76%]
tests/test_final_coverage_push.py ......                                 [ 76%]
tests/test_idempotency_edge_cases.py .........                           [ 77%]
tests/test_idempotency_ttl.py ...........                                [ 77%]
tests/test_market_data_proxy.py ...........                              [ 78%]
tests/test_market_data_worker.py ..........                              [ 78%]
tests/test_metrics_smoke.py ....                                         [ 79%]
tests/test_normalized_reject_reasons.py .......                          [ 79%]
tests/test_orchestrator_fsm.py ........                                  [ 79%]
tests/test_order_guardian_grace_period.py ..                             [ 80%]
tests/test_performance_monitor.py ................                       [ 80%]
tests/test_phase10_documentation.py .....                                [ 81%]
tests/test_phase3_psi_vector.py .                                        [ 81%]
tests/test_phase5_regression.py ....                                     [ 81%]
tests/test_phase7_performance.py ......                                  [ 81%]
tests/test_phase8_backtest.py .......                                    [ 81%]
tests/test_phase9_tuning.py ..............                               [ 82%]
tests/test_retry_cb_edge_cases.py ...                                    [ 82%]
tests/test_routing_idempotency.py ...                                    [ 82%]
tests/test_single_flight_routing.py ....                                 [ 83%]
tests/test_testnet_checks.py .....                                       [ 83%]
tests/test_tpsl_placement.py ..........                                  [ 83%]
tests/test_trade_intent_logging.py .                                     [ 83%]
tests/test_ttl_cache.py .....................                            [ 85%]
tests/test_wal_additional.py .......                                     [ 85%]
tests/test_wal_coverage.py ............                                  [ 86%]
tests/test_wal_fallback.py ...........                                   [ 86%]
tests/test_wal_gc.py ......                                              [ 86%]
tests/test_wal_replay.py ..........                                      [ 87%]
tests/test_why_chain.py ......                                           [ 87%]
tests/test_why_chain_message_preservation.py .                           [ 87%]
tests/test_ws_direct.py s                                                [ 87%]
tests/tooling/test_build_project_atlas.py .                              [ 87%]
tests/tools/test_log_audit_gates_v1.py ..............                    [ 88%]
tests/unit/decision_making/test_fail_closed_config.py .......            [ 88%]
tests/unit/decision_making/test_monitoring_safety.py FFF                 [ 89%]
tests/unit/decision_making/test_side_bias_fail_closed.py ....            [ 89%]
tests/unit/decision_making/test_signal_score_v2.py ........              [ 89%]
tests/unit/feature_engineering/test_depth_imbalance.py ..                [ 89%]
tests/unit/feature_engineering/test_ready_map_basic_features.py ....     [ 89%]
tests/unit/feature_integrity/test_p0_fixes.py .........................  [ 91%]
tests/unit/feature_integrity/test_r1r2_features.py .................     [ 92%]
tests/unit/position_tracking/test_margin_fallback.py .                   [ 92%]
tests/unit/test_idempotent_cancel.py .................                   [ 92%]
tests/unit/test_idempotent_cancel_logic.py ......                        [ 93%]
tests/unit/test_metrics_aggregator.py .................                  [ 94%]
tests/unit/test_metrics_collector.py .........                           [ 94%]
tests/unit/test_nrr_mapping_catalog.py .....                             [ 94%]
tests/unit/test_phase6_integration.py ..........                         [ 95%]
tests/unit/test_qos_nrr012.py sss                                        [ 95%]
tests/unit/test_soft_clip_engine.py ........                             [ 95%]
tests/unit/test_strategy_aware_gates.py .................                [ 96%]
tests/unit/test_utils_event_bus.py .......                               [ 97%]
tests/units/test_apps_binance_adapter.py .............                   [ 97%]
tests/units/test_binance_adapter_session.py .                            [ 97%]
tests/units/test_binance_adapter_unit.py .                               [ 97%]
tests/units/test_feature_math_basic.py .                                 [ 97%]
tests/units/test_features_payload_validation.py .                        [ 97%]
tests/units/test_fsm_emit_compat.py ...                                  [ 98%]
tests/units/test_fsm_emit_compat_missing_fields.py .                     [ 98%]
tests/units/test_metrics_summary_parse.py ..                             [ 98%]
tests/units/test_metrics_update.py .                                     [ 98%]
tests/units/test_order_index.py ..............                           [ 99%]
tests/units/test_quiet_hours.py .....                                    [ 99%]
tests/units/test_vfoundation_binance_adapter_json_coerce.py ..           [ 99%]
tests/units/test_vfoundation_binance_adapter_unit.py ...s                [ 99%]
tests/vfoundation/core/test_fsm_core_error_handling.py .                 [ 99%]
tests/vfoundation/obs/test_entropy_monitor.py .......                    [100%]

==================================== ERRORS ====================================
_ ERROR at setup of TestConfigContractNormalization.test_central_catcher_normalization _
tests/runtime/test_config_contract_block_normalization.py:50: in decision_making
    dm = DecisionMaking(fsm_mock, config_mock)
         ^^^^^^^^^^^^^^^^^^^^^^^^^^^^^^^^^^^^^
apps/reference/domains/decision_making/decision_making.py:287: in __init__
    if self.flip_hysteresis_mult < 1.0:
       ^^^^^^^^^^^^^^^^^^^^^^^^^^^^^^^
E   TypeError: '<' not supported between instances of 'MagicMock' and 'float'
---------------------------- Captured stdout setup -----------------------------
2026-01-08 15:52:55,261 - apps.reference.domains.decision_making.decision_making.DecisionMaking - Failed to initialize AlertManager: AlertManager requires AuroraConfig, got <class 'unittest.mock.MagicMock'>
2026-01-08 15:52:55,262 - apps.reference.domains.decision_making.decision_making.DecisionMaking - Alpha models initialized: ['momentum_v1', 'volatility_v1']
2026-01-08 15:52:55,262 - apps.reference.domains.decision_making.decision_making.DecisionMaking - Strategies registry loaded: 0 symbols, arbitration mode: <MagicMock name='mock.strategies_registry.arbitration.mode' id='132933926120784'>
2026-01-08 15:52:55,264 - apps.reference.domains.decision_making.decision_making.DecisionMaking - Degraded DecisionContext gate ENABLED (fail-closed). global_keys=DEFAULT strategy_overrides=[]
------------------------------ Captured log setup ------------------------------
WARNING  apps.reference.domains.decision_making.decision_making.DecisionMaking:decision_making.py:153 Failed to initialize AlertManager: AlertManager requires AuroraConfig, got <class 'unittest.mock.MagicMock'>
INFO     apps.reference.domains.decision_making.decision_making.DecisionMaking:decision_making.py:187 Alpha models initialized: ['momentum_v1', 'volatility_v1']
INFO     apps.reference.domains.decision_making.decision_making.DecisionMaking:decision_making.py:197 Strategies registry loaded: 0 symbols, arbitration mode: <MagicMock name='mock.strategies_registry.arbitration.mode' id='132933926120784'>
WARNING  apps.reference.domains.decision_making.decision_making.DecisionMaking:decision_making.py:241 Degraded DecisionContext gate ENABLED (fail-closed). global_keys=DEFAULT strategy_overrides=[]
__ ERROR at setup of TestConfigContractNormalization.test_mr_gateway_catcher ___
tests/runtime/test_config_contract_block_normalization.py:50: in decision_making
    dm = DecisionMaking(fsm_mock, config_mock)
         ^^^^^^^^^^^^^^^^^^^^^^^^^^^^^^^^^^^^^
apps/reference/domains/decision_making/decision_making.py:287: in __init__
    if self.flip_hysteresis_mult < 1.0:
       ^^^^^^^^^^^^^^^^^^^^^^^^^^^^^^^
E   TypeError: '<' not supported between instances of 'MagicMock' and 'float'
---------------------------- Captured stdout setup -----------------------------
2026-01-08 15:52:55,309 - apps.reference.domains.decision_making.decision_making.DecisionMaking - Failed to initialize AlertManager: AlertManager requires AuroraConfig, got <class 'unittest.mock.MagicMock'>
2026-01-08 15:52:55,309 - apps.reference.domains.decision_making.decision_making.DecisionMaking - Alpha models initialized: ['momentum_v1', 'volatility_v1']
2026-01-08 15:52:55,311 - apps.reference.domains.decision_making.decision_making.DecisionMaking - Strategies registry loaded: 0 symbols, arbitration mode: <MagicMock name='mock.strategies_registry.arbitration.mode' id='132933925480752'>
2026-01-08 15:52:55,312 - apps.reference.domains.decision_making.decision_making.DecisionMaking - Degraded DecisionContext gate ENABLED (fail-closed). global_keys=DEFAULT strategy_overrides=[]
------------------------------ Captured log setup ------------------------------
WARNING  apps.reference.domains.decision_making.decision_making.DecisionMaking:decision_making.py:153 Failed to initialize AlertManager: AlertManager requires AuroraConfig, got <class 'unittest.mock.MagicMock'>
INFO     apps.reference.domains.decision_making.decision_making.DecisionMaking:decision_making.py:187 Alpha models initialized: ['momentum_v1', 'volatility_v1']
INFO     apps.reference.domains.decision_making.decision_making.DecisionMaking:decision_making.py:197 Strategies registry loaded: 0 symbols, arbitration mode: <MagicMock name='mock.strategies_registry.arbitration.mode' id='132933925480752'>
WARNING  apps.reference.domains.decision_making.decision_making.DecisionMaking:decision_making.py:241 Degraded DecisionContext gate ENABLED (fail-closed). global_keys=DEFAULT strategy_overrides=[]
=================================== FAILURES ===================================
______________ TestMeanReversionBarLogging.test_log_bar_creation _______________
tests/domains/decision_making/test_mean_reversion_bar_logging.py:130: in test_log_bar_creation
    self.assertFalse(os.path.exists(self.handler.bar_logger.tsv_path), "Log should only have header")
E   AssertionError: True is not false : Log should only have header
----------------------------- Captured stdout call -----------------------------
2026-01-08 15:52:21,332 - apps.reference.domains.decision_making.mean_reversion_handler.MRHandler - [BTCUSDT] Initialized MR Strategy (BB=20, W=0.001)
2026-01-08 15:52:21,332 - apps.reference.domains.decision_making.mean_reversion_handler.MRHandler - MeanReversionHandler initialized: enabled=True, symbols=['BTCUSDT'], strategies=['BTCUSDT']
2026-01-08 15:52:21,333 - domain_mean_reversion - MR_INIT {"strategy_id": "mean_reversion", "enabled": true, "enabled_symbols": ["BTCUSDT"]}
------------------------------ Captured log call -------------------------------
INFO     apps.reference.domains.decision_making.mean_reversion_handler.MRHandler:mean_reversion_handler.py:358 [BTCUSDT] Initialized MR Strategy (BB=20, W=0.001)
INFO     apps.reference.domains.decision_making.mean_reversion_handler.MRHandler:mean_reversion_handler.py:135 MeanReversionHandler initialized: enabled=True, symbols=['BTCUSDT'], strategies=['BTCUSDT']
INFO     domain_mean_reversion:mean_reversion_handler.py:140 MR_INIT {"strategy_id": "mean_reversion", "enabled": true, "enabled_symbols": ["BTCUSDT"]}
____________ TestMeanReversionBarLogging.test_log_signal_generation ____________
tests/domains/decision_making/test_mean_reversion_bar_logging.py:217: in test_log_signal_generation
    self.assertEqual(len(lines), 3)
E   AssertionError: 1 != 3
----------------------------- Captured stdout call -----------------------------
2026-01-08 15:52:21,380 - apps.reference.domains.decision_making.mean_reversion_handler.MRHandler - [BTCUSDT] Initialized MR Strategy (BB=20, W=0.001)
2026-01-08 15:52:21,381 - apps.reference.domains.decision_making.mean_reversion_handler.MRHandler - MeanReversionHandler initialized: enabled=True, symbols=['BTCUSDT'], strategies=['BTCUSDT']
2026-01-08 15:52:21,381 - domain_mean_reversion - MR_INIT {"strategy_id": "mean_reversion", "enabled": true, "enabled_symbols": ["BTCUSDT"]}
2026-01-08 15:52:21,381 - apps.reference.domains.decision_making.mean_reversion_logger - Failed to log bar for BTCUSDT: 'Bar' object has no attribute 'timestamp_ms'
------------------------------ Captured log call -------------------------------
INFO     apps.reference.domains.decision_making.mean_reversion_handler.MRHandler:mean_reversion_handler.py:358 [BTCUSDT] Initialized MR Strategy (BB=20, W=0.001)
INFO     apps.reference.domains.decision_making.mean_reversion_handler.MRHandler:mean_reversion_handler.py:135 MeanReversionHandler initialized: enabled=True, symbols=['BTCUSDT'], strategies=['BTCUSDT']
INFO     domain_mean_reversion:mean_reversion_handler.py:140 MR_INIT {"strategy_id": "mean_reversion", "enabled": true, "enabled_symbols": ["BTCUSDT"]}
ERROR    apps.reference.domains.decision_making.mean_reversion_logger:mean_reversion_logger.py:134 Failed to log bar for BTCUSDT: 'Bar' object has no attribute 'timestamp_ms'
_____ test_task47_btc_dual_strategy_can_emit_intents_in_different_windows ______
tests/domains/decision_making/test_task47_btc_dual_strategy_intents.py:36: in test_task47_btc_dual_strategy_can_emit_intents_in_different_windows
    assert set(cfg.strategies_registry.assignments["BTCUSDT"]) == {"aurora", "mean_reversion"}
E   AssertionError: assert {'aurora'} == {'aurora', 'mean_reversion'}
E     
E     Extra items in the right set:
E     'mean_reversion'
E     Use -v to get more diff
----------------------------- Captured stdout call -----------------------------
2026-01-08 15:52:21,725 - apps.reference.domains.decision_making.decision_making.DecisionMaking.alerts - AlertManager initialized: slack=False, dedup_window=300s, risk_threshold=80%, wal_threshold=500MB
2026-01-08 15:52:21,725 - apps.reference.domains.decision_making.decision_making.DecisionMaking - AlertManager initialized in DecisionMaking
2026-01-08 15:52:21,725 - apps.reference.domains.decision_making.decision_making.DecisionMaking - Alpha models initialized: ['momentum_v1', 'volatility_v1']
2026-01-08 15:52:21,726 - apps.reference.domains.decision_making.decision_making.DecisionMaking - Strategies registry loaded: 5 symbols, arbitration mode: priority
2026-01-08 15:52:21,726 - apps.reference.domains.decision_making.decision_making.DecisionMaking - QoS config: mode=enforce, enforce=True, exposure_cooldown=60s, symbol_cooldown=per-symbol (default=3s), max_intents_per_min=20, features_ttl=30s, flip_hysteresis=off (mult=1.3)
2026-01-08 15:52:21,726 - apps.reference.domains.decision_making.decision_making.DecisionMaking - QoS strategy allowlist: ['aurora']
2026-01-08 15:52:21,726 - apps.reference.domains.decision_making.decision_making.DecisionMaking - Strategy-gateway enabled: listening for EVT:STRATEGY_SIGNAL_PRODUCED
------------------------------ Captured log call -------------------------------
INFO     apps.reference.domains.decision_making.decision_making.DecisionMaking.alerts:alerts.py:96 AlertManager initialized: slack=False, dedup_window=300s, risk_threshold=80%, wal_threshold=500MB
INFO     apps.reference.domains.decision_making.decision_making.DecisionMaking:decision_making.py:151 AlertManager initialized in DecisionMaking
INFO     apps.reference.domains.decision_making.decision_making.DecisionMaking:decision_making.py:187 Alpha models initialized: ['momentum_v1', 'volatility_v1']
INFO     apps.reference.domains.decision_making.decision_making.DecisionMaking:decision_making.py:197 Strategies registry loaded: 5 symbols, arbitration mode: priority
INFO     apps.reference.domains.decision_making.decision_making.DecisionMaking:decision_making.py:290 QoS config: mode=enforce, enforce=True, exposure_cooldown=60s, symbol_cooldown=per-symbol (default=3s), max_intents_per_min=20, features_ttl=30s, flip_hysteresis=off (mult=1.3)
INFO     apps.reference.domains.decision_making.decision_making.DecisionMaking:decision_making.py:300 QoS strategy allowlist: ['aurora']
INFO     apps.reference.domains.decision_making.decision_making.DecisionMaking:decision_making.py:329 Strategy-gateway enabled: listening for EVT:STRATEGY_SIGNAL_PRODUCED
________________ test_emits_strategy_signal_with_schema_version ________________
tests/integration/test_mean_reversion_handler_event_contract_v1.py:133: in test_emits_strategy_signal_with_schema_version
    assert any(name == "EVT:STRATEGY_SIGNAL_PRODUCED" for name, _ in bus.emitted)
E   assert False
E    +  where False = any(<generator object test_emits_strategy_signal_with_schema_version.<locals>.<genexpr> at 0x78e7178e68e0>)
----------------------------- Captured stdout call -----------------------------
2026-01-08 15:52:29,907 - apps.reference.domains.decision_making.mean_reversion_handler.MRHandler - MeanReversionHandler initialized: enabled=True, symbols=['BTCUSDT'], strategies=[]
2026-01-08 15:52:29,908 - domain_mean_reversion - MR_INIT {"strategy_id": "mean_reversion", "enabled": true, "enabled_symbols": ["BTCUSDT"]}
2026-01-08 15:52:29,908 - apps.reference.domains.decision_making.mean_reversion_handler.MRHandler - MRHandler: failed to process EVT:MARKET_TICK_FORWARDED: 'types.SimpleNamespace' object has no attribute 'bar'
Traceback (most recent call last):
  File "/home/wekabeka/Музыка/Phenix/apps/reference/domains/decision_making/mean_reversion_handler.py", line 850, in _on_market_tick
    signal = self.on_tick(symbol, price, volume, timestamp_ms, regime)
             ^^^^^^^^^^^^^^^^^^^^^^^^^^^^^^^^^^^^^^^^^^^^^^^^^^^^^^^^^
  File "/home/wekabeka/Музыка/Phenix/apps/reference/domains/decision_making/mean_reversion_handler.py", line 392, in on_tick
    if signal and signal.bar:
                  ^^^^^^^^^^
AttributeError: 'types.SimpleNamespace' object has no attribute 'bar'
------------------------------ Captured log call -------------------------------
INFO     apps.reference.domains.decision_making.mean_reversion_handler.MRHandler:mean_reversion_handler.py:135 MeanReversionHandler initialized: enabled=True, symbols=['BTCUSDT'], strategies=[]
INFO     domain_mean_reversion:mean_reversion_handler.py:140 MR_INIT {"strategy_id": "mean_reversion", "enabled": true, "enabled_symbols": ["BTCUSDT"]}
WARNING  apps.reference.domains.decision_making.mean_reversion_handler.MRHandler:mean_reversion_handler.py:911 MRHandler: failed to process EVT:MARKET_TICK_FORWARDED: 'types.SimpleNamespace' object has no attribute 'bar'
Traceback (most recent call last):
  File "/home/wekabeka/Музыка/Phenix/apps/reference/domains/decision_making/mean_reversion_handler.py", line 850, in _on_market_tick
    signal = self.on_tick(symbol, price, volume, timestamp_ms, regime)
             ^^^^^^^^^^^^^^^^^^^^^^^^^^^^^^^^^^^^^^^^^^^^^^^^^^^^^^^^^
  File "/home/wekabeka/Музыка/Phenix/apps/reference/domains/decision_making/mean_reversion_handler.py", line 392, in on_tick
    if signal and signal.bar:
                  ^^^^^^^^^^
AttributeError: 'types.SimpleNamespace' object has no attribute 'bar'
_________________ test_out_of_order_tick_does_not_emit_signal __________________
tests/integration/test_mean_reversion_handler_event_contract_v1.py:274: in test_out_of_order_tick_does_not_emit_signal
    assert len(emitted_signals) == 1
E   assert 0 == 1
E    +  where 0 = len([])
----------------------------- Captured stdout call -----------------------------
2026-01-08 15:52:29,920 - apps.reference.domains.decision_making.mean_reversion_handler.MRHandler - MeanReversionHandler initialized: enabled=True, symbols=['BTCUSDT'], strategies=[]
2026-01-08 15:52:29,920 - domain_mean_reversion - MR_INIT {"strategy_id": "mean_reversion", "enabled": true, "enabled_symbols": ["BTCUSDT"]}
2026-01-08 15:52:29,920 - apps.reference.domains.decision_making.mean_reversion_handler.MRHandler - MRHandler: failed to process EVT:MARKET_TICK_FORWARDED: 'types.SimpleNamespace' object has no attribute 'bar'
Traceback (most recent call last):
  File "/home/wekabeka/Музыка/Phenix/apps/reference/domains/decision_making/mean_reversion_handler.py", line 850, in _on_market_tick
    signal = self.on_tick(symbol, price, volume, timestamp_ms, regime)
             ^^^^^^^^^^^^^^^^^^^^^^^^^^^^^^^^^^^^^^^^^^^^^^^^^^^^^^^^^
  File "/home/wekabeka/Музыка/Phenix/apps/reference/domains/decision_making/mean_reversion_handler.py", line 392, in on_tick
    if signal and signal.bar:
                  ^^^^^^^^^^
AttributeError: 'types.SimpleNamespace' object has no attribute 'bar'
------------------------------ Captured log call -------------------------------
INFO     apps.reference.domains.decision_making.mean_reversion_handler.MRHandler:mean_reversion_handler.py:135 MeanReversionHandler initialized: enabled=True, symbols=['BTCUSDT'], strategies=[]
INFO     domain_mean_reversion:mean_reversion_handler.py:140 MR_INIT {"strategy_id": "mean_reversion", "enabled": true, "enabled_symbols": ["BTCUSDT"]}
WARNING  apps.reference.domains.decision_making.mean_reversion_handler.MRHandler:mean_reversion_handler.py:911 MRHandler: failed to process EVT:MARKET_TICK_FORWARDED: 'types.SimpleNamespace' object has no attribute 'bar'
Traceback (most recent call last):
  File "/home/wekabeka/Музыка/Phenix/apps/reference/domains/decision_making/mean_reversion_handler.py", line 850, in _on_market_tick
    signal = self.on_tick(symbol, price, volume, timestamp_ms, regime)
             ^^^^^^^^^^^^^^^^^^^^^^^^^^^^^^^^^^^^^^^^^^^^^^^^^^^^^^^^^
  File "/home/wekabeka/Музыка/Phenix/apps/reference/domains/decision_making/mean_reversion_handler.py", line 392, in on_tick
    if signal and signal.bar:
                  ^^^^^^^^^^
AttributeError: 'types.SimpleNamespace' object has no attribute 'bar'
_______________ test_mean_reversion_logs_signal_with_indicators ________________
tests/integration/test_mean_reversion_logging_metrics.py:116: in test_mean_reversion_logs_signal_with_indicators
    assert mr_signal_msgs, "Expected at least one MR_SIGNAL log line"
E   AssertionError: Expected at least one MR_SIGNAL log line
E   assert []
----------------------------- Captured stdout call -----------------------------
2026-01-08 15:52:29,927 - apps.reference.domains.decision_making.mean_reversion_handler.MRHandler - [BTCUSDT] Initialized MR Strategy (BB=3, W=0.0001)
2026-01-08 15:52:29,928 - apps.reference.domains.decision_making.mean_reversion_handler.MRHandler - MeanReversionHandler initialized: enabled=True, symbols=['BTCUSDT'], strategies=['BTCUSDT']
------------------------------ Captured log call -------------------------------
INFO     apps.reference.domains.decision_making.mean_reversion_handler.MRHandler:mean_reversion_handler.py:358 [BTCUSDT] Initialized MR Strategy (BB=3, W=0.0001)
INFO     apps.reference.domains.decision_making.mean_reversion_handler.MRHandler:mean_reversion_handler.py:135 MeanReversionHandler initialized: enabled=True, symbols=['BTCUSDT'], strategies=['BTCUSDT']
_________________ test_mean_reversion_e2e_tick_to_intent_chain _________________
tests/integration/test_mean_reversion_runtime_e2e_chain.py:260: in test_mean_reversion_e2e_tick_to_intent_chain
    assert any(evt == "EVT:STRATEGY_SIGNAL_PRODUCED" for evt, _ in bus.emitted)
E   assert False
E    +  where False = any(<generator object test_mean_reversion_e2e_tick_to_intent_chain.<locals>.<genexpr> at 0x78e7178b75e0>)
----------------------------- Captured stdout call -----------------------------
2026-01-08 15:52:29,934 - apps.reference.domains.decision_making.decision_making.DecisionMaking - Failed to initialize AlertManager: AlertManager requires AuroraConfig, got <class 'types.SimpleNamespace'>
2026-01-08 15:52:29,935 - apps.reference.domains.decision_making.decision_making.DecisionMaking - Alpha models initialized: ['momentum_v1', 'volatility_v1']
2026-01-08 15:52:29,935 - apps.reference.domains.decision_making.decision_making.DecisionMaking - Strategies registry loaded: 1 symbols, arbitration mode: priority
2026-01-08 15:52:29,935 - apps.reference.domains.decision_making.decision_making.DecisionMaking - QoS config: mode=monitor, enforce=False, exposure_cooldown=0s, symbol_cooldown=per-symbol (default=0s), max_intents_per_min=1000, features_ttl=60s, flip_hysteresis=on (mult=1.0)
2026-01-08 15:52:29,935 - apps.reference.domains.decision_making.decision_making.DecisionMaking - Strategy-gateway enabled: listening for EVT:STRATEGY_SIGNAL_PRODUCED
2026-01-08 15:52:29,936 - apps.reference.domains.decision_making.mean_reversion_handler.MRHandler - [BTCUSDT] Initialized MR Strategy (BB=3, W=0.0001)
2026-01-08 15:52:29,936 - apps.reference.domains.decision_making.mean_reversion_handler.MRHandler - MeanReversionHandler initialized: enabled=True, symbols=['BTCUSDT'], strategies=['BTCUSDT']
2026-01-08 15:52:29,936 - apps.reference.domains.strategies.registry - StrategyRuntime: started strategy_id=mean_reversion (handler=MeanReversionHandler)
------------------------------ Captured log call -------------------------------
WARNING  apps.reference.domains.decision_making.decision_making.DecisionMaking:decision_making.py:153 Failed to initialize AlertManager: AlertManager requires AuroraConfig, got <class 'types.SimpleNamespace'>
INFO     apps.reference.domains.decision_making.decision_making.DecisionMaking:decision_making.py:187 Alpha models initialized: ['momentum_v1', 'volatility_v1']
INFO     apps.reference.domains.decision_making.decision_making.DecisionMaking:decision_making.py:197 Strategies registry loaded: 1 symbols, arbitration mode: priority
INFO     apps.reference.domains.decision_making.decision_making.DecisionMaking:decision_making.py:290 QoS config: mode=monitor, enforce=False, exposure_cooldown=0s, symbol_cooldown=per-symbol (default=0s), max_intents_per_min=1000, features_ttl=60s, flip_hysteresis=on (mult=1.0)
INFO     apps.reference.domains.decision_making.decision_making.DecisionMaking:decision_making.py:329 Strategy-gateway enabled: listening for EVT:STRATEGY_SIGNAL_PRODUCED
INFO     apps.reference.domains.decision_making.mean_reversion_handler.MRHandler:mean_reversion_handler.py:358 [BTCUSDT] Initialized MR Strategy (BB=3, W=0.0001)
INFO     apps.reference.domains.decision_making.mean_reversion_handler.MRHandler:mean_reversion_handler.py:135 MeanReversionHandler initialized: enabled=True, symbols=['BTCUSDT'], strategies=['BTCUSDT']
INFO     apps.reference.domains.strategies.registry:registry.py:98 StrategyRuntime: started strategy_id=mean_reversion (handler=MeanReversionHandler)
_ test_mean_reversion_e2e_chain_with_real_margin_first_sizing_multi_symbol[case0] _
tests/integration/test_mean_reversion_runtime_e2e_chain_prod_sizing.py:377: in test_mean_reversion_e2e_chain_with_real_margin_first_sizing_multi_symbol
    assert any(evt == "EVT:STRATEGY_SIGNAL_PRODUCED" and pld.get("symbol") == symbol for evt, pld in bus.emitted)
E   assert False
E    +  where False = any(<generator object test_mean_reversion_e2e_chain_with_real_margin_first_sizing_multi_symbol.<locals>.<genexpr> at 0x78e71789bae0>)
----------------------------- Captured stdout call -----------------------------
2026-01-08 15:52:29,944 - apps.reference.domains.decision_making.decision_making.DecisionMaking - Failed to initialize AlertManager: AlertManager requires AuroraConfig, got <class 'types.SimpleNamespace'>
2026-01-08 15:52:29,944 - apps.reference.domains.decision_making.decision_making.DecisionMaking - Alpha models initialized: ['momentum_v1', 'volatility_v1']
2026-01-08 15:52:29,945 - apps.reference.domains.decision_making.decision_making.DecisionMaking - Strategies registry loaded: 6 symbols, arbitration mode: priority
2026-01-08 15:52:29,945 - apps.reference.domains.decision_making.decision_making.DecisionMaking - QoS config: mode=monitor, enforce=False, exposure_cooldown=0s, symbol_cooldown=per-symbol (default=0s), max_intents_per_min=1000, features_ttl=60s, flip_hysteresis=on (mult=1.0)
2026-01-08 15:52:29,945 - apps.reference.domains.decision_making.decision_making.DecisionMaking - Strategy-gateway enabled: listening for EVT:STRATEGY_SIGNAL_PRODUCED
2026-01-08 15:52:29,945 - apps.reference.domains.decision_making.mean_reversion_handler.MRHandler - [BTCUSDT] Initialized MR Strategy (BB=3, W=0.0001)
2026-01-08 15:52:29,945 - apps.reference.domains.decision_making.mean_reversion_handler.MRHandler - [CAPUSDT] Initialized MR Strategy (BB=3, W=0.0001)
2026-01-08 15:52:29,945 - apps.reference.domains.decision_making.mean_reversion_handler.MRHandler - [XRPUSDT] Initialized MR Strategy (BB=3, W=0.0001)
2026-01-08 15:52:29,945 - apps.reference.domains.decision_making.mean_reversion_handler.MRHandler - [DOGEUSDT] Initialized MR Strategy (BB=3, W=0.0001)
2026-01-08 15:52:29,945 - apps.reference.domains.decision_making.mean_reversion_handler.MRHandler - [BADUSDT] Initialized MR Strategy (BB=3, W=0.0001)
2026-01-08 15:52:29,945 - apps.reference.domains.decision_making.mean_reversion_handler.MRHandler - [MINQTYUSDT] Initialized MR Strategy (BB=3, W=0.0001)
2026-01-08 15:52:29,946 - apps.reference.domains.decision_making.mean_reversion_handler.MRHandler - MeanReversionHandler initialized: enabled=True, symbols=['BTCUSDT', 'CAPUSDT', 'XRPUSDT', 'DOGEUSDT', 'BADUSDT', 'MINQTYUSDT'], strategies=['BTCUSDT', 'CAPUSDT', 'XRPUSDT', 'DOGEUSDT', 'BADUSDT', 'MINQTYUSDT']
2026-01-08 15:52:29,946 - apps.reference.domains.strategies.registry - StrategyRuntime: started strategy_id=mean_reversion (handler=MeanReversionHandler)
------------------------------ Captured log call -------------------------------
WARNING  apps.reference.domains.decision_making.decision_making.DecisionMaking:decision_making.py:153 Failed to initialize AlertManager: AlertManager requires AuroraConfig, got <class 'types.SimpleNamespace'>
INFO     apps.reference.domains.decision_making.decision_making.DecisionMaking:decision_making.py:187 Alpha models initialized: ['momentum_v1', 'volatility_v1']
INFO     apps.reference.domains.decision_making.decision_making.DecisionMaking:decision_making.py:197 Strategies registry loaded: 6 symbols, arbitration mode: priority
INFO     apps.reference.domains.decision_making.decision_making.DecisionMaking:decision_making.py:290 QoS config: mode=monitor, enforce=False, exposure_cooldown=0s, symbol_cooldown=per-symbol (default=0s), max_intents_per_min=1000, features_ttl=60s, flip_hysteresis=on (mult=1.0)
INFO     apps.reference.domains.decision_making.decision_making.DecisionMaking:decision_making.py:329 Strategy-gateway enabled: listening for EVT:STRATEGY_SIGNAL_PRODUCED
INFO     apps.reference.domains.decision_making.mean_reversion_handler.MRHandler:mean_reversion_handler.py:358 [BTCUSDT] Initialized MR Strategy (BB=3, W=0.0001)
INFO     apps.reference.domains.decision_making.mean_reversion_handler.MRHandler:mean_reversion_handler.py:358 [CAPUSDT] Initialized MR Strategy (BB=3, W=0.0001)
INFO     apps.reference.domains.decision_making.mean_reversion_handler.MRHandler:mean_reversion_handler.py:358 [XRPUSDT] Initialized MR Strategy (BB=3, W=0.0001)
INFO     apps.reference.domains.decision_making.mean_reversion_handler.MRHandler:mean_reversion_handler.py:358 [DOGEUSDT] Initialized MR Strategy (BB=3, W=0.0001)
INFO     apps.reference.domains.decision_making.mean_reversion_handler.MRHandler:mean_reversion_handler.py:358 [BADUSDT] Initialized MR Strategy (BB=3, W=0.0001)
INFO     apps.reference.domains.decision_making.mean_reversion_handler.MRHandler:mean_reversion_handler.py:358 [MINQTYUSDT] Initialized MR Strategy (BB=3, W=0.0001)
INFO     apps.reference.domains.decision_making.mean_reversion_handler.MRHandler:mean_reversion_handler.py:135 MeanReversionHandler initialized: enabled=True, symbols=['BTCUSDT', 'CAPUSDT', 'XRPUSDT', 'DOGEUSDT', 'BADUSDT', 'MINQTYUSDT'], strategies=['BTCUSDT', 'CAPUSDT', 'XRPUSDT', 'DOGEUSDT', 'BADUSDT', 'MINQTYUSDT']
INFO     apps.reference.domains.strategies.registry:registry.py:98 StrategyRuntime: started strategy_id=mean_reversion (handler=MeanReversionHandler)
_ test_mean_reversion_e2e_chain_with_real_margin_first_sizing_multi_symbol[case1] _
tests/integration/test_mean_reversion_runtime_e2e_chain_prod_sizing.py:377: in test_mean_reversion_e2e_chain_with_real_margin_first_sizing_multi_symbol
    assert any(evt == "EVT:STRATEGY_SIGNAL_PRODUCED" and pld.get("symbol") == symbol for evt, pld in bus.emitted)
E   assert False
E    +  where False = any(<generator object test_mean_reversion_e2e_chain_with_real_margin_first_sizing_multi_symbol.<locals>.<genexpr> at 0x78e717898f20>)
----------------------------- Captured stdout call -----------------------------
2026-01-08 15:52:29,957 - apps.reference.domains.decision_making.decision_making.DecisionMaking - Failed to initialize AlertManager: AlertManager requires AuroraConfig, got <class 'types.SimpleNamespace'>
2026-01-08 15:52:29,958 - apps.reference.domains.decision_making.decision_making.DecisionMaking - Alpha models initialized: ['momentum_v1', 'volatility_v1']
2026-01-08 15:52:29,958 - apps.reference.domains.decision_making.decision_making.DecisionMaking - Strategies registry loaded: 6 symbols, arbitration mode: priority
2026-01-08 15:52:29,958 - apps.reference.domains.decision_making.decision_making.DecisionMaking - QoS config: mode=monitor, enforce=False, exposure_cooldown=0s, symbol_cooldown=per-symbol (default=0s), max_intents_per_min=1000, features_ttl=60s, flip_hysteresis=on (mult=1.0)
2026-01-08 15:52:29,958 - apps.reference.domains.decision_making.decision_making.DecisionMaking - Strategy-gateway enabled: listening for EVT:STRATEGY_SIGNAL_PRODUCED
2026-01-08 15:52:29,959 - apps.reference.domains.decision_making.mean_reversion_handler.MRHandler - [BTCUSDT] Initialized MR Strategy (BB=3, W=0.0001)
2026-01-08 15:52:29,960 - apps.reference.domains.decision_making.mean_reversion_handler.MRHandler - [CAPUSDT] Initialized MR Strategy (BB=3, W=0.0001)
2026-01-08 15:52:29,960 - apps.reference.domains.decision_making.mean_reversion_handler.MRHandler - [XRPUSDT] Initialized MR Strategy (BB=3, W=0.0001)
2026-01-08 15:52:29,960 - apps.reference.domains.decision_making.mean_reversion_handler.MRHandler - [DOGEUSDT] Initialized MR Strategy (BB=3, W=0.0001)
2026-01-08 15:52:29,961 - apps.reference.domains.decision_making.mean_reversion_handler.MRHandler - [BADUSDT] Initialized MR Strategy (BB=3, W=0.0001)
2026-01-08 15:52:29,961 - apps.reference.domains.decision_making.mean_reversion_handler.MRHandler - [MINQTYUSDT] Initialized MR Strategy (BB=3, W=0.0001)
2026-01-08 15:52:29,962 - apps.reference.domains.decision_making.mean_reversion_handler.MRHandler - MeanReversionHandler initialized: enabled=True, symbols=['BTCUSDT', 'CAPUSDT', 'XRPUSDT', 'DOGEUSDT', 'BADUSDT', 'MINQTYUSDT'], strategies=['BTCUSDT', 'CAPUSDT', 'XRPUSDT', 'DOGEUSDT', 'BADUSDT', 'MINQTYUSDT']
2026-01-08 15:52:29,962 - apps.reference.domains.strategies.registry - StrategyRuntime: started strategy_id=mean_reversion (handler=MeanReversionHandler)
------------------------------ Captured log call -------------------------------
WARNING  apps.reference.domains.decision_making.decision_making.DecisionMaking:decision_making.py:153 Failed to initialize AlertManager: AlertManager requires AuroraConfig, got <class 'types.SimpleNamespace'>
INFO     apps.reference.domains.decision_making.decision_making.DecisionMaking:decision_making.py:187 Alpha models initialized: ['momentum_v1', 'volatility_v1']
INFO     apps.reference.domains.decision_making.decision_making.DecisionMaking:decision_making.py:197 Strategies registry loaded: 6 symbols, arbitration mode: priority
INFO     apps.reference.domains.decision_making.decision_making.DecisionMaking:decision_making.py:290 QoS config: mode=monitor, enforce=False, exposure_cooldown=0s, symbol_cooldown=per-symbol (default=0s), max_intents_per_min=1000, features_ttl=60s, flip_hysteresis=on (mult=1.0)
INFO     apps.reference.domains.decision_making.decision_making.DecisionMaking:decision_making.py:329 Strategy-gateway enabled: listening for EVT:STRATEGY_SIGNAL_PRODUCED
INFO     apps.reference.domains.decision_making.mean_reversion_handler.MRHandler:mean_reversion_handler.py:358 [BTCUSDT] Initialized MR Strategy (BB=3, W=0.0001)
INFO     apps.reference.domains.decision_making.mean_reversion_handler.MRHandler:mean_reversion_handler.py:358 [CAPUSDT] Initialized MR Strategy (BB=3, W=0.0001)
INFO     apps.reference.domains.decision_making.mean_reversion_handler.MRHandler:mean_reversion_handler.py:358 [XRPUSDT] Initialized MR Strategy (BB=3, W=0.0001)
INFO     apps.reference.domains.decision_making.mean_reversion_handler.MRHandler:mean_reversion_handler.py:358 [DOGEUSDT] Initialized MR Strategy (BB=3, W=0.0001)
INFO     apps.reference.domains.decision_making.mean_reversion_handler.MRHandler:mean_reversion_handler.py:358 [BADUSDT] Initialized MR Strategy (BB=3, W=0.0001)
INFO     apps.reference.domains.decision_making.mean_reversion_handler.MRHandler:mean_reversion_handler.py:358 [MINQTYUSDT] Initialized MR Strategy (BB=3, W=0.0001)
INFO     apps.reference.domains.decision_making.mean_reversion_handler.MRHandler:mean_reversion_handler.py:135 MeanReversionHandler initialized: enabled=True, symbols=['BTCUSDT', 'CAPUSDT', 'XRPUSDT', 'DOGEUSDT', 'BADUSDT', 'MINQTYUSDT'], strategies=['BTCUSDT', 'CAPUSDT', 'XRPUSDT', 'DOGEUSDT', 'BADUSDT', 'MINQTYUSDT']
INFO     apps.reference.domains.strategies.registry:registry.py:98 StrategyRuntime: started strategy_id=mean_reversion (handler=MeanReversionHandler)
_ test_mean_reversion_e2e_chain_with_real_margin_first_sizing_multi_symbol[case2] _
tests/integration/test_mean_reversion_runtime_e2e_chain_prod_sizing.py:377: in test_mean_reversion_e2e_chain_with_real_margin_first_sizing_multi_symbol
    assert any(evt == "EVT:STRATEGY_SIGNAL_PRODUCED" and pld.get("symbol") == symbol for evt, pld in bus.emitted)
E   assert False
E    +  where False = any(<generator object test_mean_reversion_e2e_chain_with_real_margin_first_sizing_multi_symbol.<locals>.<genexpr> at 0x78e7177a84a0>)
----------------------------- Captured stdout call -----------------------------
2026-01-08 15:52:29,974 - apps.reference.domains.decision_making.decision_making.DecisionMaking - Failed to initialize AlertManager: AlertManager requires AuroraConfig, got <class 'types.SimpleNamespace'>
2026-01-08 15:52:29,974 - apps.reference.domains.decision_making.decision_making.DecisionMaking - Alpha models initialized: ['momentum_v1', 'volatility_v1']
2026-01-08 15:52:29,974 - apps.reference.domains.decision_making.decision_making.DecisionMaking - Strategies registry loaded: 6 symbols, arbitration mode: priority
2026-01-08 15:52:29,975 - apps.reference.domains.decision_making.decision_making.DecisionMaking - QoS config: mode=monitor, enforce=False, exposure_cooldown=0s, symbol_cooldown=per-symbol (default=0s), max_intents_per_min=1000, features_ttl=60s, flip_hysteresis=on (mult=1.0)
2026-01-08 15:52:29,975 - apps.reference.domains.decision_making.decision_making.DecisionMaking - Strategy-gateway enabled: listening for EVT:STRATEGY_SIGNAL_PRODUCED
2026-01-08 15:52:29,975 - apps.reference.domains.decision_making.mean_reversion_handler.MRHandler - [BTCUSDT] Initialized MR Strategy (BB=3, W=0.0001)
2026-01-08 15:52:29,976 - apps.reference.domains.decision_making.mean_reversion_handler.MRHandler - [CAPUSDT] Initialized MR Strategy (BB=3, W=0.0001)
2026-01-08 15:52:29,976 - apps.reference.domains.decision_making.mean_reversion_handler.MRHandler - [XRPUSDT] Initialized MR Strategy (BB=3, W=0.0001)
2026-01-08 15:52:29,976 - apps.reference.domains.decision_making.mean_reversion_handler.MRHandler - [DOGEUSDT] Initialized MR Strategy (BB=3, W=0.0001)
2026-01-08 15:52:29,976 - apps.reference.domains.decision_making.mean_reversion_handler.MRHandler - [BADUSDT] Initialized MR Strategy (BB=3, W=0.0001)
2026-01-08 15:52:29,976 - apps.reference.domains.decision_making.mean_reversion_handler.MRHandler - [MINQTYUSDT] Initialized MR Strategy (BB=3, W=0.0001)
2026-01-08 15:52:29,976 - apps.reference.domains.decision_making.mean_reversion_handler.MRHandler - MeanReversionHandler initialized: enabled=True, symbols=['BTCUSDT', 'CAPUSDT', 'XRPUSDT', 'DOGEUSDT', 'BADUSDT', 'MINQTYUSDT'], strategies=['BTCUSDT', 'CAPUSDT', 'XRPUSDT', 'DOGEUSDT', 'BADUSDT', 'MINQTYUSDT']
2026-01-08 15:52:29,977 - apps.reference.domains.strategies.registry - StrategyRuntime: started strategy_id=mean_reversion (handler=MeanReversionHandler)
------------------------------ Captured log call -------------------------------
WARNING  apps.reference.domains.decision_making.decision_making.DecisionMaking:decision_making.py:153 Failed to initialize AlertManager: AlertManager requires AuroraConfig, got <class 'types.SimpleNamespace'>
INFO     apps.reference.domains.decision_making.decision_making.DecisionMaking:decision_making.py:187 Alpha models initialized: ['momentum_v1', 'volatility_v1']
INFO     apps.reference.domains.decision_making.decision_making.DecisionMaking:decision_making.py:197 Strategies registry loaded: 6 symbols, arbitration mode: priority
INFO     apps.reference.domains.decision_making.decision_making.DecisionMaking:decision_making.py:290 QoS config: mode=monitor, enforce=False, exposure_cooldown=0s, symbol_cooldown=per-symbol (default=0s), max_intents_per_min=1000, features_ttl=60s, flip_hysteresis=on (mult=1.0)
INFO     apps.reference.domains.decision_making.decision_making.DecisionMaking:decision_making.py:329 Strategy-gateway enabled: listening for EVT:STRATEGY_SIGNAL_PRODUCED
INFO     apps.reference.domains.decision_making.mean_reversion_handler.MRHandler:mean_reversion_handler.py:358 [BTCUSDT] Initialized MR Strategy (BB=3, W=0.0001)
INFO     apps.reference.domains.decision_making.mean_reversion_handler.MRHandler:mean_reversion_handler.py:358 [CAPUSDT] Initialized MR Strategy (BB=3, W=0.0001)
INFO     apps.reference.domains.decision_making.mean_reversion_handler.MRHandler:mean_reversion_handler.py:358 [XRPUSDT] Initialized MR Strategy (BB=3, W=0.0001)
INFO     apps.reference.domains.decision_making.mean_reversion_handler.MRHandler:mean_reversion_handler.py:358 [DOGEUSDT] Initialized MR Strategy (BB=3, W=0.0001)
INFO     apps.reference.domains.decision_making.mean_reversion_handler.MRHandler:mean_reversion_handler.py:358 [BADUSDT] Initialized MR Strategy (BB=3, W=0.0001)
INFO     apps.reference.domains.decision_making.mean_reversion_handler.MRHandler:mean_reversion_handler.py:358 [MINQTYUSDT] Initialized MR Strategy (BB=3, W=0.0001)
INFO     apps.reference.domains.decision_making.mean_reversion_handler.MRHandler:mean_reversion_handler.py:135 MeanReversionHandler initialized: enabled=True, symbols=['BTCUSDT', 'CAPUSDT', 'XRPUSDT', 'DOGEUSDT', 'BADUSDT', 'MINQTYUSDT'], strategies=['BTCUSDT', 'CAPUSDT', 'XRPUSDT', 'DOGEUSDT', 'BADUSDT', 'MINQTYUSDT']
INFO     apps.reference.domains.strategies.registry:registry.py:98 StrategyRuntime: started strategy_id=mean_reversion (handler=MeanReversionHandler)
_ test_mean_reversion_e2e_chain_with_real_margin_first_sizing_multi_symbol[case3] _
tests/integration/test_mean_reversion_runtime_e2e_chain_prod_sizing.py:377: in test_mean_reversion_e2e_chain_with_real_margin_first_sizing_multi_symbol
    assert any(evt == "EVT:STRATEGY_SIGNAL_PRODUCED" and pld.get("symbol") == symbol for evt, pld in bus.emitted)
E   assert False
E    +  where False = any(<generator object test_mean_reversion_e2e_chain_with_real_margin_first_sizing_multi_symbol.<locals>.<genexpr> at 0x78e7177a99a0>)
----------------------------- Captured stdout call -----------------------------
2026-01-08 15:52:29,984 - apps.reference.domains.decision_making.decision_making.DecisionMaking - Failed to initialize AlertManager: AlertManager requires AuroraConfig, got <class 'types.SimpleNamespace'>
2026-01-08 15:52:29,985 - apps.reference.domains.decision_making.decision_making.DecisionMaking - Alpha models initialized: ['momentum_v1', 'volatility_v1']
2026-01-08 15:52:29,985 - apps.reference.domains.decision_making.decision_making.DecisionMaking - Strategies registry loaded: 6 symbols, arbitration mode: priority
2026-01-08 15:52:29,986 - apps.reference.domains.decision_making.decision_making.DecisionMaking - QoS config: mode=monitor, enforce=False, exposure_cooldown=0s, symbol_cooldown=per-symbol (default=0s), max_intents_per_min=1000, features_ttl=60s, flip_hysteresis=on (mult=1.0)
2026-01-08 15:52:29,986 - apps.reference.domains.decision_making.decision_making.DecisionMaking - Strategy-gateway enabled: listening for EVT:STRATEGY_SIGNAL_PRODUCED
2026-01-08 15:52:29,986 - apps.reference.domains.decision_making.mean_reversion_handler.MRHandler - [BTCUSDT] Initialized MR Strategy (BB=3, W=0.0001)
2026-01-08 15:52:29,986 - apps.reference.domains.decision_making.mean_reversion_handler.MRHandler - [CAPUSDT] Initialized MR Strategy (BB=3, W=0.0001)
2026-01-08 15:52:29,986 - apps.reference.domains.decision_making.mean_reversion_handler.MRHandler - [XRPUSDT] Initialized MR Strategy (BB=3, W=0.0001)
2026-01-08 15:52:29,986 - apps.reference.domains.decision_making.mean_reversion_handler.MRHandler - [DOGEUSDT] Initialized MR Strategy (BB=3, W=0.0001)
2026-01-08 15:52:29,987 - apps.reference.domains.decision_making.mean_reversion_handler.MRHandler - [BADUSDT] Initialized MR Strategy (BB=3, W=0.0001)
2026-01-08 15:52:29,987 - apps.reference.domains.decision_making.mean_reversion_handler.MRHandler - [MINQTYUSDT] Initialized MR Strategy (BB=3, W=0.0001)
2026-01-08 15:52:29,987 - apps.reference.domains.decision_making.mean_reversion_handler.MRHandler - MeanReversionHandler initialized: enabled=True, symbols=['BTCUSDT', 'CAPUSDT', 'XRPUSDT', 'DOGEUSDT', 'BADUSDT', 'MINQTYUSDT'], strategies=['BTCUSDT', 'CAPUSDT', 'XRPUSDT', 'DOGEUSDT', 'BADUSDT', 'MINQTYUSDT']
2026-01-08 15:52:29,987 - apps.reference.domains.strategies.registry - StrategyRuntime: started strategy_id=mean_reversion (handler=MeanReversionHandler)
------------------------------ Captured log call -------------------------------
WARNING  apps.reference.domains.decision_making.decision_making.DecisionMaking:decision_making.py:153 Failed to initialize AlertManager: AlertManager requires AuroraConfig, got <class 'types.SimpleNamespace'>
INFO     apps.reference.domains.decision_making.decision_making.DecisionMaking:decision_making.py:187 Alpha models initialized: ['momentum_v1', 'volatility_v1']
INFO     apps.reference.domains.decision_making.decision_making.DecisionMaking:decision_making.py:197 Strategies registry loaded: 6 symbols, arbitration mode: priority
INFO     apps.reference.domains.decision_making.decision_making.DecisionMaking:decision_making.py:290 QoS config: mode=monitor, enforce=False, exposure_cooldown=0s, symbol_cooldown=per-symbol (default=0s), max_intents_per_min=1000, features_ttl=60s, flip_hysteresis=on (mult=1.0)
INFO     apps.reference.domains.decision_making.decision_making.DecisionMaking:decision_making.py:329 Strategy-gateway enabled: listening for EVT:STRATEGY_SIGNAL_PRODUCED
INFO     apps.reference.domains.decision_making.mean_reversion_handler.MRHandler:mean_reversion_handler.py:358 [BTCUSDT] Initialized MR Strategy (BB=3, W=0.0001)
INFO     apps.reference.domains.decision_making.mean_reversion_handler.MRHandler:mean_reversion_handler.py:358 [CAPUSDT] Initialized MR Strategy (BB=3, W=0.0001)
INFO     apps.reference.domains.decision_making.mean_reversion_handler.MRHandler:mean_reversion_handler.py:358 [XRPUSDT] Initialized MR Strategy (BB=3, W=0.0001)
INFO     apps.reference.domains.decision_making.mean_reversion_handler.MRHandler:mean_reversion_handler.py:358 [DOGEUSDT] Initialized MR Strategy (BB=3, W=0.0001)
INFO     apps.reference.domains.decision_making.mean_reversion_handler.MRHandler:mean_reversion_handler.py:358 [BADUSDT] Initialized MR Strategy (BB=3, W=0.0001)
INFO     apps.reference.domains.decision_making.mean_reversion_handler.MRHandler:mean_reversion_handler.py:358 [MINQTYUSDT] Initialized MR Strategy (BB=3, W=0.0001)
INFO     apps.reference.domains.decision_making.mean_reversion_handler.MRHandler:mean_reversion_handler.py:135 MeanReversionHandler initialized: enabled=True, symbols=['BTCUSDT', 'CAPUSDT', 'XRPUSDT', 'DOGEUSDT', 'BADUSDT', 'MINQTYUSDT'], strategies=['BTCUSDT', 'CAPUSDT', 'XRPUSDT', 'DOGEUSDT', 'BADUSDT', 'MINQTYUSDT']
INFO     apps.reference.domains.strategies.registry:registry.py:98 StrategyRuntime: started strategy_id=mean_reversion (handler=MeanReversionHandler)
_ test_mean_reversion_e2e_chain_with_real_margin_first_sizing_multi_symbol[case4] _
tests/integration/test_mean_reversion_runtime_e2e_chain_prod_sizing.py:377: in test_mean_reversion_e2e_chain_with_real_margin_first_sizing_multi_symbol
    assert any(evt == "EVT:STRATEGY_SIGNAL_PRODUCED" and pld.get("symbol") == symbol for evt, pld in bus.emitted)
E   assert False
E    +  where False = any(<generator object test_mean_reversion_e2e_chain_with_real_margin_first_sizing_multi_symbol.<locals>.<genexpr> at 0x78e7177ab760>)
----------------------------- Captured stdout call -----------------------------
2026-01-08 15:52:30,000 - apps.reference.domains.decision_making.decision_making.DecisionMaking - Failed to initialize AlertManager: AlertManager requires AuroraConfig, got <class 'types.SimpleNamespace'>
2026-01-08 15:52:30,001 - apps.reference.domains.decision_making.decision_making.DecisionMaking - Alpha models initialized: ['momentum_v1', 'volatility_v1']
2026-01-08 15:52:30,001 - apps.reference.domains.decision_making.decision_making.DecisionMaking - Strategies registry loaded: 6 symbols, arbitration mode: priority
2026-01-08 15:52:30,001 - apps.reference.domains.decision_making.decision_making.DecisionMaking - QoS config: mode=monitor, enforce=False, exposure_cooldown=0s, symbol_cooldown=per-symbol (default=0s), max_intents_per_min=1000, features_ttl=60s, flip_hysteresis=on (mult=1.0)
2026-01-08 15:52:30,001 - apps.reference.domains.decision_making.decision_making.DecisionMaking - Strategy-gateway enabled: listening for EVT:STRATEGY_SIGNAL_PRODUCED
2026-01-08 15:52:30,002 - apps.reference.domains.decision_making.mean_reversion_handler.MRHandler - [BTCUSDT] Initialized MR Strategy (BB=3, W=0.0001)
2026-01-08 15:52:30,002 - apps.reference.domains.decision_making.mean_reversion_handler.MRHandler - [CAPUSDT] Initialized MR Strategy (BB=3, W=0.0001)
2026-01-08 15:52:30,002 - apps.reference.domains.decision_making.mean_reversion_handler.MRHandler - [XRPUSDT] Initialized MR Strategy (BB=3, W=0.0001)
2026-01-08 15:52:30,002 - apps.reference.domains.decision_making.mean_reversion_handler.MRHandler - [DOGEUSDT] Initialized MR Strategy (BB=3, W=0.0001)
2026-01-08 15:52:30,002 - apps.reference.domains.decision_making.mean_reversion_handler.MRHandler - [BADUSDT] Initialized MR Strategy (BB=3, W=0.0001)
2026-01-08 15:52:30,002 - apps.reference.domains.decision_making.mean_reversion_handler.MRHandler - [MINQTYUSDT] Initialized MR Strategy (BB=3, W=0.0001)
2026-01-08 15:52:30,002 - apps.reference.domains.decision_making.mean_reversion_handler.MRHandler - MeanReversionHandler initialized: enabled=True, symbols=['BTCUSDT', 'CAPUSDT', 'XRPUSDT', 'DOGEUSDT', 'BADUSDT', 'MINQTYUSDT'], strategies=['BTCUSDT', 'CAPUSDT', 'XRPUSDT', 'DOGEUSDT', 'BADUSDT', 'MINQTYUSDT']
2026-01-08 15:52:30,003 - apps.reference.domains.strategies.registry - StrategyRuntime: started strategy_id=mean_reversion (handler=MeanReversionHandler)
------------------------------ Captured log call -------------------------------
WARNING  apps.reference.domains.decision_making.decision_making.DecisionMaking:decision_making.py:153 Failed to initialize AlertManager: AlertManager requires AuroraConfig, got <class 'types.SimpleNamespace'>
INFO     apps.reference.domains.decision_making.decision_making.DecisionMaking:decision_making.py:187 Alpha models initialized: ['momentum_v1', 'volatility_v1']
INFO     apps.reference.domains.decision_making.decision_making.DecisionMaking:decision_making.py:197 Strategies registry loaded: 6 symbols, arbitration mode: priority
INFO     apps.reference.domains.decision_making.decision_making.DecisionMaking:decision_making.py:290 QoS config: mode=monitor, enforce=False, exposure_cooldown=0s, symbol_cooldown=per-symbol (default=0s), max_intents_per_min=1000, features_ttl=60s, flip_hysteresis=on (mult=1.0)
INFO     apps.reference.domains.decision_making.decision_making.DecisionMaking:decision_making.py:329 Strategy-gateway enabled: listening for EVT:STRATEGY_SIGNAL_PRODUCED
INFO     apps.reference.domains.decision_making.mean_reversion_handler.MRHandler:mean_reversion_handler.py:358 [BTCUSDT] Initialized MR Strategy (BB=3, W=0.0001)
INFO     apps.reference.domains.decision_making.mean_reversion_handler.MRHandler:mean_reversion_handler.py:358 [CAPUSDT] Initialized MR Strategy (BB=3, W=0.0001)
INFO     apps.reference.domains.decision_making.mean_reversion_handler.MRHandler:mean_reversion_handler.py:358 [XRPUSDT] Initialized MR Strategy (BB=3, W=0.0001)
INFO     apps.reference.domains.decision_making.mean_reversion_handler.MRHandler:mean_reversion_handler.py:358 [DOGEUSDT] Initialized MR Strategy (BB=3, W=0.0001)
INFO     apps.reference.domains.decision_making.mean_reversion_handler.MRHandler:mean_reversion_handler.py:358 [BADUSDT] Initialized MR Strategy (BB=3, W=0.0001)
INFO     apps.reference.domains.decision_making.mean_reversion_handler.MRHandler:mean_reversion_handler.py:358 [MINQTYUSDT] Initialized MR Strategy (BB=3, W=0.0001)
INFO     apps.reference.domains.decision_making.mean_reversion_handler.MRHandler:mean_reversion_handler.py:135 MeanReversionHandler initialized: enabled=True, symbols=['BTCUSDT', 'CAPUSDT', 'XRPUSDT', 'DOGEUSDT', 'BADUSDT', 'MINQTYUSDT'], strategies=['BTCUSDT', 'CAPUSDT', 'XRPUSDT', 'DOGEUSDT', 'BADUSDT', 'MINQTYUSDT']
INFO     apps.reference.domains.strategies.registry:registry.py:98 StrategyRuntime: started strategy_id=mean_reversion (handler=MeanReversionHandler)
_ test_mean_reversion_e2e_chain_with_real_margin_first_sizing_multi_symbol[case5] _
tests/integration/test_mean_reversion_runtime_e2e_chain_prod_sizing.py:377: in test_mean_reversion_e2e_chain_with_real_margin_first_sizing_multi_symbol
    assert any(evt == "EVT:STRATEGY_SIGNAL_PRODUCED" and pld.get("symbol") == symbol for evt, pld in bus.emitted)
E   assert False
E    +  where False = any(<generator object test_mean_reversion_e2e_chain_with_real_margin_first_sizing_multi_symbol.<locals>.<genexpr> at 0x78e7177ab840>)
----------------------------- Captured stdout call -----------------------------
2026-01-08 15:52:30,012 - apps.reference.domains.decision_making.decision_making.DecisionMaking - Failed to initialize AlertManager: AlertManager requires AuroraConfig, got <class 'types.SimpleNamespace'>
2026-01-08 15:52:30,013 - apps.reference.domains.decision_making.decision_making.DecisionMaking - Alpha models initialized: ['momentum_v1', 'volatility_v1']
2026-01-08 15:52:30,013 - apps.reference.domains.decision_making.decision_making.DecisionMaking - Strategies registry loaded: 6 symbols, arbitration mode: priority
2026-01-08 15:52:30,013 - apps.reference.domains.decision_making.decision_making.DecisionMaking - QoS config: mode=monitor, enforce=False, exposure_cooldown=0s, symbol_cooldown=per-symbol (default=0s), max_intents_per_min=1000, features_ttl=60s, flip_hysteresis=on (mult=1.0)
2026-01-08 15:52:30,013 - apps.reference.domains.decision_making.decision_making.DecisionMaking - Strategy-gateway enabled: listening for EVT:STRATEGY_SIGNAL_PRODUCED
2026-01-08 15:52:30,013 - apps.reference.domains.decision_making.mean_reversion_handler.MRHandler - [BTCUSDT] Initialized MR Strategy (BB=3, W=0.0001)
2026-01-08 15:52:30,014 - apps.reference.domains.decision_making.mean_reversion_handler.MRHandler - [CAPUSDT] Initialized MR Strategy (BB=3, W=0.0001)
[...]
INFO     apps.reference.domains.decision_making.decision_making.DecisionMaking:decision_making.py:197 Strategies registry loaded: 0 symbols, arbitration mode: <MagicMock name='mock.strategies_registry.arbitration.mode' id='132933927364720'>
WARNING  apps.reference.domains.decision_making.decision_making.DecisionMaking:decision_making.py:211 tca_prefs missing/empty - using conservative TCA mode
WARNING  apps.reference.domains.decision_making.decision_making.DecisionMaking:decision_making.py:216 risk_budgets missing/empty - using conservative sizing mode
WARNING  apps.reference.domains.decision_making.decision_making.DecisionMaking:decision_making.py:241 Degraded DecisionContext gate ENABLED (fail-closed). global_keys=DEFAULT strategy_overrides=[]
_____________ TestMonitoringSafety.test_dm_initialization_counters _____________
tests/unit/decision_making/test_monitoring_safety.py:35: in test_dm_initialization_counters
    dm = DecisionMaking(fsm=self.mock_fsm, config=self.mock_config)
         ^^^^^^^^^^^^^^^^^^^^^^^^^^^^^^^^^^^^^^^^^^^^^^^^^^^^^^^^^^
apps/reference/domains/decision_making/decision_making.py:287: in __init__
    if self.flip_hysteresis_mult < 1.0:
       ^^^^^^^^^^^^^^^^^^^^^^^^^^^^^^^
E   TypeError: '<' not supported between instances of 'MagicMock' and 'float'

During handling of the above exception, another exception occurred:
tests/unit/decision_making/test_monitoring_safety.py:37: in test_dm_initialization_counters
    self.fail(f"DecisionMaking failed to initialize: {e}")
E   AssertionError: DecisionMaking failed to initialize: '<' not supported between instances of 'MagicMock' and 'float'
----------------------------- Captured stdout call -----------------------------
2026-01-08 15:53:09,440 - apps.reference.domains.decision_making.decision_making.DecisionMaking - Failed to initialize AlertManager: AlertManager requires AuroraConfig, got <class 'unittest.mock.MagicMock'>
2026-01-08 15:53:09,441 - apps.reference.domains.decision_making.decision_making.DecisionMaking - Alpha models initialized: ['momentum_v1', 'volatility_v1']
2026-01-08 15:53:09,441 - apps.reference.domains.decision_making.decision_making.DecisionMaking - Strategies registry loaded: 0 symbols, arbitration mode: <MagicMock name='mock.strategies_registry.arbitration.mode' id='132933926115552'>
2026-01-08 15:53:09,441 - apps.reference.domains.decision_making.decision_making.DecisionMaking - tca_prefs missing/empty - using conservative TCA mode
2026-01-08 15:53:09,441 - apps.reference.domains.decision_making.decision_making.DecisionMaking - risk_budgets missing/empty - using conservative sizing mode
2026-01-08 15:53:09,442 - apps.reference.domains.decision_making.decision_making.DecisionMaking - Degraded DecisionContext gate ENABLED (fail-closed). global_keys=DEFAULT strategy_overrides=[]
------------------------------ Captured log call -------------------------------
WARNING  apps.reference.domains.decision_making.decision_making.DecisionMaking:decision_making.py:153 Failed to initialize AlertManager: AlertManager requires AuroraConfig, got <class 'unittest.mock.MagicMock'>
INFO     apps.reference.domains.decision_making.decision_making.DecisionMaking:decision_making.py:187 Alpha models initialized: ['momentum_v1', 'volatility_v1']
INFO     apps.reference.domains.decision_making.decision_making.DecisionMaking:decision_making.py:197 Strategies registry loaded: 0 symbols, arbitration mode: <MagicMock name='mock.strategies_registry.arbitration.mode' id='132933926115552'>
WARNING  apps.reference.domains.decision_making.decision_making.DecisionMaking:decision_making.py:211 tca_prefs missing/empty - using conservative TCA mode
WARNING  apps.reference.domains.decision_making.decision_making.DecisionMaking:decision_making.py:216 risk_budgets missing/empty - using conservative sizing mode
WARNING  apps.reference.domains.decision_making.decision_making.DecisionMaking:decision_making.py:241 Degraded DecisionContext gate ENABLED (fail-closed). global_keys=DEFAULT strategy_overrides=[]
___________ TestMonitoringSafety.test_record_accepted_intent_safety ____________
tests/unit/decision_making/test_monitoring_safety.py:49: in test_record_accepted_intent_safety
    dm = DecisionMaking(fsm=self.mock_fsm, config=self.mock_config)
         ^^^^^^^^^^^^^^^^^^^^^^^^^^^^^^^^^^^^^^^^^^^^^^^^^^^^^^^^^^
apps/reference/domains/decision_making/decision_making.py:287: in __init__
    if self.flip_hysteresis_mult < 1.0:
       ^^^^^^^^^^^^^^^^^^^^^^^^^^^^^^^
E   TypeError: '<' not supported between instances of 'MagicMock' and 'float'
----------------------------- Captured stdout call -----------------------------
2026-01-08 15:53:09,477 - apps.reference.domains.decision_making.decision_making.DecisionMaking - Failed to initialize AlertManager: AlertManager requires AuroraConfig, got <class 'unittest.mock.MagicMock'>
2026-01-08 15:53:09,478 - apps.reference.domains.decision_making.decision_making.DecisionMaking - Alpha models initialized: ['momentum_v1', 'volatility_v1']
2026-01-08 15:53:09,478 - apps.reference.domains.decision_making.decision_making.DecisionMaking - Strategies registry loaded: 0 symbols, arbitration mode: <MagicMock name='mock.strategies_registry.arbitration.mode' id='132933934724064'>
2026-01-08 15:53:09,478 - apps.reference.domains.decision_making.decision_making.DecisionMaking - tca_prefs missing/empty - using conservative TCA mode
2026-01-08 15:53:09,478 - apps.reference.domains.decision_making.decision_making.DecisionMaking - risk_budgets missing/empty - using conservative sizing mode
2026-01-08 15:53:09,479 - apps.reference.domains.decision_making.decision_making.DecisionMaking - Degraded DecisionContext gate ENABLED (fail-closed). global_keys=DEFAULT strategy_overrides=[]
------------------------------ Captured log call -------------------------------
WARNING  apps.reference.domains.decision_making.decision_making.DecisionMaking:decision_making.py:153 Failed to initialize AlertManager: AlertManager requires AuroraConfig, got <class 'unittest.mock.MagicMock'>
INFO     apps.reference.domains.decision_making.decision_making.DecisionMaking:decision_making.py:187 Alpha models initialized: ['momentum_v1', 'volatility_v1']
INFO     apps.reference.domains.decision_making.decision_making.DecisionMaking:decision_making.py:197 Strategies registry loaded: 0 symbols, arbitration mode: <MagicMock name='mock.strategies_registry.arbitration.mode' id='132933934724064'>
WARNING  apps.reference.domains.decision_making.decision_making.DecisionMaking:decision_making.py:211 tca_prefs missing/empty - using conservative TCA mode
WARNING  apps.reference.domains.decision_making.decision_making.DecisionMaking:decision_making.py:216 risk_budgets missing/empty - using conservative sizing mode
WARNING  apps.reference.domains.decision_making.decision_making.DecisionMaking:decision_making.py:241 Degraded DecisionContext gate ENABLED (fail-closed). global_keys=DEFAULT strategy_overrides=[]
____________ TestMonitoringSafety.test_record_blocked_intent_safety ____________
tests/unit/decision_making/test_monitoring_safety.py:60: in test_record_blocked_intent_safety
    dm = DecisionMaking(fsm=self.mock_fsm, config=self.mock_config)
         ^^^^^^^^^^^^^^^^^^^^^^^^^^^^^^^^^^^^^^^^^^^^^^^^^^^^^^^^^^
apps/reference/domains/decision_making/decision_making.py:287: in __init__
    if self.flip_hysteresis_mult < 1.0:
       ^^^^^^^^^^^^^^^^^^^^^^^^^^^^^^^
E   TypeError: '<' not supported between instances of 'MagicMock' and 'float'
----------------------------- Captured stdout call -----------------------------
2026-01-08 15:53:09,512 - apps.reference.domains.decision_making.decision_making.DecisionMaking - Failed to initialize AlertManager: AlertManager requires AuroraConfig, got <class 'unittest.mock.MagicMock'>
2026-01-08 15:53:09,513 - apps.reference.domains.decision_making.decision_making.DecisionMaking - Alpha models initialized: ['momentum_v1', 'volatility_v1']
2026-01-08 15:53:09,513 - apps.reference.domains.decision_making.decision_making.DecisionMaking - Strategies registry loaded: 0 symbols, arbitration mode: <MagicMock name='mock.strategies_registry.arbitration.mode' id='132933928665216'>
2026-01-08 15:53:09,513 - apps.reference.domains.decision_making.decision_making.DecisionMaking - tca_prefs missing/empty - using conservative TCA mode
2026-01-08 15:53:09,513 - apps.reference.domains.decision_making.decision_making.DecisionMaking - risk_budgets missing/empty - using conservative sizing mode
2026-01-08 15:53:09,514 - apps.reference.domains.decision_making.decision_making.DecisionMaking - Degraded DecisionContext gate ENABLED (fail-closed). global_keys=DEFAULT strategy_overrides=[]
------------------------------ Captured log call -------------------------------
WARNING  apps.reference.domains.decision_making.decision_making.DecisionMaking:decision_making.py:153 Failed to initialize AlertManager: AlertManager requires AuroraConfig, got <class 'unittest.mock.MagicMock'>
INFO     apps.reference.domains.decision_making.decision_making.DecisionMaking:decision_making.py:187 Alpha models initialized: ['momentum_v1', 'volatility_v1']
INFO     apps.reference.domains.decision_making.decision_making.DecisionMaking:decision_making.py:197 Strategies registry loaded: 0 symbols, arbitration mode: <MagicMock name='mock.strategies_registry.arbitration.mode' id='132933928665216'>
WARNING  apps.reference.domains.decision_making.decision_making.DecisionMaking:decision_making.py:211 tca_prefs missing/empty - using conservative TCA mode
WARNING  apps.reference.domains.decision_making.decision_making.DecisionMaking:decision_making.py:216 risk_budgets missing/empty - using conservative sizing mode
WARNING  apps.reference.domains.decision_making.decision_making.DecisionMaking:decision_making.py:241 Degraded DecisionContext gate ENABLED (fail-closed). global_keys=DEFAULT strategy_overrides=[]
============================= slowest 30 durations =============================
24.03s call     tests/order_guardian/test_fsm_delegation.py::TestFSMDelegation::test_fsm_cleanup_orphans_delegates_to_guardian
1.84s call     tests/tooling/test_build_project_atlas.py::test_build_project_atlas_runs_and_writes_reports
1.80s call     tests/test_performance_monitor.py::TestPerformanceMonitor::test_background_monitoring
1.17s call     tests/config/test_optional_required_null_autofill.py::test_optional_required_null_autofill_enables_loader
1.10s call     tests/domains/execution_position/test_order_index_contracts_v1.py::test_order_index_ttl_expire
1.10s call     tests/vfoundation/obs/test_entropy_monitor.py::test_window_sliding
1.10s call     tests/units/test_order_index.py::TestOrderIndex::test_expire_by_ttl
0.75s call     tests/integration/test_startup.py::test_main_startup_no_config_error
0.67s call     tests/domains/execution_position/test_execpos_processed_events_cap_v1.py::test_execpos_processed_events_unbounded_leak_risk
0.50s call     tests/test_performance_monitor.py::TestPerformanceMonitor::test_alert_callback
0.50s call     tests/test_performance_monitor.py::TestPerformanceMonitor::test_slo_violation_p95
0.50s call     tests/test_retry_cb_edge_cases.py::test_cb_cooldown_exact_boundary
0.49s call     tests/runtime/test_task27_trading_risk_dict_contract.py::test_task27_no_trading_risk_object_attribute_access_in_runtime
0.47s call     tests/runtime/test_task28_no_config_singleton_in_domains.py::test_task28_no_config_singleton_in_domains
0.46s call     tests/runtime/test_task24_policy_gates.py::test_no_import_feature_engineering_phase1
0.41s call     tests/runtime/test_no_new_domain_resolver_usage.py::test_domain_config_resolver_usage_is_frozen
0.33s call     tests/runtime/test_config_helpers_not_imported.py::test_config_helpers_removed_and_not_imported
0.32s call     tests/runtime/test_task24_policy_gates.py::test_no_config_to_dict_in_domains
0.30s call     tests/test_retry_cb_edge_cases.py::test_cb_multiple_half_open_transitions
0.29s call     tests/test_orchestrator_fsm.py::TestOrchestratorFSM::test_idempotency
0.28s call     tests/config/test_config_strategy_ssot_freeze.py::TestStrategySSOTFreezeProvenance::test_auroractl_provenance_stage_is_strategy
0.27s call     tests/domains/feature_engineering/test_price_motion_math_v1.py::test_clip_abs_negative_spike_clips_correctly
0.25s call     tests/domains/feature_engineering/test_price_motion_math_v1.py::test_pm_norm_can_exceed_1_for_extreme_impulse
0.25s call     tests/domains/feature_engineering/test_price_motion_math_v1.py::test_clip_abs_override_clips_to_custom_value
0.24s call     tests/domains/feature_engineering/test_price_motion_math_v1.py::test_clip_abs_default_clips_to_10
0.21s call     tests/test_orchestrator_fsm.py::TestOrchestratorFSM::test_order_executed
0.21s call     tests/test_orchestrator_fsm.py::TestOrchestratorFSM::test_position_closed
0.20s call     tests/test_ttl_cache.py::TestMonotonicTTLCache::test_janitor_cleanup
0.20s call     tests/test_ttl_cache.py::TestMonotonicTTLCache::test_janitor_basic
0.19s call     tests/e2e/test_e2e_bridge_intent_to_execpos_dec_open.py::test_e2e_trade_intent_proposed_leads_to_execpos_dec_open
=========================== short test summary info ============================
SKIPPED [1] tests/domains/test_drift_monitor.py:2: LEGACY: drift_monitor module removed; replaced by monitoring in runtime domains.
SKIPPED [1] tests/domains/test_risk_strategy_fsm.py:6: Risk strategy FSM test requires complex mocking
SKIPPED [1] tests/domains/test_sizing_matrix.py:10: Sizing matrix tests require complex decision making setup
SKIPPED [1] tests/idempotency/__init__.py:3: Idempotency tests - complex distributed setup
SKIPPED [1] tests/test_backtest_engine.py:6: LEGACY: alpha_discovery module removed; replaced by feature engineering and backtesting in runtime.
SKIPPED [1] tests/test_cli_shadow.py:7: CLI module not implemented
SKIPPED [1] tests/test_config_migration_validation.py:17: Config migration validation - style check
SKIPPED [1] tests/test_debug_drift_integration.py:6: LEGACY: drift_monitor module removed; replaced by monitoring in runtime domains.
SKIPPED [1] tests/test_drift_unit.py:8: LEGACY: drift_monitor module removed; replaced by monitoring in runtime domains.
SKIPPED [1] tests/test_env.py:3: Optional dependency test (python-dotenv) is not installed in minimal env
SKIPPED [1] tests/test_feature_collection.py:10: live Binance websocket test (set RUN_LIVE_TESTS=1 to enable)
SKIPPED [1] tests/test_metrics_drift_integration.py:6: LEGACY: drift_monitor module removed; replaced by monitoring in runtime domains.
SKIPPED [1] tests/test_resolve.py:3: Dev utility script (python-dotenv not installed in minimal env)
SKIPPED [2] tests/adapters/test_binance_adapter.py:161: Test has state conflicts in full test suite - run separately
SKIPPED [2] tests/adapters/test_binance_adapter.py:225: Test has state conflicts in full test suite - run separately
SKIPPED [1] tests/domains/test_config_loader.py:200: Cannot test missing keys when real API keys are present in environment
SKIPPED [12] tests/integration/test_config_startup_validation.py: Complex config validation with multiple trading modes
SKIPPED [3] tests/integration/test_daily_gate_block_open.py: Requires complex FSM daily_gate initialization
SKIPPED [7] tests/integration/test_exposure_release_hooks.py: Requires complex FSM exposure_guard state management
SKIPPED [1] tests/integration/test_features_full_chain_happy.py:16: Complex async domain integration chain
SKIPPED [1] tests/integration/test_graceful_shutdown.py:7: LEGACY: Graceful shutdown flow may have changed - requires architectural review
SKIPPED [1] tests/integration/test_happy_path_dec_open.py:8: Complex OpenFlowFSM and ExposureGuard integration
SKIPPED [1] tests/integration/test_live_bridge_to_marketdata.py:14: Complex async market data domain integration
SKIPPED [3] tests/integration/test_open_exposure_guard.py: Requires complex portfolio and FSM state setup
SKIPPED [6] tests/integration/test_panic_killswitch.py: Requires complex FSM portfolio state initialization
SKIPPED [1] tests/integration/test_statdump_endpoint.py:7: LEGACY: /statdump endpoint may have been removed or renamed - verify current API
SKIPPED [1] tests/test_ws_direct.py:12: Requires running WebSocket server on localhost:8000
SKIPPED [1] tests/unit/test_qos_nrr012.py:19: Method _qos_allow does not exist in DecisionMaking - legacy test
SKIPPED [1] tests/unit/test_qos_nrr012.py:93: Method _symbol_cooldown_semantics does not exist in DecisionMaking - legacy test
SKIPPED [1] tests/unit/test_qos_nrr012.py:156: Method _update_intent_count does not exist in DecisionMaking - legacy test
SKIPPED [1] tests/units/test_vfoundation_binance_adapter_unit.py:82: Methods _is_code_1021 and _make_binance_error not found in module
ERROR tests/runtime/test_config_contract_block_normalization.py::TestConfigContractNormalization::test_central_catcher_normalization
ERROR tests/runtime/test_config_contract_block_normalization.py::TestConfigContractNormalization::test_mr_gateway_catcher
FAILED tests/domains/decision_making/test_mean_reversion_bar_logging.py::TestMeanReversionBarLogging::test_log_bar_creation
FAILED tests/domains/decision_making/test_mean_reversion_bar_logging.py::TestMeanReversionBarLogging::test_log_signal_generation
FAILED tests/domains/decision_making/test_task47_btc_dual_strategy_intents.py::test_task47_btc_dual_strategy_can_emit_intents_in_different_windows
FAILED tests/integration/test_mean_reversion_handler_event_contract_v1.py::test_emits_strategy_signal_with_schema_version
FAILED tests/integration/test_mean_reversion_handler_event_contract_v1.py::test_out_of_order_tick_does_not_emit_signal
FAILED tests/integration/test_mean_reversion_logging_metrics.py::test_mean_reversion_logs_signal_with_indicators
FAILED tests/integration/test_mean_reversion_runtime_e2e_chain.py::test_mean_reversion_e2e_tick_to_intent_chain
FAILED tests/integration/test_mean_reversion_runtime_e2e_chain_prod_sizing.py::test_mean_reversion_e2e_chain_with_real_margin_first_sizing_multi_symbol[case0]
FAILED tests/integration/test_mean_reversion_runtime_e2e_chain_prod_sizing.py::test_mean_reversion_e2e_chain_with_real_margin_first_sizing_multi_symbol[case1]
FAILED tests/integration/test_mean_reversion_runtime_e2e_chain_prod_sizing.py::test_mean_reversion_e2e_chain_with_real_margin_first_sizing_multi_symbol[case2]
FAILED tests/integration/test_mean_reversion_runtime_e2e_chain_prod_sizing.py::test_mean_reversion_e2e_chain_with_real_margin_first_sizing_multi_symbol[case3]
FAILED tests/integration/test_mean_reversion_runtime_e2e_chain_prod_sizing.py::test_mean_reversion_e2e_chain_with_real_margin_first_sizing_multi_symbol[case4]
FAILED tests/integration/test_mean_reversion_runtime_e2e_chain_prod_sizing.py::test_mean_reversion_e2e_chain_with_real_margin_first_sizing_multi_symbol[case5]
FAILED tests/runtime/test_p1_instrument_overrides_no_fallbacks.py::test_decision_making_contract_missing_sl
FAILED tests/unit/decision_making/test_monitoring_safety.py::TestMonitoringSafety::test_dm_initialization_counters
FAILED tests/unit/decision_making/test_monitoring_safety.py::TestMonitoringSafety::test_record_accepted_intent_safety
FAILED tests/unit/decision_making/test_monitoring_safety.py::TestMonitoringSafety::test_record_blocked_intent_safety
= 17 failed, 1915 passed, 59 skipped, 6 deselected, 2 errors in 60.59s (0:01:00) =
--- Logging error ---
Traceback (most recent call last):
  File "/usr/lib/python3.12/logging/__init__.py", line 1163, in emit
    stream.write(msg + self.terminator)
ValueError: I/O operation on closed file.
Call stack:
  File "/home/wekabeka/Музыка/Phenix/apps/reference/domains/market_data/proxy.py", line 357, in _cleanup_worker
    LOG.info("Worker process already stopped")
Message: 'Worker process already stopped'
Arguments: ()
