============================= test session starts ==============================
platform linux -- Python 3.12.3, pytest-9.0.1, pluggy-1.6.0
rootdir: /home/wekabeka/Музыка/Phenix
configfile: pytest.ini
testpaths: tests, apps/reference/domains/feature_engineering/tests, apps/reference/domains/decision_making/tests
plugins: asyncio-1.3.0, anyio-4.11.0, aiohttp-1.1.0, cov-7.0.0
asyncio: mode=Mode.STRICT, debug=False, asyncio_default_fixture_loop_scope=None, asyncio_default_test_loop_scope=function
collected 1990 items / 17 deselected / 13 skipped / 1973 selected

tests/adapters/test_binance_adapter.py .......s..s.......s..s            [  1%]
tests/adapters/test_binance_leverage_hedge_mode.py ..............        [  1%]
tests/api/test_api_health.py .                                           [  1%]
tests/api/test_api_main.py ....                                          [  2%]
tests/api/test_api_no_deprecated_imports.py .                            [  2%]
tests/api/test_api_prod_metrics_smoke.py .....                           [  2%]
tests/api/test_api_security.py ...                                       [  2%]
tests/audit/test_critical_fixes.py ...........                           [  3%]
tests/audit/test_execution_position_dead_modules_event_emission.py ...   [  3%]
tests/bugfixes/test_p1_002_adapter_precision.py .                        [  3%]
tests/config/test_brackets_fail_closed.py ......                         [  3%]
tests/config/test_config_forensics.py ....                               [  3%]
tests/config/test_config_mr_risk_gate_none_fix_01.py ...                 [  3%]
tests/config/test_config_requires_execution_leverage_fields.py ......... [  4%]
.....                                                                    [  4%]
tests/config/test_config_strategy_ssot_freeze.py ...........             [  5%]
tests/config/test_config_symbols_one_truth.py ......                     [  5%]
tests/config/test_decision_making_fail_closed.py ..........              [  6%]
tests/config/test_directional_sanity_ssot_strict_live.py .               [  6%]
tests/config/test_execution_cooldown_after_close_from_yaml_v1.py .       [  6%]
tests/config/test_exposure_guard_config.py .......                       [  6%]
tests/config/test_fail_closed_config_loading.py .........                [  6%]
tests/config/test_feature_engineering_strict_extra_forbid.py .           [  6%]
tests/config/test_features_yaml_deprecated_strict.py ...                 [  7%]
tests/config/test_loader_rejects_config_meta_keys.py .                   [  7%]
tests/config/test_mean_reversion_yaml_contract.py .                      [  7%]
tests/config/test_mr_trading_yaml_deprecated_strict.py .....             [  7%]
tests/config/test_no_null_max_risk_score_sentinels.py .                  [  7%]
tests/config/test_optional_required_null_autofill.py .                   [  7%]
tests/config/test_regime_yaml_strict_validation.py ...                   [  7%]
tests/config/test_root_forbid_extra_keys.py ..                           [  7%]
tests/config/test_sizing_margin_first_ssot.py ..                         [  7%]
tests/config/test_strategies_registry_strict.py ......                   [  8%]
tests/config/test_strategy_profiles_registry_load.py ....                [  8%]
tests/config/test_strict_default_and_ci_gates.py .........               [  8%]
tests/config/test_strict_forbid_typos.py .                               [  8%]
tests/config/test_task28_hybrid_mode_config_contract.py .                [  9%]
tests/config/test_task28_schema_no_optional_required_trap.py ....        [  9%]
tests/config/test_task47_config_dedup_and_debug_flags.py ...             [  9%]
tests/config/test_task53_config_loader_fail_closed_contracts.py ........ [  9%]
...                                                                      [  9%]
tests/config/test_task53_no_silent_fallbacks_scan.py ......              [ 10%]
tests/config/test_task53_numeric_params_reach_runtime.py ............... [ 10%]
.                                                                        [ 11%]
tests/config/test_task54_weight_key_validation.py ...........            [ 11%]
tests/config/test_timeframe_sec_ssot_precedence.py ...                   [ 11%]
tests/config/test_toplevel_forbid_enforcement.py ...........             [ 12%]
tests/config/test_typed_dict_any_configs.py .................            [ 13%]
tests/contracts/test_anti_zombie_guard.py ..                             [ 13%]
tests/contracts/test_decision_blocked_schema.py ..                       [ 13%]
tests/contracts/test_exchange_filters_validation.py ..................   [ 14%]
tests/contracts/test_inflight_reconcile.py ........................      [ 15%]
tests/contracts/test_intent_deferred_schema_additive.py ...              [ 15%]
tests/contracts/test_regime_allowlist.py .......................         [ 16%]
tests/domains/decision_making/test_aurora_builtin_plugin.py ....         [ 17%]
tests/domains/decision_making/test_aurora_handler.py .........           [ 17%]
tests/domains/decision_making/test_aurora_holding_period.py ............ [ 18%]
...                                                                      [ 18%]
tests/domains/decision_making/test_aurora_reentry_cooldown.py .....      [ 18%]
tests/domains/decision_making/test_aurora_scoring_kernel.py .........    [ 18%]
tests/domains/decision_making/test_aurora_vol_adj_gates.py ...........   [ 19%]
tests/domains/decision_making/test_decision_context_missing_fields_v1.py . [ 19%]
.                                                                        [ 19%]
tests/domains/decision_making/test_decisionmaking_degraded_context_gate_v1.py . [ 19%]
                                                                         [ 19%]
tests/domains/decision_making/test_deferred_intent_scheduler_timebase_v1.py . [ 19%]
.                                                                        [ 19%]
tests/domains/decision_making/test_degraded_context_gate_config_wiring_strategy_gateway_v1.py . [ 19%]
                                                                         [ 19%]
tests/domains/decision_making/test_direction_strength_scoring_v1.py .... [ 20%]
                                                                         [ 20%]
tests/domains/decision_making/test_directional_sanity_gate.py ...        [ 20%]
tests/domains/decision_making/test_flip_initiate_direct_cmd_close.py ... [ 20%]
..                                                                       [ 20%]
tests/domains/decision_making/test_flip_orchestration_v1.py ..........   [ 20%]
tests/domains/decision_making/test_flip_per_symbol_config.py ........... [ 21%]
.                                                                        [ 21%]
tests/domains/decision_making/test_mean_reversion_emit_trade_intent_mode.py . [ 21%]
...                                                                      [ 21%]
tests/domains/decision_making/test_mean_reversion_handler_config_wiring.py . [ 21%]
.                                                                        [ 21%]
tests/domains/decision_making/test_mean_reversion_handler_hardening_v1.py . [ 21%]
...............                                                          [ 22%]
tests/domains/decision_making/test_mr_risk_gate_none_fix_01.py ...       [ 22%]
tests/domains/decision_making/test_normalized_reject_reasons_sizing_mapping_v1.py . [ 22%]
.................                                                        [ 23%]
tests/domains/decision_making/test_portfolio_state_payload_schema_v1.py . [ 23%]
.                                                                        [ 23%]
tests/domains/decision_making/test_position_mode_pyramiding_v1.py ....   [ 24%]
tests/domains/decision_making/test_qos_partitioning.py ......            [ 24%]
tests/domains/decision_making/test_qos_strategy_allowlist.py .....       [ 24%]
tests/domains/decision_making/test_regime_flip_close.py ......           [ 24%]
tests/domains/decision_making/test_side_bias_window_updates_v1.py .      [ 24%]
tests/domains/decision_making/test_sizing_margin_first.py ...            [ 25%]
tests/domains/decision_making/test_sizing_margin_first_runtime.py ...    [ 25%]
tests/domains/decision_making/test_task32_dm_no_hardcoded_strategy_imports.py . [ 25%]
                                                                         [ 25%]
tests/domains/decision_making/test_task40_one_open_order_guard.py ...    [ 25%]
tests/domains/execution_position/test_aurora_log_adapter_contracts_v1.py . [ 25%]
....                                                                     [ 25%]
tests/domains/execution_position/test_close_flow_cmd_close_always_emits_dec_close.py . [ 25%]
                                                                         [ 25%]
tests/domains/execution_position/test_drift_monitor_contracts_v1.py .... [ 25%]
.....                                                                    [ 26%]
tests/domains/execution_position/test_execpos_contract_diagnostics_v1.py . [ 26%]
.....                                                                    [ 26%]
tests/domains/execution_position/test_execpos_cooldown_after_close_v1.py . [ 26%]
.                                                                        [ 26%]
tests/domains/execution_position/test_execpos_event_ordering_v1.py ....  [ 26%]
tests/domains/execution_position/test_execpos_exposure_fail_closed_terminal_v1.py . [ 26%]
...                                                                      [ 27%]
tests/domains/execution_position/test_execpos_fsm_recovery_ordering_v2.py . [ 27%]
.............................                                            [ 28%]
tests/domains/execution_position/test_execpos_fsm_routing_recovery_v1.py . [ 28%]
........                                                                 [ 28%]
tests/domains/execution_position/test_execpos_manage_contracts_v1.py ... [ 29%]
...                                                                      [ 29%]
tests/domains/execution_position/test_execpos_manage_scenarios_v1.py ... [ 29%]
.........                                                                [ 29%]
tests/domains/execution_position/test_execpos_max_hold_close_executes_adapter_v1.py . [ 29%]
                                                                         [ 29%]
tests/domains/execution_position/test_execpos_max_hold_close_routed_v1.py . [ 30%]
                                                                         [ 30%]
tests/domains/execution_position/test_execpos_processed_events_cap_v1.py . [ 30%]
                                                                         [ 30%]
tests/domains/execution_position/test_exposure_guard_matrix_v1.py ...... [ 30%]
........                                                                 [ 30%]
tests/domains/execution_position/test_leverage_fsm_integration.py ...    [ 30%]
tests/domains/execution_position/test_leverage_service.py ..........     [ 31%]
tests/domains/execution_position/test_leverage_wiring.py .....           [ 31%]
tests/domains/execution_position/test_metrics_collector_contracts_v1.py . [ 31%]
.........                                                                [ 32%]
tests/domains/execution_position/test_open_flow_fsm_leverage_and_guards_v1.py . [ 32%]
.......                                                                  [ 32%]
tests/domains/execution_position/test_order_guardian_contracts_v1.py ... [ 32%]
........                                                                 [ 33%]
tests/domains/execution_position/test_order_index_contracts_v1.py ...... [ 33%]
                                                                         [ 33%]
tests/domains/execution_position/test_precision_min_notional.py .....    [ 33%]
tests/domains/execution_position/test_soft_clip_engine_leverage_v1.py .. [ 33%]
                                                                         [ 33%]
tests/domains/execution_position/test_soft_clip_integration_execpos_v1.py . [ 33%]
                                                                         [ 33%]
tests/domains/execution_position/test_task49_atomic_entry_reserve.py ... [ 34%]
..............                                                           [ 34%]
tests/domains/execution_position/test_task50_qty_normalizer.py ......... [ 35%]
....................                                                     [ 36%]
tests/domains/feature_engineering/test_price_motion_math_v1.py ......... [ 36%]
.                                                                        [ 36%]
tests/domains/feature_engineering/test_task30_macro_sync_resampler_math.py . [ 36%]
....                                                                     [ 36%]
tests/domains/feature_engineering/test_task31_large_trade_imbalance_math.py . [ 36%]
....                                                                     [ 37%]
tests/domains/market_data/test_task30_anchor_ts_propagation.py ..        [ 37%]
tests/domains/market_data/test_task31_ws_aggregator_trade_qty_preserved.py . [ 37%]
.                                                                        [ 37%]
tests/domains/position_tracking/test_task47_disable_stale_gate.py ..     [ 37%]
tests/domains/risk_management/test_daily_gate_drawdown_8pct.py ......    [ 37%]
tests/domains/risk_management/test_task47_disable_daily_loss_limit.py .. [ 37%]
                                                                         [ 37%]
tests/domains/strategies/test_task32_strategy_plugin_registry.py ..      [ 38%]
tests/domains/test_aurora_log_adapter.py .                               [ 38%]
tests/domains/test_bar_resampler.py .............................        [ 39%]
tests/domains/test_calculation_engine.py .........                       [ 39%]
tests/domains/test_config_loader.py ...........s......                   [ 40%]
tests/domains/test_contracts.py .                                        [ 40%]
tests/domains/test_decision_making_trade_intent_validation.py ...        [ 41%]
tests/domains/test_execution_position_contracts.py ..................... [ 42%]
..                                                                       [ 42%]
tests/domains/test_execution_position_utils.py ......................... [ 43%]
............                                                             [ 44%]
tests/domains/test_indicators.py ..........................              [ 45%]
tests/domains/test_mean_reversion_strategy.py .......................... [ 46%]
.....                                                                    [ 47%]
tests/domains/test_metrics_collector.py .                                [ 47%]
tests/domains/test_regime_detector.py .....                              [ 47%]
tests/domains/test_regime_mapping.py ................................... [ 49%]
.............                                                            [ 49%]
tests/domains/test_tpsl_config_production.py ........................... [ 51%]
                                                                         [ 51%]
tests/domains/test_watchdog_polling_fix.py ..                            [ 51%]
tests/dr/test_dr_loader.py .........                                     [ 51%]
tests/e2e/test_e2e_bridge_intent_to_execpos_dec_open.py .                [ 51%]
tests/e2e/test_e2e_dm_directional_sanity_blocks_long_sol_downtrend.py .  [ 51%]
tests/e2e/test_s1_warmup_gate.py ...                                     [ 51%]
tests/e2e/test_s2_macro_sync_async.py ...                                [ 52%]
tests/e2e/test_s3_volume_spike_dt.py ...                                 [ 52%]
tests/e2e/test_s4_regime_uncertain_ohlc.py ...                           [ 52%]
tests/e2e/test_s5_retry_scheduler_bounded.py ...                         [ 52%]
tests/e2e/test_s6_intent_order_idempotency.py ....                       [ 52%]
tests/e2e/test_s7_large_trade_imbalance_block_trade.py .                 [ 52%]
tests/integration/test_aurora_bridge_price_ctx_extraction.py .....       [ 53%]
tests/integration/test_aurora_core_flow.py .                             [ 53%]
tests/integration/test_binance_ws_order_index_correlation.py ..          [ 53%]
tests/integration/test_block_reasons_present.py ...                      [ 53%]
tests/integration/test_bridge_capacity_gate.py ......                    [ 53%]
tests/integration/test_bridge_dispatch_close_from_reduce_only_intent.py . [ 53%]
                                                                         [ 53%]
tests/integration/test_bridge_intent_deferred_v1_retry.py .              [ 53%]
tests/integration/test_bridge_reduce_only_close_routing.py .             [ 53%]
tests/integration/test_config_startup_validation.py ssssssssssss         [ 54%]
tests/integration/test_daily_gate_block_open.py sss                      [ 54%]
tests/integration/test_decision_qos_features_burst.py .                  [ 54%]
tests/integration/test_decision_to_execution_flow.py .                   [ 54%]
tests/integration/test_decisionmaking_reason_taxonomy_contract_v1.py .   [ 54%]
tests/integration/test_depth_imbalance_config_contract.py .              [ 54%]
tests/integration/test_depth_imbalance_reachability_buy_sell.py .        [ 54%]
tests/integration/test_depth_imbalance_signal_contract.py .              [ 54%]
tests/integration/test_depth_imbalance_tick_path_smoke.py .              [ 54%]
tests/integration/test_directional_sanity_sol_downtrend_no_long_open.py . [ 54%]
                                                                         [ 54%]
tests/integration/test_dm_logger_writes.py .                             [ 55%]
tests/integration/test_end_to_end_analytics_to_execution.py .            [ 55%]
tests/integration/test_execpos_fail_closed_wal_integration_v1.py .       [ 55%]
tests/integration/test_execpos_open_flow_decision_v1.py .                [ 55%]
tests/integration/test_exposure_release_hooks.py sssssss                 [ 55%]
tests/integration/test_features_full_chain_happy.py s                    [ 55%]
tests/integration/test_flip_vertical_dm_bridge_execpos.py .              [ 55%]
tests/integration/test_graceful_shutdown.py s                            [ 55%]
tests/integration/test_happy_path_dec_open.py s                          [ 55%]
tests/integration/test_live_bridge_to_marketdata.py s                    [ 55%]
tests/integration/test_macro_resid_async.py ..                           [ 55%]
tests/integration/test_main_logging_idempotent.py .                      [ 55%]
tests/integration/test_mean_reversion_handler_event_contract_v1.py ....  [ 56%]
tests/integration/test_metrics_summary.py .....                          [ 56%]
tests/integration/test_open_exposure_guard.py sss                        [ 56%]
tests/integration/test_order_lifecycle_scenarios.py .....                [ 56%]
tests/integration/test_panic_killswitch.py ssssss                        [ 57%]
tests/integration/test_price_motion_sanity_blocks_entry.py ...           [ 57%]
tests/integration/test_regime_detector_event_flow.py ...                 [ 57%]
tests/integration/test_resilience_scenarios.py ....                      [ 57%]
tests/integration/test_sizing_gateway_margin_first.py .                  [ 57%]
tests/integration/test_startup.py 