============================= test session starts ==============================
platform linux -- Python 3.12.3, pytest-9.0.1, pluggy-1.6.0
rootdir: /home/wekabeka/Музыка/Phenix
configfile: pytest.ini
testpaths: tests, apps/reference/domains/feature_engineering/tests, apps/reference/domains/decision_making/tests
collected 335 items / 5 errors / 3 skipped

==================================== ERRORS ====================================
___________ ERROR collecting tests/adapters/test_binance_adapter.py ____________
ImportError while importing test module '/home/wekabeka/Музыка/Phenix/tests/adapters/test_binance_adapter.py'.
Hint: make sure your test modules/packages have valid Python names.
Traceback:
/usr/lib/python3.12/importlib/__init__.py:90: in import_module
    return _bootstrap._gcd_import(name[level:], package, level)
           ^^^^^^^^^^^^^^^^^^^^^^^^^^^^^^^^^^^^^^^^^^^^^^^^^^^^
tests/adapters/test_binance_adapter.py:4: in <module>
    from apps.reference.adapters.binance_adapter import BinanceAdapter
apps/reference/adapters/__init__.py:10: in <module>
    from .binance_adapter import BinanceAdapter, BinanceAPIError
apps/reference/adapters/binance_adapter.py:22: in <module>
    import httpx
E   ModuleNotFoundError: No module named 'httpx'
________________ ERROR collecting tests/api/test_api_health.py _________________
ImportError while importing test module '/home/wekabeka/Музыка/Phenix/tests/api/test_api_health.py'.
Hint: make sure your test modules/packages have valid Python names.
Traceback:
/usr/lib/python3.12/importlib/__init__.py:90: in import_module
    return _bootstrap._gcd_import(name[level:], package, level)
           ^^^^^^^^^^^^^^^^^^^^^^^^^^^^^^^^^^^^^^^^^^^^^^^^^^^^
tests/api/test_api_health.py:3: in <module>
    from fastapi.testclient import TestClient
E   ModuleNotFoundError: No module named 'fastapi'
_______________ ERROR collecting tests/api/test_api_security.py ________________
ImportError while importing test module '/home/wekabeka/Музыка/Phenix/tests/api/test_api_security.py'.
Hint: make sure your test modules/packages have valid Python names.
Traceback:
/usr/lib/python3.12/importlib/__init__.py:90: in import_module
    return _bootstrap._gcd_import(name[level:], package, level)
           ^^^^^^^^^^^^^^^^^^^^^^^^^^^^^^^^^^^^^^^^^^^^^^^^^^^^
tests/api/test_api_security.py:8: in <module>
    from fastapi.testclient import TestClient
E   ModuleNotFoundError: No module named 'fastapi'
_______ ERROR collecting tests/bugfixes/test_p1_002_adapter_precision.py _______
ImportError while importing test module '/home/wekabeka/Музыка/Phenix/tests/bugfixes/test_p1_002_adapter_precision.py'.
Hint: make sure your test modules/packages have valid Python names.
Traceback:
/usr/lib/python3.12/importlib/__init__.py:90: in import_module
    return _bootstrap._gcd_import(name[level:], package, level)
           ^^^^^^^^^^^^^^^^^^^^^^^^^^^^^^^^^^^^^^^^^^^^^^^^^^^^
tests/bugfixes/test_p1_002_adapter_precision.py:8: in <module>
    import aiohttp
E   ModuleNotFoundError: No module named 'aiohttp'
_ ERROR collecting tests/integration/test_binance_ws_order_index_correlation.py _
ImportError while importing test module '/home/wekabeka/Музыка/Phenix/tests/integration/test_binance_ws_order_index_correlation.py'.
Hint: make sure your test modules/packages have valid Python names.
Traceback:
/usr/lib/python3.12/importlib/__init__.py:90: in import_module
    return _bootstrap._gcd_import(name[level:], package, level)
           ^^^^^^^^^^^^^^^^^^^^^^^^^^^^^^^^^^^^^^^^^^^^^^^^^^^^
tests/integration/test_binance_ws_order_index_correlation.py:3: in <module>
    from apps.reference.adapters.binance_ws_client import BinanceWebSocketClient
apps/reference/adapters/__init__.py:10: in <module>
    from .binance_adapter import BinanceAdapter, BinanceAPIError
apps/reference/adapters/binance_adapter.py:22: in <module>
    import httpx
E   ModuleNotFoundError: No module named 'httpx'
=========================== short test summary info ============================
ERROR tests/adapters/test_binance_adapter.py
ERROR tests/api/test_api_health.py
ERROR tests/api/test_api_security.py
ERROR tests/bugfixes/test_p1_002_adapter_precision.py
ERROR tests/integration/test_binance_ws_order_index_correlation.py
!!!!!!!!!!!!!!!!!!!!!!!!!! stopping after 5 failures !!!!!!!!!!!!!!!!!!!!!!!!!!!
========================= 3 skipped, 5 errors in 0.29s =========================
