============================= test session starts ==============================
platform linux -- Python 3.12.3, pytest-9.0.1, pluggy-1.6.0
rootdir: /home/wekabeka/Музыка/Phenix
configfile: pytest.ini
collected 143 items

tests/unit/decision_making/test_fail_closed_config.py .......            [  4%]
tests/unit/decision_making/test_side_bias_fail_closed.py ....            [  7%]
tests/unit/decision_making/test_signal_score_v2.py .......               [ 12%]
tests/unit/feature_engineering/test_ready_map_basic_features.py ....     [ 15%]
tests/unit/feature_integrity/test_p0_fixes.py ........................   [ 32%]
tests/unit/feature_integrity/test_r1r2_features.py ...............       [ 42%]
tests/unit/test_idempotent_cancel.py .................                   [ 54%]
tests/unit/test_idempotent_cancel_logic.py ......                        [ 58%]
tests/unit/test_metrics_aggregator.py .................                  [ 70%]
tests/unit/test_metrics_collector.py .........                           [ 76%]
tests/unit/test_nrr_mapping_catalog.py .....                             [ 80%]
tests/unit/test_phase6_integration.py ..........                         [ 87%]
tests/unit/test_qos_nrr012.py sss                                        [ 89%]
tests/unit/test_soft_clip_engine.py ........                             [ 95%]
tests/unit/test_utils_event_bus.py .......                               [100%]

======================== 140 passed, 3 skipped in 0.30s ========================
